-1
-1
-1
-1
-1
-1
-1
-1
-1
-1
-1
-1
-1
-1
-1
-1
-1
-1
-1
-1
-1
-1
-1
-1
-1
-1
-1
-1
-1
-1
-1
-1
-1
-1
-1
-1
-1
-1
-1
-1
-1
-1
-1
-1
-1
-1
-1
-1
-1
-1
-1
-1
-1
-1
-1
-1
-1
-1
-1
-1
-1
-1
-1
-1
-1
-1
-1
-1
-1
-1
-1
-1
-1
-1
-1
-1
-1
-1
-1
-1
-1
-1
-1
-1
-1
-1
-1
-1
-1
-1
-1
-1
-1
-1
-1
-1
-1
-1
-1
-1
-1
-1
-1
-1
-1
-1
-1
-1
-1
-1
-1
-1
-1
-1
-1
-1
-1
-1
-1
-1
-1
-1
-1
-1
-1
-1
-1
-1
-1
-1
-1
-1
-1
-1
-1
-1
-1
-1
-1
-1
-1
-1
-1
-1
-1
-1
-1
-1
-1
-1
-1
-1
-1
-1
-1
-1
-1
-1
-1
-1
-1
-1
-1
-1
-1
-1
-1
-1
-1
-1
-1
-1
-1
-1
-1
-1
-1
-1
-1
-1
-1
-1
-1
-1
-1
-1
-1
-1
-1
-1
-1
-1
-1
-1
-1
-1
-1
-1
-1
-1
-1
-1
-1
-1
-1
174020
174020
169091
169091
169091
169091
169091
169091
169091
165187
159599
158318
157414
157414
157414
157414
157414
155508
154196
154196
154196
154196
154196
154196
154196
154196
154196
150681
150681
150681
150681
150681
149510
146114
146114
146114
146114
146114
143605
143605
143605
143605
143605
143605
143605
142272
142272
142272
142272
142035
142035
142035
142035
140713
140463
140463
139597
139597
139597
139597
139142
139142
139142
139142
139142
139142
139142
139142
137798
137798
137798
137798
137798
136085
134972
134376
134376
131878
131878
131878
130035
130035
130035
130035
130035
130035
128589
128589
128296
128296
128296
128296
127277
127277
127277
127277
127277
126424
126424
125026
123846
123846
123846
123846
123846
123846
123846
123846
123846
123846
123846
123846
123803
123229
121519
121387
121387
121387
120379
120379
120379
119692
119692
119692
118848
115946
115946
115946
114581
114058
112794
112794
112794
112794
112794
112794
112794
112794
112794
112794
110701
109501
109501
109501
109501
109501
109420
109420
109420
107222
107222
107222
107222
107222
107222
107222
105872
104754
104754
104754
104754
104669
104669
104669
103787
103787
103787
103787
103787
103787
101575
101575
101575
101575
101575
101575
101575
101575
101575
101171
101171
101171
101171
101171
101171
100809
100809
100809
100012
100012
100012
100012
100012
100012
100012
100012
99077
97329
96235
96235
96235
96235
96235
96235
96235
96235
96235
96235
95250
94643
94643
94643
94643
93542
93542
93542
93542
92940
91684
91672
90971
90531
90531
89487
89487
89487
89487
89487
89487
89389
89389
89389
89389
89389
89389
89389
89389
89389
89389
89389
87896
87896
87546
87546
87546
87546
87546
87126
87126
87126
87126
87126
87126
87126
87126
87126
86125
86125
86125
86125
86125
85947
85947
85947
85947
85947
85947
85947
85036
85036
85036
85036
85036
85036
85036
85036
85036
85036
85036
85036
85036
85036
85036
85036
85036
85036
85036
81438
81438
81438
81438
81438
81438
80781
79328
79328
79328
79328
79328
79328
79328
79328
79328
79328
79328
79328
78895
78895
78895
78895
78895
78895
78895
78895
77624
77191
77191
77191
77191
77191
77191
77191
77191
76359
76359
76359
75952
74701
74701
74701
74701
74701
74701
74701
74701
74701
74701
74701
74701
72658
71890
71890
70932
70269
70269
70269
70269
70269
70269
70269
69893
69893
69893
69893
69893
68879
68879
68879
68879
68879
68879
68879
68879
68879
68441
68441
68441
68441
68441
68441
67981
67981
67326
67326
67326
67326
67326
67326
67326
67326
67326
67326
67326
67326
67326
67326
67326
67326
67326
67326
67326
67326
67326
67326
67326
67034
67034
67034
67034
67034
67034
67034
67034
67034
67034
67034
67034
66657
66657
65444
65444
65444
65444
65444
65444
65444
65444
65444
65444
65444
65444
65163
65163
65163
65163
65163
65163
64159
64159
64159
64159
63249
63249
63249
62080
62080
62080
62080
62080
60634
60634
60634
60634
60634
60127
59206
59206
59206
59206
59206
59206
59206
59206
59206
59206
59206
59206
59206
59206
59206
58312
58312
58312
58312
58312
58312
58312
58312
57881
57881
57881
57881
57881
57881
57881
57881
57881
57881
57881
57881
57881
57881
57881
57881
57245
57245
57245
57245
56293
56293
56293
56293
56293
56293
56293
56293
56293
56293
56293
56293
55128
55081
55081
55081
55081
55081
55081
55081
55081
55081
54325
54325
54325
54325
54325
53993
53993
53993
53993
53862
53862
53862
53862
53862
53862
53862
52933
52933
52933
52902
52902
52902
52902
52902
51888
51888
51888
51541
51541
51012
51012
49605
48635
48635
48635
48635
48635
48635
48635
48635
48635
48635
48635
47627
47627
47627
47627
47627
47627
47627
47207
47207
47207
47207
47207
47207
47207
47207
47207
47207
47207
46454
46454
46454
46454
46454
45989
45989
45989
45989
45989
45989
45989
45989
45989
45989
45989
45264
45264
45264
45264
45264
45264
45264
45264
45264
45264
45264
45264
45264
45264
45264
45264
45264
43642
43642
42462
42462
42462
42462
42462
42462
42462
42462
42462
42462
42462
42462
41758
41758
41758
41758
41758
41758
41758
41758
41758
41758
41758
41758
41758
41758
41758
41758
41758
41758
41758
41758
41758
41758
41758
41758
41758
41758
41758
41758
41758
41758
41758
41758
41758
39999
39101
39101
39101
39101
39101
39101
39101
39101
39101
39101
39101
39101
39048
39048
38433
38433
38433
38433
38433
38433
38433
38433
38433
38433
38433
38433
38433
38433
38433
38433
38433
37030
37030
37030
37030
37030
37030
37030
37030
37030
37030
37030
37030
36634
36634
36634
36634
36634
36634
36634
36634
36634
36634
36634
36634
36634
36634
36634
36634
36634
36634
36634
36634
36634
36634
36634
36634
36634
36634
36634
36634
36634
36634
36634
36634
36634
36634
36634
36634
36634
36634
36634
36634
36634
36634
36634
36634
36634
36634
36634
36634
36634
36634
36634
36634
36634
36634
36634
36634
36634
36634
36634
35857
35857
35857
35857
35857
35857
35857
35642
35642
35642
35642
35642
35642
35642
35642
35642
35642
35642
35642
35642
35642
35642
35642
35642
35642
35642
35642
35642
35642
35642
35642
35642
35642
35642
35642
35642
35642
35642
35642
35642
35642
35642
35642
35642
35642
35642
35642
35642
35642
35642
35642
35172
35172
35172
35172
35172
34376
34376
34376
34376
34376
34376
34376
34237
34237
34237
34237
33987
33637
33637
33637
33637
32921
32921
32921
32921
32921
32921
32921
32921
31855
31855
31855
31855
31855
31855
31855
31855
31855
30641
30641
30641
30641
30641
30641
30641
30641
30319
30319
30319
30319
30319
30160
29748
29748
29748
29748
29748
29748
29748
29748
29748
29125
29125
29125
29125
29125
29125
29125
29125
29125
29125
29125
29125
29125
29104
28578
28578
28578
28578
28578
28578
28578
28358
28358
28358
28358
28358
28358
28358
28358
28358
28358
28358
28358
28058
28058
28058
28058
28058
28058
28058
28058
28058
28058
28058
28058
28058
28058
27841
27841
27841
27841
27841
27841
27841
27841
27841
27841
27841
27773
27773
27773
27773
27773
27773
27579
27579
27579
27579
27579
27579
27579
27579
27579
27287
27287
27287
27287
27287
27287
27287
27046
27046
27046
27046
27046
27046
27046
27046
27046
27046
27046
27046
27046
27046
27046
27046
27046
27046
27046
26575
26575
26575
26575
26575
26575
26575
26575
26575
26575
26575
26044
25662
25662
25662
25662
25662
25662
25662
25662
25662
25662
25662
25662
25662
25662
25662
25662
25662
25662
25662
25662
25662
25662
25662
25662
25662
25662
25662
25662
25662
25662
25662
25662
25662
25662
25662
25662
25662
25662
25662
25662
25662
25662
25662
25662
25662
25662
25662
25662
25662
25662
25024
25024
25024
25024
25024
25024
25024
25024
24526
24526
24526
24526
24526
24526
23941
23669
23669
23669
23669
23669
23669
23669
23669
23669
23669
23669
23669
23669
23669
23669
23669
23669
23669
23669
23669
23669
23669
23669
23669
23669
23669
23669
23669
23669
23669
23669
23669
23669
23669
23669
23669
23669
23669
23669
23669
23669
23669
23669
23669
23669
23669
23669
23669
23669
23669
23669
23669
23669
23669
23669
23669
23669
23669
23669
23669
23669
23669
23669
23669
23669
23669
23669
23669
23669
23669
23669
23669
23669
23669
22888
22888
22888
22888
22888
22888
22888
22888
22888
22888
22888
22888
22888
22888
22888
22888
22888
22888
22888
22888
22888
22888
22888
22888
22888
22888
22888
22888
22888
22888
22888
22888
22888
22888
22888
22888
22888
22888
22888
22888
22888
22888
22888
22888
22888
22888
22888
22888
22888
22888
22888
22888
22888
22838
22838
22838
22838
22838
22838
22838
22838
22838
22838
22838
22571
22571
22571
22571
22571
22571
22488
22488
22488
22488
22488
22488
22488
22488
22488
22488
22488
22488
22488
22488
22488
22488
22488
22488
22488
22488
22488
22488
22488
22488
22488
22488
22400
22284
22284
22284
22284
22284
22284
22284
22284
22284
22284
22284
22284
22284
22284
22284
22284
22284
22266
22266
22266
22266
22266
22266
22266
22266
22266
22266
22266
22266
22266
22266
22266
22266
22266
22266
22137
22137
22137
22137
22137
22137
22137
21993
21993
21993
21993
21993
21993
21993
21805
21805
21805
21805
21805
21561
21561
21561
21561
21561
21561
21561
21561
21561
21561
21561
21561
21561
21561
21561
21561
21561
21561
21561
21561
21561
21561
21561
21435
21435
21435
21435
21435
21435
21435
21435
21435
21435
21435
21435
21435
21435
21435
21435
21435
21435
21435
21435
21435
21435
21435
21435
21435
21435
21435
21435
21435
21435
21435
21435
21189
21189
21189
21189
21189
21189
21189
21189
21189
21189
21189
21189
21189
21189
21189
21189
21189
21189
21189
21189
21189
21189
21189
21189
21189
21189
21189
21189
21189
21189
21189
21189
21189
21189
21189
21189
21189
21189
21189
21189
21189
21189
21189
21189
21189
21189
21189
21189
21189
21189
21189
21189
21189
21189
21189
21189
21189
21189
21189
21189
21189
21189
21189
21189
21189
21189
21189
21189
21189
21189
21189
21189
21189
21189
21189
21189
21189
21189
21189
21189
21189
21189
21189
21189
21189
21189
21189
21189
21189
21189
21189
21189
21189
21189
21189
21189
21189
21189
21189
21189
21189
21189
21189
21189
21189
21189
21189
21189
21189
21189
21189
21189
21021
21021
21021
21021
21021
21021
21021
21021
21021
21021
21021
21021
21021
21021
21021
21021
20966
20966
20221
20221
20221
20221
20221
20221
20221
20221
20221
20221
20221
20221
20221
20221
20221
20221
20221
20221
20221
20221
20221
20221
20221
20221
20221
20221
20221
20221
20221
20221
20221
20221
20221
20221
20221
20221
20221
20221
20221
20221
20221
20171
20171
20171
20171
20171
20171
20171
20171
20171
20171
20171
20171
20171
20171
20171
20023
20023
20023
20023
20023
20023
20023
20023
20023
20023
20023
20023
20023
20023
20023
20023
19738
19738
19738
19738
19738
19738
19738
19738
19738
19738
19738
19738
19738
19738
19520
19520
19520
19520
19520
19520
19520
19520
19520
19520
19520
19520
19520
19520
19520
19321
19321
19321
19321
19321
19321
19321
19321
19321
19321
19321
19321
19321
19321
19321
19321
19321
19321
19321
19321
19321
18981
18981
18981
18981
18981
18981
18981
18945
18945
18945
18945
18945
18945
18945
18945
18945
18945
18945
18945
18945
18945
18945
18945
18945
18945
18945
18945
18945
18945
18945
18945
18945
18945
18945
18945
18945
18945
18945
18945
18945
18945
18945
18945
18945
18945
18945
18945
18945
18945
18945
18945
18945
18945
18945
18835
18835
18835
18835
18835
18835
18835
18835
18835
18835
18835
18835
18835
18835
18835
18835
18835
18835
18835
18835
18835
18835
18835
18835
18835
18835
18835
18835
18835
18835
18835
18835
18835
18835
18835
18835
18835
18835
18835
18835
18835
18835
18835
18835
18835
18835
18835
18835
18835
18835
18835
18835
18835
18835
18835
18835
18835
18835
18835
18835
18835
18835
18835
18835
18835
18835
18835
18835
18835
18835
18653
18653
18653
18653
18653
18653
18653
18653
18653
18653
18372
18372
18372
18372
18372
18372
18372
18372
18372
18372
18372
18160
18160
18160
18160
18160
18160
18160
18160
18160
18160
17817
17817
17817
17817
17817
17817
17817
17817
17817
17817
17817
17817
17393
17393
17393
17367
17367
17367
17367
17367
17367
17367
17367
17367
17367
17367
17367
17367
17367
17367
17367
17367
17367
17367
17367
17367
17367
17367
17367
17367
17367
17367
17367
17367
17367
17367
17367
17302
17302
17302
17054
17054
17054
17054
17054
17054
17054
17054
17054
17054
16864
16864
16864
16864
16864
16864
16864
16864
16864
16864
16864
16864
16864
16864
16864
16864
16864
16864
16864
16864
16864
16864
16864
16864
16864
16864
16864
16864
16864
16864
16864
16864
16864
16864
16864
16864
16864
16864
16864
16864
16864
16864
16864
16864
16864
16864
16864
16864
16864
16864
16864
16864
16864
16864
16864
16864
16864
16864
16864
16864
16864
16864
16864
16864
16864
16864
16864
16864
16864
16864
16537
16537
16537
16537
16537
16537
16537
16537
16537
16537
16096
16096
16096
16096
16096
16096
16096
16096
16096
16096
16096
16096
16096
16096
16096
16096
16096
16096
16096
16096
16096
16096
16096
15942
15942
15942
15942
15942
15942
15942
15942
15942
15942
15942
15942
15942
15942
15942
15942
15942
15942
15942
15942
15942
15811
15811
15811
15811
15811
15811
15811
15811
15811
15811
15811
15811
15811
15811
15811
15811
15811
15811
15811
15811
15811
15811
15811
15811
15811
15811
15811
15811
15811
15811
15811
15811
15811
15811
15811
15811
15811
15811
15811
15811
15811
15497
15497
15497
15491
15491
15491
15491
15491
15491
15491
15491
15491
15491
15491
15491
15491
15491
15491
15491
15491
15491
15491
15491
15491
15491
15491
15491
15039
15039
15039
15039
15039
15039
15039
15039
15039
15039
15039
15039
15039
14904
14904
14904
14904
14904
14904
14904
14904
14904
14904
14904
14904
14904
14904
14904
14904
14904
14904
14904
14731
14731
14731
14731
14731
14731
14731
14731
14731
14687
14687
14687
14687
14687
14687
14687
14687
14687
14687
14687
14687
14687
14687
14687
14687
14687
14687
14687
14687
14687
14687
14687
14687
14687
14687
14687
14687
14687
14687
14687
14687
14687
14687
14687
14687
14687
14687
14687
14687
14687
14687
14687
14687
14687
14687
14687
14687
14687
14687
14687
14687
14687
14687
14687
14687
14687
14687
14687
14687
14687
14687
14687
14687
14687
14687
14687
14687
14687
14687
14687
14687
14687
14687
14687
14687
14687
14687
14687
14687
14687
14687
14687
14687
14687
14687
14687
14687
14687
14687
14687
14687
14687
14687
14687
14687
14687
14687
14687
14687
14687
14687
14687
14687
14687
14687
14687
14353
14353
14270
14270
14270
14270
14270
14270
14270
14270
14270
14270
14270
14270
14270
14270
14270
14270
14270
14270
14270
14270
14270
14270
14270
14270
14270
14270
14270
14270
14270
14270
14270
14270
14270
14270
14270
14270
14270
14270
14270
14270
14270
14270
14270
14270
14270
14270
14270
14270
14270
14270
14270
14270
14270
14270
14270
14270
14270
14270
14270
14270
14270
14270
14270
14270
14270
14270
14270
14270
14270
14270
14270
14270
14270
14270
14270
14270
14270
14270
14270
14270
14270
14270
14270
14270
14270
14270
14270
14270
14270
14270
14270
14270
14270
14270
14270
14270
14270
14132
14132
14132
14132
14132
14132
14132
13874
13874
13874
13874
13874
13874
13874
13874
13874
13744
13744
13744
13744
13744
13744
13744
13744
13744
13744
13744
13744
13744
13744
13744
13744
13744
13744
13744
13744
13744
13744
13744
13744
13744
13744
13744
13744
13744
13744
13744
13744
13744
13744
13744
13744
13744
13744
13744
13744
13744
13744
13744
13744
13744
13744
13744
13744
13744
13744
13744
13744
13744
13744
13744
13744
13744
13744
13744
13744
13744
13744
13744
13744
13744
13744
13744
13744
13744
13744
13744
13744
13744
13744
13744
13744
13744
13744
13744
13744
13681
13681
13681
13681
13681
13681
13681
13681
13681
13681
13681
13681
13681
13681
13681
13681
13681
13681
13681
13681
13681
13681
13681
13681
13681
13681
13681
13681
13681
13681
13681
13681
13602
13602
13602
13602
13602
13602
13602
13602
13602
13602
13602
13602
13602
13602
13602
13602
13602
13602
13602
13602
13602
13602
13602
13602
13602
13602
13602
13602
13602
13602
13602
13602
13602
13602
13602
13602
13602
13602
13602
13602
13602
13602
13602
13602
13602
13602
13602
13602
13602
13602
13602
13602
13602
13602
13602
13602
13602
13602
13602
13602
13602
13602
13602
13602
13602
13602
13602
13602
13602
13602
13602
13602
13602
13602
13602
13602
13602
13602
13602
13602
13602
13602
13602
13602
13602
13602
13602
13602
13602
13602
13285
13285
13285
13285
13285
13285
13285
13285
13285
13285
13285
13285
13285
13285
13285
13285
13285
13285
13285
13285
13285
13285
13285
13285
13285
13285
13285
13138
13138
13138
13138
13138
13138
13138
13138
13138
13138
13138
13138
13138
13138
13138
13138
13138
13138
13138
12924
12924
12924
12924
12924
12924
12924
12924
12924
12924
12924
12924
12924
12924
12924
12924
12924
12924
12924
12924
12924
12924
12924
12924
12924
12924
12924
12924
12924
12924
12924
12924
12924
12924
12924
12924
12924
12924
12924
12924
12924
12924
12924
12924
12924
12924
12924
12924
12924
12924
12924
12924
12924
12924
12924
12924
12924
12924
12924
12924
12924
12924
12924
12924
12924
12924
12924
12924
12924
12924
12924
12924
12561
12561
12561
12561
12561
12561
12561
12561
12561
12561
12561
12561
12561
12561
12561
12561
12553
12553
12553
12553
12553
12553
12553
12553
12553
12501
12501
12501
12501
12501
12501
12501
12501
12501
12501
12501
12461
12461
12461
12461
12395
12395
12395
12395
12395
12395
12395
12395
12395
12395
12395
12395
12395
12395
12243
12243
12243
12243
12243
12243
12243
12243
12243
12243
12243
12243
12243
12243
12243
12243
12243
12243
12243
12243
12243
12243
12243
12243
12243
12243
12243
12243
12243
12243
12243
12243
12243
12243
12243
12243
12243
12243
12243
12243
12243
12243
12243
12243
12243
12243
12243
12243
12243
12243
12243
12243
12243
12243
12243
12243
12243
12243
12243
12243
12243
12243
12243
12243
12243
12243
12243
12243
12243
12243
12243
12243
12243
12243
12243
12243
12243
12243
12168
12168
12168
12168
12168
12168
12168
12168
12168
12168
12168
12168
12168
12168
12168
12168
12168
12168
12168
12168
12168
12168
12168
12168
12168
12168
12168
12168
12168
12168
12168
12012
12012
12012
12012
12012
12012
12012
12012
12012
12012
12012
12012
12012
12012
12012
12012
12012
12012
12012
12012
12012
12012
12012
11876
11876
11876
11876
11831
11831
11831
11831
11831
11831
11831
11831
11831
11831
11831
11831
11831
11831
11831
11831
11831
11831
11831
11831
11831
11831
11831
11831
11831
11831
11831
11831
11831
11831
11831
11831
11831
11831
11831
11831
11831
11831
11831
11831
11751
11751
11751
11751
11751
11751
11751
11751
11751
11751
11751
11751
11751
11751
11751
11751
11751
11751
11751
11751
11751
11751
11751
11751
11751
11751
11751
11751
11751
11751
11751
11751
11751
11751
11751
11751
11751
11751
11751
11751
11751
11751
11751
11751
11751
11751
11751
11751
11751
11751
11751
11751
11751
11751
11751
11751
11751
11751
11751
11751
11751
11751
11751
11751
11751
11751
11751
11751
11751
11751
11751
11751
11751
11751
11751
11751
11751
11751
11751
11751
11751
11751
11751
11751
11751
11751
11751
11751
11751
11751
11751
11751
11751
11751
11655
11655
11655
11655
11655
11655
11655
11655
11655
11655
11655
11655
11655
11655
11655
11655
11655
11655
11655
11655
11655
11655
11655
11655
11655
11655
11655
11655
11525
11525
11525
11525
11525
11525
11525
11525
11525
11525
11525
11525
11525
11525
11525
11525
11525
11525
11525
11525
11525
11525
11525
11525
11525
11525
11525
11525
11525
11525
11525
11525
11525
11525
11525
11525
11525
11525
11525
11525
11525
11525
11525
11525
11525
11525
11525
11525
11525
11425
11425
11425
11425
11425
11425
11425
11425
11425
11425
11425
11425
11425
11425
11425
11425
11425
11425
11425
11425
11425
11425
11425
11425
11425
11425
11425
11425
11425
11425
11425
11425
11425
11425
11425
11425
11425
11425
11425
11425
11425
11425
11425
11425
11366
11366
11366
11366
11366
11366
11366
11366
11366
11366
11366
11366
11366
11366
11366
11366
11366
11366
11366
11366
11366
11366
11366
11366
11366
11366
11366
11366
11366
11366
11366
11366
11366
11366
11366
11366
11366
11366
11366
11366
11366
11366
11366
11366
11366
11366
11212
11212
11212
11212
11212
11212
11212
11212
11212
11212
11212
11212
11212
11212
11212
11212
11212
11212
11212
11212
11212
11212
11212
11212
11212
11212
11212
11212
11212
11212
11212
11212
11212
11212
11212
11212
11212
11212
11212
11212
11212
11212
11212
11212
11212
11212
11212
11212
11212
11212
11212
11212
11212
11212
11212
11212
11212
11212
11212
11212
11212
11212
11212
11212
11212
11212
11212
11212
11212
11212
11212
11212
11212
11212
11212
11212
11212
11212
11212
11212
11212
11212
11212
11212
11212
11212
11212
11212
11212
10984
10984
10984
10984
10984
10984
10984
10984
10984
10984
10984
10984
10984
10984
10984
10984
10984
10984
10984
10984
10984
10984
10538
10538
10538
10538
10538
10538
10538
10538
10538
10538
10538
10538
10538
10538
10538
10538
10538
10538
10538
10538
10538
10538
10538
10538
10538
10538
10538
10538
10538
10538
10538
10538
10538
10538
10538
10538
10538
10538
10538
10538
10538
10538
10538
10538
10538
10538
10538
10538
10538
10538
10538
10538
10538
10538
10538
10538
10538
10538
10538
10538
10538
10538
10538
10538
10538
10538
10538
10538
10538
10538
10538
10538
10538
10490
10490
10490
10490
10490
10490
10490
10490
10490
10490
10490
10490
10490
10490
10490
10490
10490
10490
10490
10490
10490
10490
10490
10490
10155
10155
10155
10155
10155
10155
10155
10155
10155
10155
10155
10155
10155
10155
10155
10155
10155
10155
10155
10155
10155
10155
10155
10155
10155
10155
10155
10155
10155
10155
10155
10155
10155
10155
10155
10155
10155
10155
10155
10155
10155
10155
10155
10155
10155
10155
10155
10155
10155
10155
10155
10155
10155
10155
10155
10155
10155
10155
10155
10117
10117
10117
10117
10117
10117
10117
10117
10117
10117
10117
10117
10117
10117
10117
10117
10117
10117
10117
10117
10117
10117
10117
10117
9966
9966
9966
9966
9966
9966
9966
9966
9966
9966
9966
9966
9966
9966
9966
9966
9966
9931
9931
9931
9931
9931
9931
9931
9931
9931
9931
9931
9931
9931
9931
9931
9931
9931
9931
9931
9931
9931
9931
9931
9931
9931
9931
9931
9931
9931
9931
9931
9931
9931
9931
9931
9931
9931
9931
9931
9931
9931
9931
9931
9931
9931
9931
9931
9931
9931
9931
9931
9931
9931
9931
9931
9931
9931
9931
9931
9931
9931
9931
9931
9931
9931
9931
9931
9931
9931
9931
9931
9931
9931
9931
9931
9931
9931
9822
9822
9822
9822
9822
9822
9822
9822
9822
9822
9822
9822
9822
9822
9822
9822
9822
9822
9822
9822
9822
9822
9822
9708
9708
9708
9708
9708
9708
9708
9708
9708
9708
9708
9708
9708
9708
9708
9708
9708
9708
9708
9708
9708
9708
9708
9708
9708
9708
9708
9708
9708
9708
9708
9708
9708
9708
9708
9708
9708
9708
9708
9708
9708
9708
9708
9708
9708
9708
9708
9708
9708
9708
9708
9708
9708
9708
9708
9708
9708
9708
9708
9708
9708
9708
9708
9708
9708
9708
9708
9708
9708
9708
9708
9545
9545
9545
9545
9545
9545
9545
9545
9545
9545
9393
9393
9393
9393
9393
9393
9393
9393
9393
9393
9393
9393
9393
9393
9393
9393
9393
9393
9393
9393
9393
9393
9393
9393
9393
9393
9393
9393
9393
9393
9393
9393
9393
9393
9393
9393
9393
9393
9393
9393
9393
9393
9393
9393
9393
9393
9393
9393
9393
9393
9393
9393
9393
9346
9346
9346
9346
9346
9346
9346
9346
9346
9346
9346
9346
9346
9346
9346
9346
9346
9346
9346
9346
9346
9346
9346
9346
9346
9346
9346
9346
9346
9346
9346
9346
9346
9346
9346
9346
9346
9346
9346
9346
9329
9329
9329
9329
9329
9329
9329
9329
9329
9329
9329
9329
9329
9138
9138
9138
9138
9138
9138
9138
9138
9138
9138
9138
9138
9138
9138
9138
9138
9138
9079
9079
9079
9079
9079
9079
9079
9079
9079
9079
9079
9079
9079
9079
9079
9079
9079
9079
9079
9079
9079
9079
9079
9079
9079
9079
9079
9079
9079
9079
9079
9079
9079
9079
9079
9079
9079
9079
9079
9079
9079
9079
9079
9079
9079
9079
9079
9079
9079
9079
9079
9079
9079
9079
9079
9079
9079
9079
9079
9079
9079
9079
9079
9079
9079
9079
9079
9079
9079
9079
9079
9079
9079
9079
9079
9079
9079
9079
9079
9079
9079
9079
9079
9079
9079
9079
9079
9079
9079
9079
9079
9079
9079
9079
9079
9079
9079
9079
9079
9079
9079
9079
9079
9079
9079
9079
9079
9079
9079
9054
9054
9054
9054
9054
9054
9054
9054
9054
9054
9054
9054
9054
9054
9054
9054
9054
9054
9054
9054
9054
9054
9054
9054
9054
9054
9054
9054
9054
9054
9054
9054
9054
9054
9054
9054
9054
9054
9054
9054
9054
9054
9054
9054
9054
9054
9054
9054
9054
9054
9054
9054
9054
9054
9054
9054
9054
9054
9054
9054
9054
9054
9054
9054
9054
9054
9054
9054
9054
9054
9054
9054
9054
9054
9054
9054
9019
9019
9019
9019
9019
9019
9019
9019
9019
9019
9019
9019
9019
9019
9019
9019
9019
9019
9019
9019
9019
9019
9019
9019
9019
9019
9019
9019
9019
9019
9019
9019
9019
9019
9019
9019
9019
9019
9019
9019
9019
9019
9019
9019
9019
9019
9019
9019
9019
9019
9019
9019
9019
9019
9019
9019
9019
9019
9019
9019
9019
9019
9019
9019
9019
9019
9019
9019
9019
9019
9019
8846
8846
8846
8846
8846
8846
8846
8846
8846
8846
8846
8846
8846
8846
8846
8846
8846
8846
8846
8846
8846
8846
8808
8731
8731
8731
8731
8731
8731
8731
8731
8731
8731
8731
8731
8731
8731
8731
8731
8731
8731
8731
8731
8731
8731
8731
8569
8569
8569
8569
8569
8569
8569
8569
8569
8569
8569
8569
8569
8569
8569
8569
8569
8569
8259
8259
8259
8259
8259
8259
8259
8259
8259
8259
8259
8259
8259
8259
8259
8259
8259
8259
8259
8259
8259
8259
8259
8259
8259
8259
8259
8259
8259
8259
8259
8259
8259
8259
8259
8259
8259
8259
8259
8259
8259
8259
8259
8259
8259
8259
8259
8259
8259
8259
8259
8259
8259
8259
8259
8259
8259
8259
8259
8259
8259
8259
8259
8259
8259
8259
8259
8259
8259
8259
8259
8259
8259
8259
8259
8259
8259
8259
8213
8213
8213
8213
8213
8213
8213
8213
8213
8213
8213
8213
8213
8213
8213
8213
8213
8213
8213
8213
8213
8213
8213
8213
8213
8213
8213
8213
8213
8213
8213
8213
8213
8213
8213
8213
8213
8213
8213
8213
8213
8213
8213
8213
8213
8213
8213
8213
8213
8213
8213
8213
8213
8213
8213
8213
8213
8213
8213
8213
8213
8213
8213
8213
8213
8213
8213
8117
8117
8117
8117
8117
8117
8117
8117
8117
8117
8117
8117
8117
8117
8117
8117
8117
8117
8117
8117
8117
8117
8117
8117
8117
8117
8117
8117
8117
8117
8117
8117
8117
8117
8117
8117
8117
8117
8117
8117
8117
8117
8117
8117
8117
8117
8117
8117
8117
8117
8117
8117
8117
8117
8117
8117
8117
8117
8117
8117
8117
8117
8117
8117
8117
8117
8117
8117
8117
8063
8063
8063
8063
8063
8063
8063
8063
7893
7893
7893
7893
7893
7893
7893
7893
7893
7893
7893
7893
7893
7893
7893
7893
7893
7893
7893
7893
7893
7893
7893
7893
7893
7893
7893
7893
7893
7893
7893
7893
7893
7893
7893
7893
7893
7893
7893
7893
7893
7893
7893
7893
7893
7893
7893
7893
7893
7893
7893
7893
7893
7893
7893
7893
7893
7893
7893
7893
7893
7893
7893
7893
7893
7893
7893
7893
7893
7893
7893
7893
7893
7893
7893
7893
7893
7893
7893
7893
7893
7893
7893
7893
7893
7893
7893
7893
7893
7893
7893
7893
7893
7893
7893
7893
7893
7893
7893
7893
7893
7893
7893
7893
7893
7893
7893
7893
7893
7893
7893
7893
7893
7893
7893
7893
7893
7893
7893
7893
7893
7893
7893
7893
7893
7893
7893
7893
7893
7893
7893
7893
7893
7893
7893
7893
7893
7893
7893
7893
7893
7893
7893
7893
7893
7893
7893
7893
7893
7893
7893
7893
7893
7893
7893
7893
7893
7893
7893
7893
7893
7893
7893
7893
7893
7893
7893
7893
7893
7893
7893
7893
7893
7810
7810
7810
7810
7810
7810
7810
7793
7793
7793
7793
7793
7793
7793
7793
7793
7793
7793
7793
7695
7695
7695
7695
7695
7695
7695
7695
7695
7695
7695
7695
7695
7695
7695
7695
7695
7695
7695
7695
7695
7695
7695
7695
7695
7695
7695
7695
7695
7695
7695
7695
7695
7695
7695
7695
7695
7695
7695
7614
7614
7614
7614
7614
7614
7614
7614
7614
7614
7614
7614
7614
7614
7614
7614
7614
7614
7614
7614
7614
7614
7614
7614
7614
7614
7614
7614
7614
7614
7614
7614
7614
7614
7614
7614
7614
7614
7614
7614
7614
7614
7614
7614
7614
7614
7614
7614
7614
7614
7614
7614
7614
7614
7614
7614
7614
7614
7614
7614
7614
7614
7614
7614
7614
7614
7614
7614
7614
7614
7614
7614
7614
7614
7614
7614
7614
7614
7614
7614
7614
7614
7614
7614
7614
7614
7614
7614
7614
7614
7614
7614
7614
7614
7614
7614
7614
7614
7614
7614
7614
7614
7614
7614
7614
7614
7614
7614
7614
7614
7614
7614
7614
7614
7614
7614
7614
7614
7614
7614
7614
7614
7614
7614
7614
7614
7614
7614
7614
7614
7614
7614
7614
7614
7614
7614
7614
7614
7614
7614
7614
7614
7614
7614
7614
7614
7614
7614
7614
7614
7614
7614
7614
7614
7614
7614
7614
7614
7614
7614
7614
7614
7614
7614
7614
7614
7614
7614
7614
7614
7614
7614
7614
7614
7614
7614
7614
7614
7274
7274
7274
7274
7274
7274
7274
7274
7274
7274
7274
7274
7274
7274
7274
7274
7274
7274
7274
7274
7274
7274
7274
7274
7274
7274
7274
7274
7274
7274
7274
7274
7274
7238
7238
7238
7238
7238
7238
7238
7238
7238
7238
7238
7238
7238
7238
7238
7238
7238
7238
7238
7238
7238
7238
7238
7238
7238
7238
7238
7238
7238
7199
7199
7199
7199
7199
7199
7199
7199
7199
7199
7199
7199
7199
7199
7199
7199
7199
7199
7199
7199
7199
7199
7199
7199
7199
7199
7199
7147
7147
7147
7147
7147
7147
7147
7147
7147
7147
7147
7147
7147
7147
7147
7147
7147
7147
7147
7147
7147
7147
7147
7147
7147
7147
7147
7147
7147
7147
7147
7147
7147
7147
7147
7056
7056
7056
7056
7056
7056
7056
7056
7056
7056
7056
7056
7056
7056
7056
7056
7056
7056
7056
7056
7056
7056
7056
7056
7056
7056
7056
7056
7056
7056
7056
7056
7056
7056
7056
7056
7056
7056
7056
7056
7056
7056
7056
7056
7056
7056
7056
7056
7056
7056
7056
7056
7056
7056
7056
7056
7056
7056
7056
7056
7056
7056
7056
7056
7056
7056
7056
7056
7056
7056
7056
7056
7056
7056
7056
7056
7056
7056
7056
7056
7056
7056
7056
7056
7056
7056
7056
7056
7056
7056
7056
7056
7056
7056
7056
7056
7056
7056
7056
7056
7056
7056
7056
7056
7056
7056
7056
7056
7056
7056
7056
7056
7056
7056
7056
7056
7056
7056
7056
7056
7056
7056
7056
7056
6967
6967
6967
6967
6967
6967
6967
6967
6967
6967
6967
6967
6967
6967
6967
6967
6967
6967
6967
6967
6967
6967
6967
6967
6967
6967
6967
6967
6967
6967
6967
6967
6967
6967
6967
6967
6967
6967
6967
6967
6967
6967
6967
6967
6967
6967
6759
6759
6759
6759
6759
6759
6759
6759
6759
6759
6759
6759
6759
6759
6759
6759
6759
6759
6759
6759
6759
6759
6759
6759
6759
6759
6759
6759
6759
6759
6759
6759
6759
6759
6759
6759
6759
6759
6759
6759
6759
6759
6759
6759
6759
6759
6759
6759
6759
6759
6759
6759
6759
6759
6759
6759
6759
6759
6759
6759
6759
6759
6759
6759
6759
6759
6759
6759
6759
6759
6759
6759
6759
6759
6759
6759
6759
6759
6759
6759
6759
6759
6759
6759
6759
6759
6759
6759
6759
6759
6759
6759
6759
6759
6759
6759
6759
6759
6759
6759
6759
6759
6759
6759
6759
6759
6759
6759
6759
6759
6759
6759
6759
6759
6759
6759
6759
6759
6759
6759
6759
6759
6759
6759
6759
6759
6759
6759
6759
6759
6759
6759
6759
6759
6759
6759
6759
6759
6759
6759
6759
6759
6759
6759
6759
6759
6759
6759
6759
6759
6759
6759
6759
6759
6759
6759
6759
6759
6759
6759
6759
6759
6759
6759
6759
6759
6759
6759
6759
6759
6759
6759
6759
6759
6759
6759
6759
6759
6759
6759
6759
6759
6759
6759
6759
6759
6759
6759
6759
6759
6759
6759
6759
6759
6759
6759
6759
6759
6759
6759
6759
6759
6759
6759
6759
6759
6759
6759
6759
6759
6759
6759
6759
6759
6759
6759
6759
6759
6759
6759
6759
6759
6759
6759
6759
6759
6759
6759
6759
6759
6759
6759
6759
6759
6759
6759
6759
6759
6759
6759
6759
6759
6759
6759
6759
6759
6759
6759
6759
6759
6759
6759
6759
6759
6759
6759
6759
6759
6759
6759
6759
6759
6759
6759
6759
6759
6759
6759
6759
6759
6759
6759
6759
6759
6759
6759
6759
6759
6759
6759
6759
6759
6759
6759
6759
6759
6759
6759
6759
6759
6759
6759
6759
6759
6759
6759
6759
6759
6759
6759
6759
6759
6759
6759
6759
6759
6759
6759
6759
6759
6759
6759
6759
6574
6574
6574
6574
6574
6574
6574
6574
6574
6574
6574
6574
6574
6574
6574
6574
6559
6559
6559
6559
6559
6559
6559
6412
6412
6412
6412
6412
6412
6412
6412
6412
6412
6412
6412
6412
6412
6412
6412
6412
6412
6412
6412
6412
6412
6412
6412
6412
6412
6412
6412
6412
6412
6412
6412
6412
6412
6412
6412
6412
6412
6412
6412
6412
6412
6412
6412
6412
6313
6313
6313
6313
6313
6313
6313
6313
6313
6313
6313
6313
6313
6313
6313
6313
6313
6231
6231
6231
6231
6231
6231
6231
6231
6231
6231
6231
6231
6231
6231
6231
6231
6231
6231
6231
6231
6231
6231
6231
6231
6231
6231
6231
6231
6231
6231
6231
6231
6231
6231
6231
6231
6231
6231
6231
6231
6231
6231
6231
6231
6231
6231
6231
6231
6231
6231
6231
6231
6231
6231
6231
6231
6231
6231
6231
6092
6092
6092
6092
6092
6092
6092
6092
6092
6092
6092
6092
6092
6092
6092
6092
6092
6092
6092
6092
6092
6092
6092
6092
6092
6092
6092
6092
6092
6092
6092
6092
6092
6092
6092
6092
6092
6092
6092
6092
6092
6092
6092
6092
6092
6092
6092
6092
6092
6092
6092
6092
6092
6092
6092
6092
6092
6092
6092
6092
6092
6092
6092
6092
6092
6092
6092
6092
6092
6092
6092
6092
6092
6092
6092
6092
6092
6092
6092
6092
6092
6092
6092
6092
6092
6092
6092
6092
6092
6092
6092
6092
6092
6092
6092
6092
5978
5978
5978
5978
5978
5978
5978
5978
5978
5978
5978
5978
5978
5978
5978
5978
5978
5978
5978
5978
5978
5978
5889
5889
5889
5889
5889
5889
5889
5889
5889
5889
5889
5889
5889
5889
5889
5889
5889
5889
5889
5889
5889
5889
5889
5889
5889
5720
5720
5720
5720
5720
5720
5720
5720
5720
5720
5720
5720
5720
5720
5720
5720
5720
5720
5720
5720
5720
5720
5720
5720
5720
5720
5720
5720
5720
5720
5720
5720
5720
5720
5720
5720
5639
5639
5639
5639
5639
5639
5639
5639
5639
5639
5639
5639
5639
5639
5639
5639
5639
5639
5639
5639
5639
5639
5639
5639
5639
5639
5639
5639
5639
5639
5639
5639
5639
5639
5639
5639
5639
5639
5639
5639
5639
5639
5626
5626
5626
5626
5626
5626
5626
5626
5626
5626
5626
5626
5626
5626
5626
5626
5626
5626
5626
5626
5626
5626
5626
5626
5626
5626
5626
5626
5626
5626
5626
5626
5626
5626
5626
5626
5626
5626
5626
5626
5626
5626
5626
5626
5626
5626
5626
5626
5626
5626
5626
5626
5626
5626
5626
5626
5626
5626
5626
5626
5626
5626
5626
5626
5626
5626
5626
5626
5626
5626
5626
5626
5626
5626
5626
5626
5626
5626
5626
5626
5626
5626
5626
5626
5626
5626
5626
5626
5626
5626
5626
5626
5626
5626
5626
5626
5626
5626
5626
5626
5626
5626
5626
5626
5626
5626
5626
5626
5626
5626
5626
5626
5626
5626
5626
5626
5626
5626
5626
5626
5626
5626
5626
5626
5626
5626
5626
5626
5626
5626
5626
5626
5626
5626
5626
5626
5626
5626
5626
5626
5626
5626
5626
5626
5626
5626
5626
5626
5626
5626
5626
5626
5626
5626
5626
5626
5626
5626
5626
5626
5626
5626
5626
5626
5626
5626
5626
5626
5626
5626
5626
5626
5626
5626
5626
5626
5626
5626
5626
5626
5626
5626
5626
5626
5626
5626
5626
5626
5626
5626
5626
5626
5626
5626
5626
5626
5626
5626
5626
5626
5626
5626
5626
5626
5626
