-1
-1
-1
-1
-1
-1
-1
-1
-1
-1
-1
-1
-1
-1
-1
-1
-1
-1
-1
-1
-1
-1
-1
-1
-1
-1
-1
-1
-1
-1
-1
-1
-1
-1
-1
-1
-1
-1
-1
-1
-1
-1
-1
-1
-1
-1
-1
-1
-1
-1
-1
-1
-1
-1
-1
-1
-1
-1
-1
-1
-1
-1
-1
-1
-1
-1
-1
-1
-1
-1
-1
-1
-1
-1
-1
-1
-1
-1
-1
-1
-1
-1
-1
-1
-1
-1
-1
-1
-1
-1
-1
-1
-1
-1
-1
-1
-1
-1
-1
-1
-1
-1
-1
-1
-1
-1
-1
-1
-1
-1
-1
-1
-1
-1
-1
-1
-1
-1
-1
-1
-1
-1
-1
-1
-1
-1
-1
-1
-1
-1
-1
-1
-1
-1
-1
-1
-1
-1
-1
-1
-1
-1
-1
-1
-1
-1
-1
-1
-1
-1
-1
-1
-1
-1
-1
-1
-1
-1
-1
-1
-1
-1
-1
-1
-1
-1
-1
-1
-1
-1
-1
-1
-1
-1
-1
-1
-1
-1
-1
-1
-1
-1
-1
-1
-1
-1
-1
-1
-1
-1
-1
-1
-1
-1
-1
-1
-1
-1
-1
-1
-1
-1
-1
-1
-1
-1
-1
-1
-1
-1
-1
-1
-1
-1
-1
-1
-1
-1
-1
-1
-1
-1
-1
-1
-1
-1
-1
-1
-1
-1
-1
-1
-1
-1
-1
-1
-1
-1
-1
-1
-1
-1
-1
-1
-1
-1
-1
-1
-1
-1
-1
-1
-1
-1
-1
-1
-1
-1
-1
-1
-1
-1
-1
-1
-1
-1
-1
-1
-1
-1
-1
-1
-1
-1
-1
-1
-1
-1
-1
-1
-1
-1
-1
-1
-1
-1
-1
-1
-1
-1
-1
-1
-1
-1
-1
-1
-1
-1
-1
-1
-1
-1
-1
-1
-1
-1
-1
-1
-1
-1
-1
-1
-1
-1
-1
-1
-1
-1
-1
-1
-1
-1
-1
-1
-1
-1
-1
-1
-1
-1
-1
-1
-1
-1
-1
-1
-1
-1
-1
-1
-1
-1
-1
-1
-1
-1
-1
-1
-1
-1
-1
-1
-1
-1
-1
-1
-1
-1
-1
-1
-1
-1
-1
-1
-1
-1
-1
-1
-1
-1
-1
-1
-1
-1
-1
-1
-1
-1
-1
-1
-1
-1
-1
-1
-1
-1
-1
-1
-1
-1
-1
-1
-1
-1
-1
-1
-1
-1
-1
-1
-1
-1
-1
-1
-1
-1
-1
-1
-1
-1
-1
-1
-1
-1
-1
-1
-1
-1
-1
-1
-1
-1
-1
-1
-1
-1
-1
-1
-1
-1
-1
-1
-1
-1
-1
-1
-1
-1
-1
-1
-1
-1
-1
-1
-1
-1
-1
-1
-1
-1
-1
-1
-1
-1
-1
-1
-1
-1
-1
-1
-1
-1
-1
-1
-1
-1
-1
-1
-1
-1
-1
-1
-1
-1
-1
-1
-1
-1
-1
-1
-1
-1
-1
-1
-1
-1
-1
-1
-1
-1
-1
-1
-1
-1
-1
-1
448816
448816
445416
444237
444237
442715
442715
442703
442703
440798
440798
440798
439866
439866
439866
437700
437700
437700
437700
437700
435978
435202
435202
430789
429431
429431
429431
428113
428113
427378
427378
426669
423995
423995
423995
420942
419011
417931
417717
417717
417717
417717
417176
417176
416463
412268
406218
406218
404582
403170
403170
399902
397213
397213
397213
397213
397213
397213
397213
395688
395688
395688
395688
395688
392913
392913
392913
392913
391508
391508
391508
391508
391508
389959
388084
388084
388084
388084
388084
388084
388084
385577
385577
385577
385577
385577
385111
385111
385111
385111
385111
385111
385111
385111
385111
385111
385111
385111
385111
383262
383262
383262
383262
383262
381568
381568
381568
381568
381568
381568
381568
381568
380566
380566
380566
380566
379325
379325
375346
373945
373945
373945
373539
373539
373539
373539
372088
372088
371823
371823
370714
370714
370714
370714
368895
368895
366667
366667
366667
366667
365607
365607
365607
363805
363805
363805
363805
363805
359787
359787
359787
359787
359787
358265
355922
355922
351214
348685
346190
346190
346190
346190
346190
346190
344688
344688
344688
344688
344688
342860
342860
342860
342860
342330
342036
342036
340886
339636
339151
339151
339151
339151
339112
339112
339112
338872
338872
338872
338872
338872
338872
338872
338872
337818
337818
337818
335009
330765
330765
330645
330645
328763
328763
328763
328393
328393
328066
328066
328066
325220
323853
323853
323853
323853
323853
323853
323853
323853
323853
318213
318213
318213
318213
318213
317323
317323
317323
317323
315446
314009
314009
314009
314009
314009
314009
312619
312619
312619
310985
310717
310717
310717
310717
308797
308797
308797
307254
307254
305533
305533
303745
302454
302454
302454
302454
302454
302454
302454
302454
302454
302454
302454
300798
300798
300384
300384
300384
300384
300384
297041
297041
297041
297041
297041
297041
297041
297041
297041
297041
297041
295224
295224
292821
292821
292821
289999
289999
289999
289999
289999
289999
289999
289999
289999
289999
289999
287783
287783
287783
287783
287783
287783
287783
287783
287783
287783
287783
287783
287783
287783
287783
287783
287783
287783
287783
285476
285476
285476
285476
285476
285476
285476
285476
285476
285476
285476
285476
283225
283225
283225
283225
283225
283225
283225
282841
282841
282841
282299
282299
282299
282299
282299
282299
281993
281993
281993
281993
280197
280197
280197
280197
280192
280192
277747
277747
277747
277747
277035
277035
277035
275264
271311
271311
271311
271311
271311
270679
270679
270679
270679
270679
270679
270679
269218
269218
267720
267720
267720
267720
267720
267720
267720
267720
267720
267720
267720
267720
267382
267382
267382
265113
265113
264363
264363
264363
264363
264011
264011
264011
264011
264011
264011
264011
264011
263126
263126
263126
263126
259634
259634
259634
259634
259634
259634
259634
258585
258480
258480
258480
258480
258480
258480
258480
258480
258480
258480
254961
254961
254961
254961
253748
253748
253748
253748
253285
251849
251849
251849
251849
251849
251849
251849
251446
251446
251446
251446
251446
251128
251128
251128
251128
251128
251128
251128
249873
249873
249873
249873
249008
249008
249008
249008
245484
244157
244157
244157
244157
244157
244157
244157
242167
242167
242167
242167
242167
242167
242167
242167
242167
239775
239775
239775
239775
237243
235253
235253
234935
234935
234935
234611
234611
234611
234611
234611
234611
234611
234611
234611
234611
234611
234611
234611
234611
234611
234611
234611
234611
234611
234262
234262
234262
234262
234262
234262
233092
233092
232193
232193
231300
229721
229721
229721
229721
229721
229044
229044
227857
227857
227857
227857
223741
222861
222861
222861
222855
221443
221443
220153
219127
219127
219127
219127
219127
218030
218030
218030
218030
218030
218030
218030
218030
218030
216722
216722
216722
216722
216722
216722
216722
216722
215646
215646
215646
215646
215646
214480
211144
211144
210415
210415
210385
210385
210385
210385
210385
207719
207719
207719
207719
207719
207719
207719
207719
207452
207452
207452
207452
206753
205691
204237
204237
204237
204237
204237
204237
203322
201188
201188
201188
201188
201118
201118
201118
200935
200935
200690
200690
200690
199573
199573
199573
199573
199573
199573
199573
199573
199573
199573
199573
199573
199573
199573
198922
198922
198922
198922
198922
198922
198922
198922
198922
197928
195661
194940
194940
194940
194940
194940
194535
192470
192470
192470
192470
192470
191886
191886
191886
191886
191221
190669
190669
190669
190669
187499
187499
186512
186512
186512
186512
186512
186512
186512
186512
186512
185465
184529
184529
184529
184529
184529
181528
181528
181528
181528
180251
180251
180251
178615
178615
178615
178615
178615
178615
178615
178615
177748
177001
177001
177001
177001
177001
176923
176923
176923
176923
176923
176923
176923
176923
176923
176923
176923
176923
176923
176923
176923
176923
176923
176923
176923
176923
176923
176923
176923
176923
176923
176923
176711
176711
176711
176345
176345
176345
176345
176345
176345
176345
176345
176345
176345
176345
175958
175958
175958
175958
175958
174291
174253
174253
174253
174253
174253
174253
174253
173675
173675
173675
172000
172000
171811
171022
170085
170085
170085
170085
170085
170085
170085
169434
169434
169434
169434
169434
169434
169434
169434
169434
168021
168021
168021
168021
168021
165640
165640
165640
165640
165640
165640
165640
165640
165640
165640
165204
165204
165204
165204
165204
165204
165204
165204
165204
165204
165204
165204
165204
163781
163781
163781
163781
163781
163781
163781
163781
163781
163781
163781
163781
163781
163781
163781
163781
163781
163781
163781
163781
163781
163781
163781
163781
163781
163781
163781
163781
163781
163781
162834
162834
162834
162834
162834
162834
162834
162834
162500
162500
162500
162189
162189
162189
162189
162189
162189
162189
162189
162189
162189
162189
162189
162189
162189
162189
162189
162189
162189
162189
162189
162189
162189
162189
162189
162189
162189
162189
162189
162189
162189
162189
162189
162189
162189
162189
162189
162189
162189
161966
161966
161966
161966
161506
161506
161506
161506
161506
161506
161506
161506
160754
160754
160754
159964
159964
159964
159964
159964
158749
157966
157966
157966
157966
157966
157966
157966
157966
157966
157211
157211
157211
157211
157211
156871
156871
156871
156871
156871
156871
156871
156871
156871
154698
154698
154698
154071
152517
152517
152517
152517
152517
152517
152517
152327
151192
148694
148694
148694
148694
148381
148381
148381
148381
147965
147965
147965
147965
147965
147965
147965
147965
147965
147965
147965
147965
147965
147965
147965
147965
147965
147965
147294
147294
147294
147294
147181
147181
147181
146858
146858
146858
146858
146771
146674
146674
146085
146085
146085
146085
146085
145228
145228
143500
143500
143500
143500
143500
143500
143500
143500
143500
143500
143500
143500
143500
143500
143500
143500
143500
143500
143500
143500
143500
142740
142740
142335
142335
142335
142335
142335
142335
142335
142335
142335
142335
142335
142335
142335
140961
140961
140190
140190
140190
140190
140190
140190
139561
139561
139561
139561
139561
139561
139561
139561
139561
138367
138367
138367
138367
138367
138367
138367
138367
138367
138367
138367
138367
138367
138367
138367
138119
138119
138119
138119
138119
138119
138119
138119
138119
138119
138119
138119
138119
138119
138119
138119
138119
138119
138119
138098
138098
138098
137196
137196
137196
137196
137196
137196
137196
137196
137196
137196
137123
137123
137123
137123
137123
137123
137123
136410
136410
136410
136410
136410
136410
136410
136410
136410
136410
136410
136410
136410
136410
136410
136410
136410
136193
136193
136193
136193
136193
136193
136193
136193
136193
136193
136193
136193
136193
136193
136193
136193
136193
136193
136193
136193
136193
136019
136019
136019
136019
136019
135298
135298
135298
135298
135298
135298
135298
135298
135298
135298
135298
135298
135298
135298
135295
134225
134225
134225
134225
134225
134225
134225
134225
133527
133527
133527
133527
133527
133527
133527
133527
132051
132051
131091
131091
131091
131091
131091
131091
131091
131091
131091
131091
131091
131091
131091
131091
131091
131091
131091
131091
130490
130490
130490
130490
130490
130292
130292
130292
130292
130292
130292
130292
130292
130292
130292
130292
130292
130292
130292
130292
130292
130292
130292
129170
129170
129170
129170
129170
129170
129170
129170
129170
129170
128564
128564
128564
128564
128564
126891
126891
126891
126891
126891
126891
126891
126891
126891
126891
126302
126302
126302
126302
126302
126302
125339
125339
125339
125339
125339
125339
125339
125339
125339
125339
125339
125339
125339
125339
124642
124642
124642
124642
124642
124642
124642
124642
124642
124642
124642
124642
124642
124642
124642
122940
122940
122940
122940
122940
122940
122940
122940
122940
122940
122940
122558
122558
122558
122558
122558
122558
122558
122558
122558
122558
121806
121806
121798
121798
121798
121798
121798
120697
120697
120697
120697
120697
120697
120697
120697
120697
120697
120697
120697
120697
120697
120697
120697
120697
120697
120697
120562
120562
120562
120562
120562
120562
120562
120562
120562
120562
120562
120562
120562
120562
120562
120562
120030
120030
120030
120030
120030
120030
120030
120030
119711
119711
119090
119090
117506
117506
117506
117506
117506
117506
117506
117506
117506
117506
117506
117506
117506
117506
117339
115475
115475
115475
115475
115475
115475
115475
115475
115475
115475
114965
114736
114736
114736
114736
114736
114736
114736
114736
114736
114736
114736
114736
114736
114736
114736
114736
114736
114736
114736
114736
114736
114736
114736
114736
114148
114148
114148
114148
113849
113849
113849
113849
113849
113849
113474
113474
113474
113474
113474
113474
113474
113474
113474
113474
112323
112323
112323
112323
112323
112323
112323
112323
112323
112323
110727
110623
110623
110233
110233
110233
110233
110233
110233
110233
110233
108483
108483
108483
108483
108483
108483
108483
108483
108044
108044
107313
107313
107313
107313
107313
107313
107313
107313
107313
107313
107313
107313
106564
106564
106564
105924
105924
105924
105924
105924
105924
105924
105924
105924
105882
105882
105882
105882
105603
105603
105603
105603
105603
105603
105603
104985
104985
104985
104985
104985
104985
104985
104985
104985
104985
104985
104985
104552
104552
103900
103385
103385
103385
103385
103385
103385
103278
103278
103278
103278
102137
101526
101526
101526
101526
101526
101526
101526
101526
101526
101526
101526
101526
101526
101526
101526
101526
100505
100505
100505
100505
100505
100505
100505
100505
100505
100505
100137
100137
100137
100137
100137
100137
100137
100137
99757
99757
99757
99757
99757
99757
99757
99757
99757
99757
99757
99757
99757
99757
99757
99757
99757
99757
99757
99757
99757
99757
99757
99757
99757
99757
99757
99757
99757
99757
99757
99757
99757
99757
99757
99286
99286
99286
99286
99286
99286
99286
99286
99286
99286
98336
98336
98336
98336
98336
98336
98336
98336
98336
98336
98336
98336
98336
98336
98336
98336
98336
98336
98336
98336
98336
98336
98336
98047
98047
98047
98047
98047
98047
98047
97015
97015
97015
97015
97015
97015
97015
97015
97015
97015
97015
97015
97015
97015
96534
96534
96534
96235
96235
96235
96235
96235
96235
96235
96235
96235
96235
96235
96235
96235
96235
96235
96235
96235
96235
96235
96235
96235
96235
96235
96235
96235
96235
96235
96235
96235
96235
96235
96235
96235
96235
96235
96235
96235
96235
95930
95930
95750
95489
95489
95489
95489
95489
95489
95489
95489
95489
95489
95489
95489
95489
95489
95489
95489
95489
95489
95489
95489
95489
95489
95489
95489
94932
94932
94932
94932
94932
94932
94932
94932
94932
94932
94932
94932
94932
94307
94307
94307
94307
94307
94307
94307
94307
94307
93811
93811
93811
93126
93126
93126
93126
93126
93126
93126
92435
92435
92140
92140
92140
92140
92140
92140
92093
90948
90948
90948
90948
90948
90948
90948
90948
90948
90948
90948
90948
90948
90948
90948
90948
90948
90948
90948
90948
90948
90948
90948
90948
90948
90948
90948
90948
90948
90948
90948
90948
90948
90948
90948
90948
90948
90948
90948
90948
90948
90948
90948
90948
90948
90948
90948
90948
90948
90948
90948
90948
90948
90948
90948
90948
90948
90948
90948
90948
90948
90948
90948
90948
90948
90948
90948
90948
90948
90948
89434
89159
89159
89159
89159
89159
89159
89159
89159
89159
89159
89159
89159
89159
89159
89159
89159
89159
89159
89159
88968
88968
88968
88968
88968
88968
88968
88968
88968
88968
88968
88968
88142
88142
88142
88142
88142
87832
87832
86006
85896
85896
85896
85896
85896
85896
85160
85160
85160
85160
85160
85160
85160
85160
85160
85160
85160
85160
85160
85160
85160
85160
85160
85160
85160
85160
85160
84867
84867
84715
84715
84715
84162
84162
84162
84162
84162
84162
84162
84162
84162
84162
84162
83898
83898
83898
83898
83898
83898
83898
83898
83898
83898
83675
83675
83675
83675
83675
83675
83675
83675
83675
83675
83675
83675
83675
83675
83675
83675
83675
83675
83675
83675
83675
83675
83675
83675
83675
83675
83675
83675
83675
83675
83675
83675
83675
83675
83675
83675
83675
83675
83675
83675
83675
83675
83675
82757
82757
82757
82739
82739
82690
82690
82299
82090
82090
82090
82090
81392
81392
81392
81392
80790
80790
80790
80790
80790
80790
80790
80790
80790
80790
80790
80790
80790
80790
80790
80790
80790
80790
80790
80790
80790
80790
80790
80790
80790
80790
80790
80790
80790
80790
80790
80790
80790
80790
80790
80790
80790
80790
80790
80790
80790
80790
80790
80790
80790
80790
80790
80790
80790
80790
80790
80790
80790
80790
80790
80790
80790
80790
80790
80790
80790
80790
80790
80790
80790
80790
80790
80790
80790
80790
80696
80696
80696
80696
80696
80696
80696
80696
80696
80696
80177
80177
80177
80177
80177
80177
80177
80177
80177
80177
80177
80177
80177
80177
80177
80177
80177
80177
80177
80177
80177
80177
80177
80177
80177
80177
80177
80177
80177
80177
80177
80177
79816
79816
79816
79816
79816
79816
79816
79816
79816
79816
79816
79816
79816
79816
79816
79816
79816
79816
79816
79816
79816
79816
79816
79816
79816
79816
79816
79816
79816
79816
79816
79816
79816
79816
79816
79816
79816
79816
79816
79816
79816
79816
79783
79783
79783
79783
79783
79783
79783
79783
79783
79783
79783
79783
79783
79783
79783
79783
79783
79783
79783
79783
79783
79783
79783
79783
79783
79783
79783
79783
79783
79783
79783
79783
79783
79783
79783
79783
79783
79570
79570
78803
78803
78803
78803
78803
78803
78803
78803
78803
78236
78236
78236
78236
77824
77824
77824
77824
77824
77824
77824
77824
77824
77824
77824
77824
77824
77824
77824
77824
77824
77824
77824
77824
77824
77824
77824
77496
77496
77496
77496
77496
77496
77496
77496
77496
77496
77496
77496
77496
77496
77496
77496
77496
77496
77496
77120
77120
77120
77120
77120
77120
77120
77120
77120
77120
77120
77120
77120
77120
77102
77102
77102
77102
77102
77102
77102
77102
77102
77102
77102
77102
77102
77102
77102
77102
77102
77102
77102
77102
76831
76831
76508
76390
76390
76390
76390
76390
76390
76390
76390
76390
76390
76390
76390
76390
76390
76390
76390
76390
76390
76390
76390
76390
76390
76390
76390
76390
76390
76390
76390
76390
76390
76390
76390
76390
76390
76390
75975
75975
75975
75975
75975
75975
75975
75975
75975
75975
75975
75975
75975
75975
75975
75975
75623
75623
75623
75623
75117
75117
75117
75117
75117
75117
75117
75117
75117
75117
75117
75117
75117
75117
75117
74703
73400
73400
73400
73400
72575
72575
72575
72575
72575
72575
72575
72575
72350
72350
72350
72350
72350
72350
72081
72081
72081
72081
72081
72081
72081
72081
72081
72081
72081
72081
72081
72081
71912
71912
71294
71294
71294
71294
71294
71294
71294
71294
71294
71294
71294
71294
71294
71294
71294
71294
71294
71294
71294
71294
71294
71294
71294
71294
71294
71294
71294
71294
71294
71294
70612
70612
70612
70612
70612
70612
70612
70612
70612
70612
70612
70612
70612
70612
70612
70612
70612
70612
70612
70612
70612
70612
70612
70612
70612
70612
70612
70612
70612
70612
70612
70612
70415
70415
70415
70415
70415
70415
70415
70415
70415
70415
70415
70415
70415
70415
70415
70415
70415
70415
70415
70415
70415
70415
70415
70415
70415
70415
70415
70415
70415
70415
70415
70234
70234
70234
70234
70234
70234
70234
70234
70234
70234
70234
70234
70234
70234
70234
70234
70234
70234
70234
70234
70234
70234
70234
68970
68970
68970
68970
68709
68709
68709
68709
68709
68709
68709
68709
68709
68709
68709
68709
68709
68709
68709
68709
68709
68709
68709
68688
68688
68688
68688
68688
68688
68688
68688
68688
68672
68672
68672
68672
68672
68672
68672
68672
68672
68672
68672
68672
68298
68298
68298
68298
68298
68298
68298
68298
68298
68298
68298
68298
68298
68298
68298
68298
68298
68298
68298
68298
68298
68298
68298
68298
68298
68298
68298
68298
68298
68298
68298
68298
68298
68298
68298
68298
68298
68298
68298
68298
68298
68298
68298
68298
68298
68298
68298
68298
68298
68298
68298
68088
68088
68088
68088
68088
68088
68088
68088
68088
68088
68088
68088
68088
68088
68088
68088
68088
68088
68088
68088
68088
68088
68088
68088
68088
68088
68088
68088
68088
68088
68088
68088
68088
68088
68088
68088
68088
68088
68088
68088
68088
68088
68088
67674
67674
67674
67674
67674
67674
67674
67674
67674
67674
67674
67674
67629
67629
67629
67629
67629
67629
67629
67629
67629
67629
67629
67629
67629
67629
67629
67629
67176
67176
67176
67176
67176
67176
67176
67176
67176
67176
67176
67176
67176
67176
67176
67176
67176
67176
67176
67176
67176
67176
67176
67176
67176
67104
67104
67104
67104
67104
67104
67104
67104
67104
67104
67104
67104
67104
67104
67104
67104
67104
67104
67104
67104
67104
67104
67104
67104
67104
67104
67104
67104
67104
67104
67104
67104
67104
67104
67104
67104
67104
67104
67104
67104
67104
67104
67104
67104
67104
67104
67104
67104
67104
67104
67104
67104
67104
67104
66268
66268
66268
66268
66268
66268
66268
66268
66268
66268
66268
66268
66268
66268
66268
66268
66268
66121
66121
66121
66121
65830
65830
65830
65830
65830
65830
65830
65830
65830
65830
65830
65830
65830
65830
65830
65830
65830
65830
65830
65830
65830
65830
65830
65830
65830
65830
65830
65830
65830
65830
65830
65830
65830
65830
65830
65830
65830
65830
65830
65830
65830
65830
65830
65830
65830
65830
65658
65658
65658
65610
65610
65610
65610
65610
65610
65610
65610
65610
65610
65610
65610
65610
65610
65610
65610
65610
65610
65610
65610
65610
65610
65610
65610
65610
65610
65610
65610
65610
65408
65408
65408
65408
65408
65408
65408
65408
65408
65408
65173
64895
64895
64895
64895
64895
64895
64895
64895
64895
64895
64895
64895
64895
64895
64895
64895
64895
64895
64895
64895
64895
64895
64895
64895
63972
63972
63972
63972
63972
62982
62982
62982
62982
62982
62982
62634
62634
62634
62634
62634
62634
62634
62634
62634
62634
62634
62634
62634
62634
62634
62634
62634
62634
62634
62634
62634
62634
62634
62634
62634
62553
62553
62553
62553
62553
62553
62553
62553
62553
62553
62553
62553
62553
62553
62553
62553
62553
62553
62553
62553
62553
62553
62553
62553
62553
62553
62553
62553
62553
62553
62553
62553
62553
62553
62553
62553
62553
62553
62553
62553
62553
62553
62553
62553
62553
62553
62553
62553
62553
62553
62553
62553
62553
62553
62553
62553
62553
62553
62553
62553
62553
62553
62553
62553
62553
62553
62553
62553
62553
62553
62553
62155
62155
62155
62155
61829
61829
61829
61829
61829
61829
61829
61829
61829
61829
61829
61829
61829
61829
61829
61829
61829
61829
61829
61829
61829
61829
61829
61829
61829
61829
61829
61829
61829
61829
61829
61829
61829
61447
61447
61447
61447
61447
61046
61046
61046
61046
61046
61046
61046
61046
61046
61046
61046
61046
61046
61046
61046
61046
61046
61046
61046
61046
61046
61046
61046
61046
61046
61046
61046
61046
61046
61046
61046
61046
61046
61046
61046
61046
61045
61045
61045
61045
61045
61045
61045
61045
61045
61045
61045
61045
61045
61045
61045
61045
61045
61045
61045
61045
61045
61045
61045
61045
61045
61034
61034
61034
61034
61034
61034
61034
61034
61034
61034
61034
61034
61034
61034
60767
60767
60767
60767
60767
60767
60767
60767
60767
60767
60767
60767
60767
60767
60593
60593
60593
60593
60593
60593
60593
60593
60593
60593
60593
60593
60349
60349
60349
60349
60349
60349
60349
60349
60349
60349
60349
60349
60349
60349
60349
60349
60349
60349
60349
60349
60349
60349
60349
60349
60349
60349
60349
60349
60349
60349
60349
60349
60349
60349
59997
59997
59997
59997
59997
59997
59997
59997
59997
59650
59650
59650
59650
59650
59650
59650
59650
59650
59650
59650
59650
59650
59650
59650
59650
59650
59650
59650
59650
59650
59650
59650
59650
59650
59650
59650
59650
59650
59650
59650
59650
59650
59650
59650
59650
59650
59650
59650
59650
59650
59650
59650
59650
59650
59650
59650
59650
59650
59650
59650
59650
59650
59650
59650
59650
59650
59650
59650
59650
59650
59650
59650
59650
59650
59650
59650
59650
59650
59650
59650
59650
59650
59650
59650
59650
59650
59650
59650
59650
59650
59650
59650
59441
59441
59237
59237
59237
59237
59237
59237
59237
59237
59237
59237
58976
58773
58773
58773
58773
58680
58680
58680
58680
58501
58501
58501
58501
58501
58501
58501
58501
58501
58501
58501
58501
58501
58501
58501
58501
58501
58004
58004
58004
58004
58004
58004
58004
58004
58004
58004
58004
58004
58004
58004
58004
58004
58004
58004
58004
58004
58004
58004
58004
58004
58004
58004
58004
58004
58004
58004
58004
58004
58004
58004
58004
58004
58004
58004
58004
58004
58004
58004
58004
58004
58004
58004
58004
58004
58004
58004
58004
58004
58004
58004
58004
58004
58004
58004
58004
58004
58004
58004
58004
58004
58004
58004
58004
58004
58004
58004
58004
58004
58004
58004
58004
58004
58004
58004
58004
58004
58004
58004
58004
58004
58004
58004
58004
58004
58004
58004
58004
58004
58004
58004
58004
58004
58004
58004
58004
58004
58004
58004
58004
58004
58004
58004
58004
58004
58004
58004
58004
58004
58004
58004
58004
58004
58004
58004
58004
58004
58004
58004
58004
58004
58004
58004
58004
58004
58004
58004
58004
58004
57311
57311
57311
57311
57311
57311
57311
57311
57311
57311
57311
57311
57311
57311
57311
57311
57311
57311
57311
57311
57311
57311
57311
57311
57311
57311
57311
57311
57311
57311
57311
57311
57311
57311
57311
57311
57311
57311
57311
57311
57311
57311
57311
57311
57089
57089
57089
57089
57089
57089
57089
57089
57089
57089
57089
57089
57089
57089
57089
56557
56557
56557
56557
56557
56557
56557
56557
56557
56557
56557
56557
56557
56557
56557
56557
56557
56557
56557
56557
56557
56557
56557
56557
56557
56557
56557
56557
56557
56546
56546
56546
56546
56546
56546
56546
56546
56546
56546
56546
56546
56546
56546
56546
56546
56546
56546
56546
56546
56546
56546
56546
56536
56536
56536
56536
56536
56536
56536
56536
56536
