-1
-1
-1
-1
-1
-1
-1
-1
-1
-1
-1
-1
-1
-1
-1
-1
-1
-1
-1
-1
-1
-1
-1
-1
-1
-1
-1
-1
-1
-1
-1
-1
-1
-1
-1
-1
-1
-1
-1
-1
-1
-1
-1
-1
-1
-1
-1
-1
-1
-1
-1
-1
-1
-1
-1
-1
-1
-1
-1
-1
-1
-1
-1
-1
-1
-1
-1
-1
-1
-1
-1
-1
-1
-1
-1
-1
-1
-1
-1
-1
-1
-1
-1
-1
-1
-1
-1
-1
-1
-1
-1
-1
-1
-1
-1
-1
-1
-1
-1
-1
-1
-1
-1
-1
-1
-1
-1
-1
-1
-1
-1
-1
-1
-1
-1
-1
-1
-1
-1
-1
-1
-1
-1
-1
-1
-1
-1
-1
-1
-1
-1
-1
-1
-1
-1
-1
-1
-1
-1
-1
-1
-1
-1
-1
-1
-1
-1
-1
-1
147356
144191
143124
141890
141890
139819
139819
139819
139819
137225
137225
137225
137225
137225
137225
137225
135608
135608
135608
135608
135608
135608
135608
134008
134008
133390
133390
133390
132527
132527
132527
126542
123492
123492
122868
118882
116488
116488
115935
113675
112245
111748
111748
111748
111748
110315
110315
109649
104701
104701
104701
104701
104064
104064
103072
103072
103072
103072
102028
102028
102028
102028
102028
102028
102028
100188
99135
99135
98519
98519
98519
98519
98519
98519
98519
98519
98519
98519
98519
98519
98519
98519
98519
98519
98519
98519
98519
98519
95289
89501
89501
89501
89501
89501
89258
89258
89258
89258
89258
89258
89258
89258
86162
86162
86162
86162
86162
86162
86162
85294
84985
84985
84985
84985
84985
84985
84761
84761
84761
84761
84761
84761
84761
84761
84761
84761
84331
84331
84331
84331
83931
83931
83931
82467
82467
82467
82467
82467
82467
82467
82467
82467
81566
81566
81511
81511
81511
81511
79973
79973
79973
79973
79973
79411
79411
79411
78771
78771
78771
78771
78771
78771
78771
78771
78771
78771
78771
78771
76925
76925
75305
73201
73201
73201
73201
73201
73201
73201
73201
73201
71873
70706
70706
70706
69458
68155
67321
67321
67321
67321
67321
67321
67321
67321
67321
67321
66131
64664
64664
64664
64664
64664
64664
64664
64664
63222
63222
63222
63222
63222
63222
63222
62513
61566
61566
61566
61566
61322
61322
61322
61147
61147
61147
61147
61147
61147
60522
60522
60522
60522
60522
60522
60522
60522
60522
60324
60324
60324
60324
60324
60324
60324
60324
60324
59834
59834
59834
59834
59834
59834
59834
59834
59290
58239
58239
58239
58239
58239
58239
58239
58239
58239
58239
58239
56878
56838
56838
56838
56838
56336
56336
56336
56336
56170
55624
55624
55224
55224
55224
55224
55224
55224
55224
55224
55224
55224
55064
55064
55064
54551
54551
53381
53381
53381
53381
53381
52441
52441
52267
52267
52267
52267
52267
52267
52267
52267
52267
52267
52267
52267
52267
52267
51416
51416
51416
51416
51416
51412
51412
51412
51412
51412
51412
51412
49999
49999
49999
49999
49999
49999
49999
49999
49999
49925
49925
49925
49925
49925
49925
49925
49925
49925
49925
49078
49078
49078
49078
49078
49078
49078
49078
49078
49078
49078
49078
49078
49078
49078
49078
49078
49078
49078
48904
48904
48904
48904
48904
48904
48904
48904
47781
47781
47781
47781
47781
47781
47781
47781
47781
46337
46337
46337
44347
42625
42625
42625
42625
42625
42625
42625
42625
42625
42625
42625
42625
42277
41793
41793
40552
39324
39324
39324
39324
39324
39324
39324
39280
39280
39280
39280
39280
38618
38618
38618
38618
38618
38618
38618
38618
38618
38618
38618
38618
38618
38618
38618
38618
38618
38350
38350
38350
38350
38350
38350
38350
38350
38350
38350
38350
38350
38350
38350
38350
38350
38350
38350
38350
38350
38350
38350
38350
38350
38350
38350
38350
38350
38350
38350
38350
38350
38350
38350
38350
38350
38350
37371
37371
37371
37371
37371
37371
37371
37371
37371
37371
37371
37371
37107
37107
37107
37107
37107
37107
36836
36836
36836
36836
36738
36738
36738
35624
35624
35624
35624
35624
34569
34569
34569
34569
34569
34223
33359
33359
33359
33359
33359
33359
33359
33359
33359
33359
33359
33359
33359
33359
33359
32165
32165
32165
32165
32165
32165
32165
32165
32165
32165
32165
32165
32165
32165
32165
32165
32165
32165
32165
32165
32165
32165
32165
32165
31122
31122
31122
31122
31122
31122
31122
31122
31122
31122
31122
31122
31122
31122
31122
31122
30414
30414
30414
30414
30414
30414
30414
30414
30414
30414
29789
29789
29789
29789
29789
29227
29227
29227
29227
29227
29227
29227
29227
29227
29227
29227
28627
28627
28627
28407
28407
28407
28407
28407
26051
26051
26051
25928
25928
25928
25928
25631
25348
25348
25348
25348
25348
25348
25348
25348
25348
25348
25348
24540
24540
24540
24540
24540
24540
24540
24348
24348
24348
24348
24348
24348
24348
24348
24348
24348
24348
23896
23896
23896
23896
23896
23563
23563
23563
23563
23563
23563
23563
23563
23563
23563
23563
23318
23318
23318
23318
23318
23318
23318
23318
23318
23318
23318
23318
23318
23318
23318
23318
23318
23318
23318
22830
22830
22830
22830
22830
22830
22830
22830
22830
22830
22830
22830
22518
22518
22518
22518
22518
22518
22518
22518
22518
22518
22469
22469
22469
22469
22469
22469
22469
22469
22469
22469
22383
22383
22383
22383
22383
22383
22340
22340
22340
22340
22340
22340
22340
21825
21460
21460
21460
21460
21460
21460
21460
21460
21460
21460
21460
21460
21422
21422
21028
21028
21028
21028
21028
21028
21028
21028
21028
21028
21028
21028
21028
21028
21028
21028
21028
21028
21028
21028
21028
21028
21028
21028
21028
21028
21028
21028
21028
21028
21028
21028
21028
21028
21028
21028
21028
21028
21028
21028
21028
21028
21028
21028
21028
21028
21028
21028
21028
21028
21028
21028
21028
21028
21028
21028
21028
21028
21028
21028
21028
21028
21028
21028
21028
21028
21028
21028
21028
21028
21028
21028
21028
21028
21028
21028
21028
21028
21028
21028
21028
21028
21028
21028
21028
21028
21028
21028
20382
20382
20382
20382
20382
20382
20382
20382
20382
20382
20382
20382
20382
20382
20382
20382
20382
20382
20382
20382
20382
20382
20382
20382
20382
20382
20382
20382
20382
20382
20382
20382
20382
20382
20382
20382
20382
20382
20382
20382
20382
20382
20382
20382
20382
20382
20382
20382
20382
20382
20382
20369
20369
20369
20369
20369
19861
19861
19861
19861
19861
19861
19861
19630
19630
19630
19630
19140
19140
19140
19140
19140
18738
18738
18625
18625
18625
18625
18625
18625
18312
18312
18312
18312
18312
18312
18312
18312
18312
18312
18312
18312
18312
18312
18312
18312
18312
18267
18267
18267
18267
18267
18132
17744
17744
17744
17744
17744
17744
17744
17744
17744
17287
17287
17287
17287
17287
17287
17287
17287
17287
17287
17287
17287
17287
17131
16821
16821
16821
16821
16821
16821
16821
16821
16821
16821
16821
16821
16821
16821
16821
16821
16821
16821
16821
16821
16821
16821
16821
16821
16821
16821
16821
16821
16821
16821
16821
16821
16821
16105
16105
16105
16105
16105
16105
16105
16105
16105
16105
16105
16105
16105
16105
16105
16105
16105
15654
15654
15654
15654
15654
15654
15654
15654
15654
15558
15558
15558
15558
15558
15558
15558
15357
15357
15357
15357
15357
15357
15357
15357
15357
15357
15357
15357
15357
15357
15357
15357
15357
15357
15357
15199
15199
15199
15199
15199
15199
15199
15199
15199
15199
15199
15199
15193
15193
15193
15193
15193
15193
15193
15193
15193
15193
15193
15193
15193
15193
15193
15193
15193
15193
15193
15193
15193
15193
15193
15193
15193
15193
15193
15193
15193
15193
15193
15193
15193
15193
15193
15193
15193
15193
15193
15193
15193
15193
15193
15193
15193
15193
15193
15193
15193
15193
14135
14135
14135
14135
14135
14135
14135
14135
14048
14048
14048
14048
14048
14048
14048
13774
13774
13774
13774
13774
13774
13774
13606
13606
13606
13606
13606
13606
13606
13606
13606
13606
13606
13606
13606
13606
13469
13469
13469
13469
13469
13469
13469
13469
13469
13469
13469
13469
13469
13469
13469
13469
13469
13469
13469
13469
13469
13469
13469
13469
13469
13469
13469
13469
13469
13469
13469
13469
13469
13469
13469
13469
13469
13469
13469
13469
13469
13469
13469
13469
13469
13469
13469
13469
13469
13469
13469
13469
13469
13347
13347
13347
13347
13347
13347
13347
13347
13347
13347
13347
13320
13320
13320
13320
13320
13320
13320
13320
13320
13320
13320
13320
13320
13320
13320
13320
13320
13320
13320
13320
13320
13320
13320
13320
13320
13320
13320
13320
13320
13320
13320
13320
13320
13320
13320
13320
13320
13320
13320
13320
13320
13320
12851
12851
12851
12851
12851
12851
12851
12851
12851
12851
12851
12405
12405
12405
12405
12405
12405
12352
12352
12352
12352
12352
12352
12352
12352
12352
12352
12352
12352
12352
12352
12352
12352
12352
12352
12352
12352
12352
12352
12352
12352
12352
12352
12215
12215
12215
12215
12215
12215
12215
12215
12215
12215
12215
12215
12215
12215
12046
12046
12046
12046
11649
11649
11649
11649
11649
11649
11649
11649
11649
11649
11649
11649
11649
11649
11649
11649
11649
11649
11493
11493
11493
11493
11493
11493
11493
11306
11306
11306
11306
11306
11306
11306
11253
11253
11253
11253
11253
11253
11253
11253
11253
11253
11253
11253
11253
11253
11253
11253
11253
11253
11253
11253
11253
11253
11253
11253
11253
11253
11253
11253
11076
11076
11076
11076
11076
11076
11076
11076
11076
11076
11076
11076
11076
11076
11076
11076
11076
11076
11076
11076
11076
11076
11076
10675
10675
10675
10675
10675
10675
10675
10675
10675
10466
10466
10466
10466
10466
10466
10466
10466
10466
10466
10466
10466
10466
10466
10466
10466
10466
10466
10466
10466
10466
10466
10466
10466
10466
10466
10466
10466
10466
10466
10466
10466
10466
10466
10466
10466
10466
10466
10466
10466
10466
10466
10466
10466
10466
10466
10466
10466
10466
10466
10466
10466
10466
10466
10466
10466
10466
10466
10466
10466
10466
10466
10466
10466
10466
10466
10466
10466
10466
10466
10466
10466
10466
10466
10466
10466
10466
10466
10466
10466
10466
10466
10466
10466
10466
10466
10466
10466
10466
10466
10466
10466
10466
10466
10466
10466
10466
10466
10466
10466
10466
10466
10466
10466
10466
10466
10466
10466
10466
10466
10466
10466
10417
10417
10417
10417
10417
10417
10417
10417
10417
10417
10417
10417
10417
10417
10417
10417
10417
10417
9901
9901
9901
9901
9901
9901
9901
9901
9901
9901
9901
9901
9901
9901
9901
9901
9901
9901
9901
9901
9901
9901
9901
9901
9901
9901
9901
9901
9901
9901
9901
9901
9901
9901
9901
9901
9901
9901
9901
9901
9901
9901
9901
9901
9901
9901
9901
9901
9901
9901
9901
9901
9901
9901
9901
9901
9786
9786
9786
9786
9786
9786
9786
9786
9786
9786
9786
9786
9786
9786
9786
9786
9786
9786
9786
9786
9786
9786
9786
9786
9786
9786
9786
9786
9786
9786
9734
9734
9734
9734
9734
9734
9734
9734
9734
9734
9734
9734
9734
9734
9734
9176
9176
9176
9176
9176
9176
9176
9176
9176
9176
9176
9176
9176
9176
9176
9176
9176
9176
9176
9176
9176
9176
9176
9176
9176
9176
9176
9176
9176
9176
9176
9176
9176
9176
9176
9176
9176
9176
9176
9176
9176
9176
9176
9176
9176
9176
9176
9176
9176
9176
9176
9176
9176
9176
9176
9176
9176
9176
9176
9176
9176
9176
9176
9176
9176
9176
9176
9072
9072
9072
9072
9004
9004
9004
9004
9004
9004
9004
9004
8962
8962
8962
8962
8962
8962
8962
8962
8962
8962
8962
8962
8962
8962
8962
8962
8962
8962
8962
8962
8962
8962
8962
8962
8962
8962
8962
8962
8962
8962
8962
8962
8962
8962
8962
8962
8962
8962
8962
8962
8962
8962
8962
8962
8962
8962
8962
8962
8962
8962
8962
8962
8962
8904
8904
8904
8904
8904
8904
8904
8904
8904
8904
8904
8904
8904
8904
8904
8904
8904
8904
8904
8904
8904
8904
8904
8904
8904
8904
8904
8904
8904
8904
8904
8904
8904
8904
8904
8904
8904
8904
8904
8904
8904
8904
8904
8904
8904
8904
8904
8904
8904
8904
8843
8843
8843
8843
8843
8843
8843
8843
8843
8843
8843
8843
8843
8843
8843
8843
8843
8843
8843
8843
8843
8843
8843
8843
8769
8769
8769
8769
8769
8769
8769
8769
8769
8769
8769
8769
8769
8769
8769
8769
8769
8769
8769
8769
8769
8769
8769
8769
8769
8769
8769
8769
8769
8769
8769
8769
8769
8769
8769
8769
8769
8769
8769
8769
8769
8769
8769
8769
8769
8769
8769
8769
8769
8769
8769
8769
8769
8769
8769
8769
8769
8769
8769
8769
8769
8769
8769
8769
8769
8769
8769
8769
8769
8769
8769
8769
8769
8769
8769
8769
8769
8769
8769
8769
8769
8769
8769
8769
8769
8769
8769
8769
8769
8652
8652
8652
8652
8652
8652
8652
8652
8652
8652
8652
8652
8652
8652
8652
8652
8652
8652
8652
8652
8652
8652
8652
8652
8652
8652
8652
8652
8652
8652
8652
8652
8652
8652
8652
8652
8652
8652
8652
8652
8652
8652
8652
8652
8652
8652
8652
8652
8652
8652
8652
8652
8652
8652
8652
8652
8652
8652
8652
8652
8652
8652
8652
8652
8652
8652
8652
8652
8652
8652
8652
8652
8652
8652
8652
8652
8652
8652
8652
8652
8652
8652
8652
8652
8652
8652
8652
8652
8652
8652
8652
8652
8652
8652
8652
8652
8652
8652
8652
8652
8652
8652
8652
8652
8652
8652
8652
8652
8652
8652
8652
8652
8652
8652
8652
8652
8652
8652
8652
8526
8526
8526
8526
8526
8526
8526
8526
8526
8526
8526
8526
8526
8526
8526
8526
8526
8526
8526
8526
8526
8526
8526
8526
8526
8526
8526
8526
8526
8526
8526
8526
8526
8526
8526
8405
8405
8405
8405
8405
8405
8405
8405
8405
8405
8405
8405
8405
8405
8405
8405
8405
8405
8405
8405
8405
8405
8405
8405
8405
8405
8405
8405
8405
8405
8405
8405
8405
8405
8405
8405
8405
8405
8405
8405
8405
8405
8405
8405
8405
8405
8405
8405
8405
8405
8405
8405
8405
8405
8405
8405
8405
8405
8405
8405
8405
8405
8405
8405
8405
8405
8405
8405
8405
8405
8405
8405
8405
8405
8405
8405
8405
8405
8405
8405
8405
8405
8405
8405
8405
8405
8405
8405
8405
8405
8405
8405
8405
8405
8405
8405
8405
8405
8405
8405
8405
8405
8405
8405
8405
8405
8405
8405
8405
8405
8405
8405
8405
8405
8405
8405
8405
8405
8405
8405
8405
8405
8405
8405
8405
8405
8405
8405
8405
8405
8405
8405
8405
8405
8405
8405
8405
8405
8405
8405
8405
8405
8405
8405
8405
8405
8405
8405
8405
8405
8405
8405
8405
8405
8405
8405
8405
8405
8405
8405
8405
8405
8405
8405
8405
8405
8405
8405
8405
8405
8405
8405
8405
8405
8405
8405
8405
8405
8405
8405
8405
8405
8405
8405
8405
8405
8405
8405
8405
8405
8405
8405
8405
8405
8405
8405
8405
8405
8405
8405
8405
8405
8405
8405
8405
8405
8405
8405
8405
8405
8405
8405
8405
8405
8405
8089
8089
8089
8089
8089
8089
8089
8089
8089
8089
8089
8089
8089
8089
8089
8089
8089
8089
7937
7899
7899
7899
7899
7899
7899
7899
7899
7899
7899
7899
7821
7821
7821
7821
7821
7821
7821
7821
7821
7821
7821
7821
7821
7821
7821
7821
7821
7821
7821
7821
7821
7821
7821
7821
7821
7821
7821
7821
7821
7821
7821
7821
7821
7821
7821
7821
7821
7821
7821
7821
7821
7821
7821
7821
7821
7821
7821
7821
7821
7821
7821
7821
7821
7821
7821
7821
7821
7821
7821
7821
7821
7821
7821
7821
7821
7821
7821
7821
7821
7821
7821
7821
7821
7821
7821
7821
7821
7821
7821
7821
7821
7821
7821
7821
7821
7821
7821
7821
7821
7821
7821
7821
7821
7821
7821
7821
7821
7821
7821
7821
7821
7821
7821
7821
7821
7426
7426
7426
7426
7426
7426
7426
7426
7426
7426
7426
7426
7426
7426
7426
7426
7426
7426
7426
7426
7426
7426
7426
7426
7426
7426
7426
7426
7426
7426
7426
7426
7426
7426
7426
7426
7426
7426
7426
7426
7426
7426
7426
7426
7426
7426
7426
7426
7426
7426
7426
7426
7426
7426
7426
7426
7426
7426
7426
7426
7426
7426
7426
7426
7426
7426
7426
7426
7426
7426
7426
7426
7426
7426
7426
7426
7426
7426
7426
7426
7426
7426
7426
7426
7426
7426
7426
7426
7426
7426
7426
7426
7426
7426
7426
7426
7426
7426
7426
7426
7426
7426
7426
7426
7426
7426
7426
7386
7386
7386
7386
7386
7386
7386
7386
7386
7386
7386
7386
7386
7386
7386
7386
7386
7386
7386
7386
7386
7386
7386
7386
7386
7386
7386
7386
7386
7386
7386
7386
7386
7386
7386
7386
7386
7386
7386
7386
7386
7386
7386
7386
7386
7386
7386
7386
7386
7386
7386
7386
7210
7210
7210
7210
7210
7210
7210
7210
7210
7210
7210
7210
7210
7210
7210
7210
7210
7210
7210
7210
7210
7210
7210
7210
7210
7210
7210
7210
7210
7210
7210
7210
7210
7210
7210
7210
7210
7210
7210
7210
7034
7034
7034
7034
7034
7034
7034
7034
7034
7034
7034
7034
7034
7034
7034
7034
7034
7034
7034
7034
7034
7034
7034
7034
7034
7034
7034
7034
7034
7034
7034
7034
7034
7034
7034
7034
7034
7034
7034
7034
7034
7034
7034
7034
6783
6783
6783
6783
6783
6783
6783
6783
6783
6783
6783
6783
6783
6783
6783
6783
6783
6783
6783
6783
6783
6783
6783
6783
6783
6783
6783
6783
6783
6783
6783
6783
6783
6783
6783
6783
6783
6783
6783
6783
6783
6783
6783
6783
6783
6783
6783
6783
6783
6783
6783
6783
6783
6783
6783
6783
6783
6783
6783
6783
6783
6783
6783
6783
6783
6783
6783
6783
6783
6783
6783
6783
6783
6783
6783
6783
6783
6783
6783
6783
6783
6783
6783
6783
6783
6783
6783
6783
6783
6783
6783
6783
6783
6783
6783
6783
6783
6783
6783
6783
6783
6783
6783
6783
6783
6783
6783
6783
6783
6783
6783
6783
6783
6783
6783
6783
6783
6783
6783
6783
6783
6783
6783
6783
6783
6783
6783
6783
6783
6783
6783
6783
6783
6783
6783
6783
6783
6783
6783
6783
6783
6783
6783
6783
6783
6783
6783
6783
6783
6783
6783
6783
6783
6783
6783
6783
6783
6783
6783
6783
6783
6783
6783
6783
6783
6783
6783
6783
6783
6783
6783
6753
6753
6753
6753
6753
6753
6753
6753
6753
6753
6753
6753
6753
6753
6753
6753
6753
6753
6753
6753
6753
6753
6753
6753
6753
6753
6527
6527
6527
6527
6527
6527
6527
6527
6527
6527
6527
6527
6527
6527
6527
6527
6527
6527
6527
6527
6527
6527
6527
6527
6527
6527
6527
6527
6527
6527
6527
6527
6527
6527
6527
6527
6527
6527
6527
6527
6527
6527
6527
6527
6527
6527
6527
6527
6527
6527
6527
6527
6527
6527
6527
6527
6527
6527
6393
6393
6393
6393
6393
6393
6393
6393
6393
6393
6393
6393
6393
6393
6393
6393
6393
6393
6393
6393
6393
6393
6393
6393
6393
6393
6393
6393
6393
6393
6393
6393
6393
6393
6393
6393
6393
6393
6393
6393
6393
6393
6393
6393
6393
6393
6393
6393
6393
6393
6393
6393
6393
6393
6393
6393
6393
6393
6393
6393
6393
6393
6393
6393
6393
6393
6393
6393
6393
6393
6393
6393
6393
6393
6393
6393
6393
6393
6393
6393
6393
6393
6393
6393
6393
6393
6393
6393
6393
6393
6393
6393
6393
6393
6393
6393
6393
6393
6393
6393
6393
6393
6393
6393
6393
6393
6393
6393
6393
6393
6393
6393
6393
6393
6393
6393
6393
6382
6382
6382
6382
6382
6382
6382
6382
6382
6382
6382
6382
6382
6382
6382
6382
6382
6382
6382
6382
6382
6382
6382
6269
6269
6269
6269
6269
6269
6269
6269
6269
6269
6269
6269
6269
6269
6269
6269
6269
6269
6269
6269
6269
6269
6269
6269
6269
6269
6269
6269
6269
6269
6269
6269
6269
6269
6269
6269
6269
6269
6269
6269
6269
6269
6269
6269
6269
6269
6269
6269
6269
6269
6269
6269
6269
6269
6269
6269
6269
6269
6269
6269
6269
6269
6269
6269
6269
6269
6269
6269
6269
6269
6269
6165
6165
6165
6165
6165
6165
6165
6165
6165
6165
6165
6165
6165
6165
6165
6165
6165
6165
6165
6165
6165
6165
6165
6165
6165
6165
6165
6165
6165
6165
6165
6165
6165
6165
6165
6165
6165
6165
6165
6165
6165
6165
6165
6165
6165
6165
6165
6165
6165
6165
6165
6165
6165
6165
6165
6165
6165
6165
6165
6165
6165
6165
6165
6165
6165
6165
6165
6165
6165
6165
6165
6165
6165
6165
6165
6165
6165
6165
6165
6165
6165
6165
6165
6165
6165
6165
6165
6165
6165
6165
6165
6165
6165
6165
6165
6165
6165
6165
6165
6165
6165
6165
6165
6165
6165
6165
6165
6165
6165
6165
6165
6165
6103
6103
6103
6103
6103
6103
6103
6103
6103
6103
6103
6103
6103
6103
6103
6103
6103
6103
6042
6042
6042
6042
6042
6042
6042
6042
6042
6042
6042
6042
6042
6042
6042
6042
6042
6042
6042
6042
6042
6042
6042
6042
6042
6042
6042
6042
6042
6042
5772
5772
5772
5772
5772
5772
5772
5772
5772
5772
5772
5772
5772
5772
5772
5772
5772
5772
5772
5772
5772
5772
5772
5681
5681
5681
5681
5681
5681
5681
5681
5681
5681
5681
5681
5681
5681
5681
5681
5681
5681
5681
5681
5681
5681
5681
5681
5681
5681
5681
5681
5681
5681
5681
5681
5681
5681
5681
5681
5681
5681
5681
5681
5681
5681
5681
5681
5681
5681
5681
5681
5657
5657
5657
5657
5657
5657
5657
5657
5657
5657
5657
5657
5657
5657
5657
5657
5657
5657
5657
5657
5657
5657
5657
5657
5657
5657
5657
5657
5657
5657
5657
5657
5657
5657
5657
5657
5657
5657
5657
5657
5657
5657
5657
5657
5657
5657
5505
5505
5505
5505
5505
5505
5505
5505
5505
5505
5505
5505
5505
5505
5505
5505
5505
5505
5505
5505
5505
5505
5505
5505
5505
5505
5505
5505
5505
5505
5505
5505
5505
5505
5505
5505
5505
5505
5505
5505
5505
5505
5505
5505
5505
5505
5505
5505
5505
5505
5505
5505
5505
5505
5505
5505
5505
5505
5505
5505
5505
5505
5505
5505
5505
5505
5505
5376
5376
5376
5376
5376
5376
5376
5376
5376
5376
5376
5376
5376
5376
5376
5376
5376
5376
5376
5376
5376
5376
5376
5376
5376
5375
5375
5375
5375
5375
5375
5375
5375
5375
5375
5375
5375
5375
5375
5375
5375
5375
5375
5375
5375
5375
5375
5375
5375
5375
5375
5375
5375
5375
5375
5375
5375
5375
5375
5375
5375
5375
5375
5375
5375
5375
5375
5375
5375
5375
5375
5281
5281
5281
5281
5281
5281
5281
5281
5281
5281
5281
5281
5281
5281
5281
5281
5281
5281
5281
5281
5281
5281
5281
5247
5247
5247
5247
5247
5247
5247
5247
5247
5247
5247
5247
5247
5247
5247
5247
5247
5247
5247
5247
5247
5247
5247
5247
5247
5247
5247
5247
5247
5247
5247
5247
5247
5247
5247
5247
5247
5247
5247
5247
5247
5247
5247
5167
5167
5167
5167
5167
5167
5167
5167
5167
5167
5167
5167
5167
5167
5167
5167
5167
5167
5167
5167
5167
5167
5167
5167
5167
5167
5167
5167
5167
5106
5106
5106
5106
5106
5106
5106
5106
5106
5106
5106
5106
5106
5106
5106
5106
5106
5106
5106
5106
5106
5106
5106
5106
5106
5106
5106
5106
5106
5106
5106
5106
5106
5106
5106
5106
5106
5106
5106
5106
5106
5106
5106
5106
5106
5106
5106
5106
5106
5106
5106
5106
5106
5106
5106
5106
5106
5106
5106
5106
5106
5106
5106
5106
5106
5106
5106
5106
5106
5106
5106
5106
5106
5106
5106
5106
5106
5106
5106
5106
5106
5106
5106
5106
5106
5106
5106
5106
5106
5106
5106
5106
5106
5106
5106
5106
5106
5106
5106
5106
5106
5106
5106
5106
5106
5106
5106
5106
5106
5106
5106
5067
5067
5067
5067
5067
5067
5067
5067
5067
5067
5067
5067
5067
5067
5067
5067
5067
5067
5067
5067
5067
5067
5067
5067
5067
5067
5067
5067
5067
5067
5067
5067
5067
5067
5067
5067
5067
5067
5067
5067
5067
5067
5067
5067
5067
5067
5067
5067
5067
5067
5067
5067
5067
5067
5067
5067
5067
5067
5067
5067
5067
5067
5067
5067
5067
5067
5067
5067
5067
5067
5067
5067
5067
5067
5067
5067
5067
5067
5067
5067
5067
5067
5067
5067
5067
5067
5067
5067
5067
5067
5067
5067
5067
5067
5067
5067
5067
5067
5067
5067
5067
5067
5067
5067
5067
5067
5067
5067
5067
5067
5067
5067
5067
5067
5067
5067
5067
5067
5067
5067
5067
5067
5067
5067
5067
5067
5067
5067
5067
5067
5067
5067
5067
5067
5067
5067
5067
5067
5067
5067
5067
5067
5067
5067
5067
5067
5067
5067
5067
5067
5067
5067
5067
5067
5067
5067
4922
4922
4922
4922
4885
4885
4885
4885
4885
4885
4885
4885
4885
4885
4885
4885
4885
4885
4885
4885
4735
4735
4735
4735
4735
4735
4735
4735
4735
4735
4735
4735
4735
4715
4715
4715
4715
4715
4715
4715
4715
4715
4715
4715
4715
4715
4715
4715
4715
4715
4715
4715
4715
4715
4715
4715
4715
4715
4715
4715
4715
4715
4715
4715
4715
4715
4715
4715
4715
4715
4715
4715
4715
4715
4715
4715
4715
4715
4715
4715
4715
4715
4715
4715
4715
4715
4715
4715
4715
4715
4715
4715
4715
4715
4715
4715
4715
4715
4715
4715
4715
4715
4715
4715
4715
4715
4715
4715
4715
4715
4715
4715
4715
4715
4715
4715
4715
4715
4715
4715
4715
4715
4715
4715
4715
4715
4715
4715
4715
4715
4558
4558
4558
4558
4558
4558
4558
4558
4558
4558
4558
4558
4558
4558
4558
4558
4558
4558
4558
4558
4558
4558
4558
4558
4558
4558
4558
4558
4558
4558
4558
4558
4558
4558
4558
4558
4558
4558
4558
4558
4558
4558
4558
4558
4558
4558
4558
4558
4558
4558
4558
4558
4558
4558
4558
4558
4558
4558
4558
4558
4558
4558
4558
4558
4558
4558
4558
4558
4558
4558
4558
4558
4558
4558
4558
4558
4558
4558
4558
4558
4558
4558
4558
4558
4558
4558
4558
4558
4558
4558
4558
4558
4558
4558
4558
4558
4558
4558
4558
4558
4558
4558
4558
4558
4558
4558
4558
4558
4558
4558
4558
4558
4558
4558
4558
4558
4558
4558
4558
4558
4558
4558
4558
4558
4558
4558
4558
4558
4558
4558
4558
4558
4558
4558
4558
4558
4558
4558
4558
4558
4558
4558
4558
4558
4558
4558
4558
4558
4558
4558
4558
4558
4558
4558
4558
4558
4558
4558
4558
4558
4558
4558
4558
4558
4558
4558
4558
4558
4558
4558
4558
4558
4558
4558
4558
4558
4558
4558
4558
4558
4558
4558
4558
4558
4558
4558
4558
4558
4448
4448
4448
4448
4448
4448
4448
4448
4448
4448
4448
4448
4448
4448
4448
4448
4448
4448
4448
4448
4448
4448
4448
4448
4448
4448
4448
4448
4448
4448
4448
4448
4448
4448
4448
4448
4448
4448
4448
4448
4448
4448
4448
4448
4448
4448
4448
4448
4448
4448
4448
4419
4419
4419
4419
4419
4419
4419
4419
4419
4419
4419
4419
4419
4419
4419
4419
4419
4419
4419
4419
4419
4419
4419
4419
4419
4419
4419
4329
4329
4329
4329
4329
4329
4329
4329
4329
4329
4329
4329
4329
4329
4329
4329
4329
4329
4329
4329
4329
4329
4329
4329
4329
4329
4329
4329
4329
4329
4329
4329
4329
4329
4329
4304
4304
4304
4304
4304
4304
4304
4304
4304
4304
4304
4304
4304
4304
4304
4304
4304
4304
4304
4304
4304
4304
4304
4304
4304
4304
4304
4304
4304
4304
4304
4304
4304
4304
4304
4304
4304
4304
4304
4304
4304
4304
4304
4304
4304
4304
4304
4304
4304
4304
4304
4304
4304
4304
4304
4304
4304
4304
4304
4304
4304
4304
4304
4304
4304
4304
4304
4304
4304
4304
4304
4304
4304
4304
4304
4304
4304
4304
4304
4304
4304
4304
4304
4304
4304
4304
4304
4304
4304
4304
4304
4304
4304
4304
4304
4304
4304
4304
4304
4304
4304
4304
4304
4304
4304
4304
4304
4304
4304
4304
4304
4304
4304
4304
4304
4304
4304
4304
4304
4304
4304
4304
4304
4304
4228
4228
4228
4228
4228
4228
4228
4228
4228
4228
4228
4228
4228
4228
4228
4228
4228
4228
4228
4228
4228
4228
4228
4228
4228
4228
4228
4228
4228
4228
4228
4228
4228
4228
4228
4228
4228
4228
4228
4228
4228
4228
4228
4228
4228
4228
4228
4228
4228
4228
4228
4228
4228
4228
4228
4228
4228
4228
4228
4228
4228
4228
4228
4228
4228
4228
4228
4228
4228
4228
4228
4228
4228
4228
4228
4228
4228
4228
4228
4228
4228
4228
4228
4228
4228
4228
4228
4228
4228
4228
4228
4228
4228
4228
4228
4228
4228
4228
4228
4228
4228
4228
4228
4228
4228
4228
4228
4228
4228
4228
4228
4228
4228
4228
4228
4228
4228
4228
4228
4228
4228
4228
4228
4228
4228
4228
4228
4228
4228
4228
4228
4228
4228
4228
4228
4228
4228
4228
4228
4228
4228
4228
4228
4228
4228
4228
4228
4228
4228
4228
4228
4228
4228
4228
4228
4228
4228
4228
4228
4228
4228
4228
4228
4228
4228
4228
4228
4228
4228
4228
4228
4228
4094
4094
4094
4094
4094
4094
4094
4094
4094
4094
4094
4094
4094
4094
4094
4094
4094
4094
4094
4094
4094
4094
4094
4094
3989
3989
3989
3989
3989
3989
3989
3989
3989
3989
3989
3989
3989
3989
3989
3989
3989
3989
3989
3989
3989
3989
3989
3989
3989
3989
3989
3989
3989
3989
3989
3989
3989
3989
3989
3989
3989
3989
3982
3982
3982
3982
3982
3982
3982
3982
3982
3982
3982
3982
3982
3982
3982
3982
3982
3982
3982
3982
3982
3982
3982
3982
3982
3982
3982
3982
3982
3982
3982
3982
3982
3982
3982
3982
3982
3982
3982
3982
3982
3982
3982
3982
3982
3982
3982
3751
3751
3751
3751
3751
3751
3751
3751
3751
3751
3751
3751
3751
3751
3751
3751
3751
3751
3751
3751
3751
3751
3751
3751
3751
3751
3751
3751
3751
3751
3751
3751
3751
3751
3751
3751
3751
3627
3627
3627
3627
3627
3627
3627
3627
3627
3627
3627
3627
3627
3627
3627
3627
3627
3627
3627
3627
3627
3627
3627
3627
3627
3627
3627
3627
3627
3627
3627
3627
3627
3627
3627
3627
3627
3627
3627
3623
3623
3623
3623
3623
3623
3623
3623
3623
3623
3623
3623
3623
3623
3623
3623
3623
3623
3623
3623
3623
3623
3623
3583
3583
3583
3583
3583
3583
3583
3583
3583
3583
3583
3583
3583
3583
3583
3583
3583
3583
3583
3583
3583
3583
3583
3583
3583
3583
3583
3583
3583
3583
3583
3583
3583
3583
3583
3583
3583
3583
3583
3583
3583
3583
3583
3583
3583
3540
3540
3540
3540
3540
3540
3540
3540
3540
3540
3540
3540
3540
3540
3540
3540
3540
3513
3513
3513
3513
3513
3513
3513
3513
3513
3513
3513
3513
3513
3513
3513
3513
3513
3513
3513
3513
3513
3513
3513
3513
3513
3513
3513
3513
3513
3513
3513
3513
3513
3513
3513
3513
3513
3513
3513
3513
3513
3513
3452
3452
3452
3452
3452
3452
3452
3452
3452
3452
3452
3452
3452
3452
3452
3452
3452
3356
3356
3356
3356
3356
3356
3356
3356
3356
3356
3356
3356
3356
3356
3356
3356
3356
3356
3356
3356
3356
3356
3356
3356
3356
3356
3356
3356
3356
3356
3356
3356
3356
3356
3356
3356
3356
3356
3356
3356
3356
3356
3356
3356
3356
3356
3356
3356
3356
3356
3356
3356
3356
3356
3356
3356
3356
3356
3356
3356
3356
3356
3356
3356
3356
3356
3356
3356
3356
3356
3356
3356
3356
3356
3356
3356
3356
3356
3356
3356
3356
3356
3356
3356
3356
3356
3356
3356
3356
3356
3356
3356
3356
3356
3356
3356
3356
3356
3356
3356
3356
3356
3356
3356
3356
3356
3356
3356
3356
3356
3356
3356
3356
3356
3356
3356
3356
3356
3356
3356
3356
3356
3356
3356
3356
3356
3356
3356
3356
3356
3356
3356
3356
3356
3356
3214
3214
3214
3214
3214
3214
3214
3214
3214
3214
3214
3214
3214
3214
3214
3214
3214
3214
3214
3214
3214
3214
3214
3214
3214
3214
3214
3214
3214
3214
3214
3214
3214
3214
3214
3214
3214
3214
3214
3214
3214
3133
3133
3133
3133
3133
3133
3133
3133
3133
3133
3133
3133
3133
3133
3133
3133
3133
3133
3133
3133
3133
3133
3133
3133
3133
3133
3133
3133
3133
3133
3133
3133
3133
3133
3089
3089
3089
3089
3089
3089
3089
3089
3089
3089
3089
3089
3089
3089
3089
3089
3089
3089
3089
3089
3089
3089
3089
3089
3089
3089
3089
3089
3089
3089
3089
3089
3089
3089
3089
3089
3089
3056
3056
3056
3056
3056
3056
3056
3056
3056
3056
3056
3056
3056
3056
3056
3056
3056
3056
3056
3056
3056
3056
3056
3056
3056
3056
3056
3056
3056
3056
3056
3056
3056
3056
3056
3056
3056
3056
3056
3056
3056
3056
3056
3056
3056
3056
3056
3056
3056
3056
3056
3056
3056
3056
3056
3056
3056
3056
3056
3056
3056
3056
3056
3056
3056
3056
3056
3056
3056
3056
3056
3056
3056
3056
3056
3056
3056
3056
3056
3056
3056
3056
3056
3056
3056
3056
3056
3056
3056
3056
3056
3056
3056
3056
3056
3056
3056
3056
3056
3056
3056
3056
3056
3056
3056
3056
3056
3056
3056
3056
3056
3056
3056
3056
3056
3056
3056
3056
3056
3056
3056
3056
3056
3056
3056
3056
3056
3056
3056
3056
3056
3056
3056
3056
3056
3056
3056
3056
3056
3056
3056
3056
3056
3056
3056
3056
3056
3056
3056
3056
3056
3056
3056
3056
3056
3056
3056
3056
3056
3056
3056
3056
3056
3056
3056
3056
3056
3056
3056
3056
3056
3056
3056
3056
3056
3056
3056
3056
3056
3056
3056
3056
3056
3056
3056
3056
3056
3056
3056
3056
3056
3056
3056
3056
3056
3056
3056
3056
3056
3056
3056
3056
3056
3056
3056
3056
3056
3056
3056
3056
3056
3056
3056
3056
3056
3056
3056
3056
3056
3056
3056
3056
3056
3056
3056
3056
3056
3056
3056
3056
3056
3056
3056
3056
3056
3056
3056
3056
3056
3056
3056
3056
3056
3056
3056
3056
3056
3056
3056
3056
3056
3056
3056
3056
3056
3056
3056
3056
3056
3056
3056
3056
3056
3056
3056
3056
3056
3056
3056
3056
3056
3056
3056
3056
3056
3056
3056
3056
3056
3056
3056
3056
3056
3056
3056
3056
3056
3056
3056
3056
3056
3056
3056
3056
3056
3056
3056
3056
3056
3056
3056
3056
3056
3056
3056
3056
3056
3056
3014
3014
3014
3014
3014
3014
3014
3014
3014
3014
3014
3014
3014
3014
3014
3014
3014
3014
3014
3014
3014
3014
3014
3014
3014
3014
3014
3014
3014
3014
3014
3014
3014
3014
3014
3014
3014
3014
3014
3014
3014
3014
3014
3014
3014
3014
3014
3014
3014
3014
3014
3014
3014
3014
3014
3014
3014
3014
3014
3014
3014
3014
3014
3014
3014
3014
3014
3014
3014
3014
3014
3014
3014
3014
3014
3014
3014
3014
3014
3014
3014
3014
3014
3014
3014
3014
3014
3014
3014
3014
3014
3014
3014
3014
3014
3014
3014
3014
3014
3014
3014
3014
3014
3014
3014
3014
3014
3014
3014
3014
3014
3014
3014
3014
3014
3014
3014
3014
3014
3014
3014
3014
3014
3014
3014
3014
3014
3014
3014
3014
3014
3014
3014
3014
3014
3014
3014
3014
3014
3014
3014
3014
3014
3014
3014
3014
3014
3014
3014
3014
3014
3014
3014
3014
3014
3014
3014
3014
3014
3014
3014
3014
3014
3014
3014
3014
3014
3014
3014
3014
3014
3014
3014
3014
3014
3014
3014
3014
3014
3014
3014
3014
3014
3014
3014
3014
3014
3014
3014
3014
3014
3014
3014
3014
3014
3014
3014
3014
3014
3014
3014
3014
3014
3014
3014
3014
3014
3014
3014
3014
3014
3014
3014
3014
3014
3014
3014
3014
3014
3014
3014
3014
3014
3014
3014
3014
3014
3014
3014
3014
3014
3014
3014
3014
3014
3014
3014
3014
3014
3014
3014
3014
3014
3014
3014
3014
3014
3014
3014
3014
3014
3014
3014
3014
3014
3014
3014
3014
3014
3014
3014
3014
3014
3014
3014
3014
3014
3014
3014
3014
3014
3014
3014
3014
3014
3014
3014
3014
3014
3014
3014
3014
3014
3014
3014
3014
3014
3014
3014
3014
3014
3014
3014
3014
3014
3014
3014
3014
3014
3014
3014
3014
3014
3014
3014
3014
3014
3014
3014
3014
3014
3014
3014
3014
3014
3014
3014
3014
3014
3014
3014
3014
3014
3014
3014
3014
3014
3014
3014
2983
2983
2983
2983
2983
2983
2983
2983
2983
2983
2983
2983
2983
2983
2983
2983
2983
