-1
-1
-1
-1
-1
-1
-1
-1
-1
-1
-1
-1
-1
-1
-1
-1
-1
-1
-1
-1
-1
-1
-1
-1
-1
-1
-1
-1
-1
-1
-1
-1
-1
-1
-1
-1
-1
-1
-1
-1
-1
-1
-1
-1
-1
-1
-1
-1
-1
-1
-1
-1
-1
-1
-1
-1
-1
-1
-1
-1
-1
-1
-1
-1
-1
-1
-1
-1
-1
-1
-1
-1
-1
-1
-1
-1
-1
-1
-1
-1
-1
-1
-1
-1
-1
-1
-1
-1
-1
-1
-1
-1
-1
-1
-1
-1
-1
-1
-1
-1
-1
-1
-1
-1
-1
-1
-1
-1
-1
-1
-1
-1
-1
-1
-1
-1
-1
-1
-1
-1
-1
-1
-1
-1
-1
-1
-1
-1
-1
-1
-1
-1
-1
-1
-1
-1
-1
-1
-1
-1
-1
-1
-1
-1
-1
-1
-1
-1
-1
-1
-1
-1
-1
-1
-1
-1
-1
-1
-1
-1
-1
-1
-1
-1
-1
-1
-1
-1
-1
-1
-1
-1
-1
-1
-1
-1
-1
-1
-1
-1
-1
-1
-1
-1
-1
-1
-1
-1
-1
-1
-1
-1
-1
-1
-1
-1
-1
-1
-1
-1
-1
-1
-1
-1
-1
-1
-1
-1
-1
-1
-1
-1
-1
-1
-1
-1
-1
-1
-1
-1
-1
-1
-1
-1
-1
-1
-1
-1
-1
-1
-1
-1
-1
-1
-1
-1
-1
-1
-1
-1
-1
-1
-1
-1
-1
229957
229798
228513
227608
227608
227434
225193
225193
225193
225035
225035
223701
222896
221574
220008
220008
220008
220008
220008
220008
220008
220008
220008
219664
219664
219664
219664
219664
219130
219130
215612
215612
215612
215612
214493
214188
213364
211972
211972
211972
208655
208655
208655
208655
208655
208655
206981
206981
206517
206517
206517
206517
201679
201679
201679
201679
200349
200069
200069
199951
198834
198834
198834
198834
197609
197609
196680
196680
196680
196680
196304
196304
196304
196304
195303
192945
192945
192945
191738
191738
191738
191362
191362
191277
189539
187692
187692
187692
186219
180062
178747
178747
178747
178747
178747
178747
178747
178747
177844
177844
176005
175063
175063
175063
175063
175063
174595
174595
174595
172085
172085
172085
172085
172085
169635
169635
167171
166458
166458
166002
166002
166002
166002
166002
164710
164710
164710
164710
164710
164710
162277
162277
162277
162277
162277
162277
161555
161555
161527
158910
158910
158910
158910
158910
158910
158910
158910
158910
158910
158910
158910
158910
158910
158910
158910
158910
156902
153430
152401
152401
150245
150245
150245
150245
150245
150245
150245
150245
148416
147809
147809
147809
147809
147313
147313
147313
147313
145299
143230
142432
142059
140219
140219
139099
139099
139099
139099
139099
139099
139099
138763
138763
138763
138763
138763
137798
137798
137798
137798
137798
135534
133345
133345
133345
133345
133345
132763
132564
131528
131528
131528
131528
131528
131528
131528
131528
129703
129703
129703
129703
129612
129612
129612
129612
129582
129582
129582
129582
127930
127930
127930
127930
127930
127302
127302
127302
127302
126042
126042
126042
126042
126042
126042
126042
126042
126042
126042
124074
124074
124074
124074
124074
124074
122337
121380
121380
121380
121380
120100
120100
120100
120100
120100
120100
120100
120100
119740
119740
119740
119740
119740
119740
118319
118319
116997
116259
116259
116259
114637
114637
114637
114637
114637
112914
112914
112914
112914
111723
111723
111723
111723
111723
111723
111723
111723
111723
111723
110713
110713
108076
107198
107198
103236
101749
101749
101749
101749
101749
101749
101749
101380
101380
101380
101380
101380
100516
100516
100516
100516
100516
100516
100516
100516
100516
100516
100516
100516
100516
100516
100516
100516
100516
99247
99247
99247
99247
99247
99247
99247
99247
99247
99247
99247
99247
99247
99247
99247
99247
99247
99247
99247
99247
99247
99247
99247
97946
97946
97946
97946
97946
97946
97946
97946
97946
97946
97946
97946
97796
97796
96214
96214
96214
96214
96035
96035
96035
96035
96035
96035
96035
96035
95628
95628
95628
95628
95628
95628
94508
94508
94508
94508
93977
93977
93977
92589
92589
92589
92589
92589
91638
91638
91638
91638
91638
90872
89613
89613
89080
89080
89080
89080
89080
89080
89080
89080
87909
87909
87909
87909
87909
86818
86818
86818
86818
86818
86818
86818
86818
86639
86639
86639
86639
86639
86639
86639
86639
86639
86639
86639
86639
86639
86639
86639
86639
86018
86018
86018
86018
85691
85691
85230
85230
85230
85230
85230
85230
85230
85230
85230
85230
83650
82383
82383
82383
82383
82383
82383
82383
82383
82383
81443
81443
81443
81443
81443
80908
80908
80908
80908
79678
79678
79678
79678
79678
79678
79678
79032
79032
79032
78823
78823
78823
78823
78823
76856
76856
76856
76082
76082
75920
75920
75431
74120
74120
74120
74120
74120
74120
74120
74120
74120
74120
74120
73101
73101
73101
73101
73101
73101
73101
72496
72496
72496
72496
72496
72496
72496
72496
72496
72496
72496
70842
70842
70842
70842
70842
70184
70184
70184
70184
70184
70184
70184
70184
70184
70184
70184
69576
69576
69576
69576
69576
69576
69576
69576
69576
69576
69576
69576
69576
69576
69576
69576
69576
69576
69576
67912
67912
67912
67912
67912
67912
67912
67912
67912
67912
67912
67912
67205
67205
67205
67205
67205
67205
67205
67205
67205
67205
67101
67101
67101
67101
67101
67101
67101
67101
67101
67101
65919
65919
65919
65919
65919
65919
65841
65841
65841
65841
65841
65841
65841
65287
63435
63435
63435
63435
63435
63435
63435
63435
63435
63435
63435
63435
61795
61795
61373
61373
61373
61373
61373
61373
61373
61373
61373
61373
61373
61373
61373
61373
61373
61333
61333
61333
61333
61333
61333
61333
61333
61333
61333
61333
61333
61333
61333
60865
60865
60865
60865
60865
60865
60865
60865
60865
60865
60865
60865
60865
60865
60865
60865
60865
60865
60865
60865
60865
60865
60865
60865
60865
60865
60865
60865
60865
60865
60865
60865
60865
60865
60865
60865
60865
60865
60771
60771
60771
60771
60771
60771
60771
60771
60771
60771
60771
60771
60771
60771
60771
60771
60771
60771
60771
60771
60771
59840
59840
59840
59840
59840
59840
59840
59540
59540
59540
59540
59540
59540
59540
59540
59540
59540
59540
59540
59540
59540
59540
59540
59463
59463
59463
59463
59463
59463
59463
59463
59463
59463
59463
59463
59463
59463
59463
59463
59463
59463
59463
59463
59463
59463
59463
59463
59463
59463
59463
59463
57743
57743
57695
57695
57132
56864
56864
56864
56864
56864
55887
55887
55291
55291
55291
55291
54244
53990
53990
53990
53990
53231
53231
52701
52695
52695
52695
52695
52695
51514
51514
51514
51514
51514
51514
51514
51514
51514
51407
51407
51407
51407
51407
51407
51407
51407
51084
51084
51084
51084
51084
49747
49041
49041
49041
49041
49041
49041
49041
49041
49041
47730
47730
47730
47730
47730
47730
47730
47730
47229
47229
47229
47229
47229
46502
46259
46259
46259
46259
46259
46259
46259
46259
46259
46259
46259
46259
46259
46259
46259
46259
46259
46259
46259
46034
46034
46034
46034
46034
46034
46034
46034
46034
46034
46034
46034
46034
46034
45696
45696
45696
45696
45696
45696
45696
45696
45696
45321
45321
45197
45197
45197
45197
45197
45197
44612
44612
44612
44612
44612
44612
44612
44612
44612
43832
43737
43737
43737
43737
43737
43737
43393
43393
43393
43393
43393
43393
43393
43393
43393
43393
43393
43393
43393
43393
43393
43393
43393
43393
43393
42929
42929
42929
42929
42929
42929
42929
42929
42929
42929
42929
42929
42031
42031
42031
42031
42031
41960
41960
41960
41960
41960
41960
41960
41960
41960
41960
41960
41960
41960
41960
41960
41960
41960
41960
41960
41960
41960
41960
41960
41960
41960
41960
41960
41960
41960
41960
41960
41960
41960
41960
41960
41960
41960
41960
41960
41960
41960
41960
41960
41960
41960
41590
41590
41590
41590
41590
41590
41590
41590
41012
41012
41012
41012
41012
41012
40781
40354
40354
40354
40354
40354
40354
40354
40354
40354
40354
40354
40354
40354
40354
40354
40354
40300
40300
40300
40300
40300
39843
39843
39843
39843
39843
39843
39843
39843
39843
39843
39843
39843
39843
39843
39843
39843
39843
39843
39843
39843
39843
39843
39843
39843
39843
39843
39843
39843
39843
39843
39843
39843
39843
39843
39843
39843
39843
39843
39843
39843
39843
39843
39843
39843
39843
39843
39843
39843
39843
39843
39843
39843
39843
39238
39238
39238
39238
39238
39238
39238
39238
39238
39238
39238
39238
39238
39238
39238
39238
39238
39238
39238
39238
39238
39238
39238
39238
39238
39238
39238
39238
39238
39238
39238
39238
39238
39238
39238
39238
39238
39238
39238
39238
39238
39238
39238
39238
39238
39127
39127
39127
39127
39127
39127
39127
39127
38973
38973
38973
38973
38973
38973
38973
38973
38292
38292
38292
37881
37881
37881
37881
37881
37881
37422
37422
37422
37422
37422
37422
37422
37422
37422
37422
37422
37422
37422
37422
37422
37422
37422
37422
37422
37422
37422
37422
37422
37422
37422
37422
36915
36395
36395
36395
36395
36395
36395
36395
36395
36395
36395
36395
36395
36395
36395
36395
36395
36395
36298
36298
36298
36298
36298
36298
36298
36298
36298
36298
36298
36298
36298
36298
36298
36298
36298
36298
36059
36059
36059
36059
36059
36059
36059
35991
35991
35991
35991
35476
35476
35476
34535
34535
34535
34535
34535
34535
34535
34535
34535
34535
34535
34535
34535
34535
34535
34535
34535
34535
34535
34535
34535
34535
34535
34535
34535
34535
34535
34535
34307
34307
34307
34307
34307
34307
34307
34307
34307
34307
34307
34307
34307
34307
34307
33640
33640
33640
33640
33640
33640
33640
33640
33496
33496
33496
33496
33496
33496
33496
33496
33496
33113
33113
33113
33113
33113
33113
33113
33113
33113
33113
33113
33113
33113
33113
33113
33113
33113
33113
33113
33113
33113
33113
33113
33113
33113
33113
33113
33113
33113
33113
33113
33113
33113
33113
33113
33113
33113
33113
33113
33113
33113
33113
33113
33113
33113
33113
33113
33113
33113
33113
33113
33113
33113
33113
33113
33113
33113
33113
33113
33113
33113
33113
33113
33113
33113
33113
33113
33113
33113
33113
33113
33113
33113
33113
33113
33113
33113
33113
33113
33113
33113
33113
33113
33113
33113
33113
33113
33113
33113
33113
33113
33113
33113
33113
33113
33113
33113
33113
33113
33113
33113
33113
33113
33113
33113
33113
33113
33113
33113
33113
33113
33113
32427
32427
32427
32427
32427
32427
32427
32427
32427
32427
32427
32427
32427
32427
32427
32427
31591
31591
31299
31299
31299
31299
31299
31299
31299
31299
31299
31299
31299
31299
31299
31299
31299
31299
31202
31202
30828
30828
30828
30828
30828
30828
30828
30828
30828
30828
30828
30828
30828
30828
30828
30828
30828
30828
30828
30828
30828
30828
30828
30828
30828
30828
30828
30828
30828
30828
30828
30828
30828
30828
30828
30828
30828
30828
30568
30568
30568
30568
30568
30568
30568
30568
30568
30568
30568
30568
30568
30568
30568
30568
30566
30566
30566
30566
30566
30566
30566
30566
30566
30566
30566
30566
30566
30566
29983
29983
29983
29983
29983
29983
29983
29983
29983
29983
29983
29983
29983
29983
29983
29435
29435
29435
29435
29435
29435
29435
29435
29435
29435
29435
29405
29405
29405
29405
29405
29405
29405
29405
29405
29405
29183
29183
29183
29183
29183
29183
29183
29036
29036
29036
29036
29036
29036
29036
29036
29036
29036
29036
29036
29036
29036
29036
29036
29036
29036
29036
29036
29036
29036
29036
29036
29036
29036
29036
29036
29036
29036
29036
29036
29036
29036
29036
29036
29036
29036
29036
29036
29036
29036
29036
29036
29036
29036
29036
28568
28568
28568
28568
28568
28568
28568
28568
28568
28568
28568
28568
28568
28568
28568
28507
28507
28507
28507
28507
28507
28507
28507
28507
28507
28097
28097
28097
28097
28097
28097
28097
28097
28097
28097
28097
28097
28097
28097
28097
28097
28097
28097
28097
28097
28097
28097
28097
28097
28097
28097
28097
28097
28097
27896
27896
27896
27896
27896
27896
27896
27896
27896
27896
27896
27896
27896
27896
27896
27896
27896
27896
27896
27770
27770
27770
27770
27770
27770
27770
26990
26921
26921
26921
26921
26921
26921
26921
26921
26921
26921
26661
26661
26661
26661
26661
26661
26661
26661
26661
26661
26601
26601
26601
26601
26601
26601
26601
26601
26601
26601
26601
26601
26159
26159
26159
26102
26102
26102
26102
26102
26102
26102
26102
26102
26102
26102
26102
26102
25815
25815
25815
25815
25815
25815
25815
24560
24560
24560
24560
24560
24560
24560
24560
24560
24560
24560
24560
24557
24557
24146
24146
24146
24146
24146
24146
24146
24146
24146
24146
24146
24146
24146
24146
24146
24146
24146
24146
24146
24146
24146
24146
24146
24146
24146
24146
24146
24146
23557
23557
23557
23557
23557
23557
23557
23557
23557
23557
23557
23557
23557
23557
23557
23557
23557
23557
23557
23557
23557
23557
23557
23557
23557
23557
23557
23557
23557
23557
23557
23557
23557
23557
23557
23557
23557
23557
23557
23557
23557
23557
23557
23557
23557
23557
23557
23557
23557
23557
23557
23557
23557
23333
23333
23333
23333
23333
23333
23333
23333
23333
23333
22997
22997
22997
22997
22997
22997
22997
22997
22997
22997
22997
22997
22997
22997
22997
22997
22997
22997
22997
22997
22997
22997
22997
22804
22804
22804
22804
22804
22804
22804
22804
22804
22804
22804
22804
22804
22804
22804
22804
22804
22804
22804
22804
22804
22804
22804
22804
22804
22804
22804
22804
22804
22804
22537
22537
22537
22537
22537
22537
22537
22537
22537
22537
22537
22537
22537
22537
22537
22537
22537
22537
22537
22537
22537
22537
22537
22537
22537
22537
22537
22537
22537
22537
22537
22537
22511
22511
22511
22511
22511
22511
22511
22511
22511
22511
22511
22511
22511
22511
22511
22511
22511
22511
22511
22511
22511
22511
22511
22511
22511
22267
22267
22262
22262
22262
22262
22262
22262
22262
22262
22262
22262
22262
22262
22262
21936
21936
21936
21936
21936
21936
21936
21936
21936
21936
21936
21936
21936
21936
21936
21936
21936
21936
21936
21797
21797
21797
21797
21797
21797
21797
21797
21797
21613
21613
21613
21613
21613
21613
21613
21613
21613
21613
21613
21613
21613
21613
21613
21613
21613
21613
21613
21613
21613
21613
21613
21613
21613
21613
21613
21613
21613
21613
21613
21613
21613
21613
21613
21613
21613
21613
21613
21613
21613
21613
21613
21613
21613
21613
21613
21613
21613
21613
21613
21613
21613
21613
21613
21613
21613
21613
21613
21613
21613
21613
21613
21613
21613
21613
21613
21613
21613
21613
21471
21471
21471
21471
21471
21471
21471
21471
21471
21471
21471
21471
21471
21471
21471
21471
21471
21471
21471
21471
21212
21212
21212
21212
21212
21212
21212
21212
21212
21212
21212
21212
21212
21212
21212
21212
21212
21133
21133
21133
21133
21133
21133
21133
21133
21133
21133
21133
21133
21133
21133
21133
21133
21133
21133
21133
21133
21133
21133
21133
21133
21133
21133
21133
21133
21133
21133
21133
21133
21133
21133
21133
21040
21040
21040
21040
21040
21040
21040
21040
21040
21040
21040
20918
20918
20918
20918
20918
20918
20918
20918
20918
20918
20846
20846
20846
20846
20846
20846
20846
20846
20846
20846
20846
20846
20846
20846
20846
20846
20846
20846
20846
20846
20846
20846
20846
20846
20846
20846
20846
20846
20846
20846
20846
20846
20846
20846
20846
20846
20846
20846
20846
20846
20846
20846
20846
20453
20453
20453
20453
20453
20453
20453
20062
20062
20062
20062
20062
20062
20062
20062
20062
19526
19526
19526
19526
19526
19526
19526
19526
19526
19526
19526
19526
19526
19526
19526
19526
19526
19526
19526
19526
19526
19526
19526
19526
19526
19526
19526
19526
19526
19526
19526
19526
19526
19526
19526
19526
19526
19526
19526
19526
19526
19526
19526
19526
19526
19526
19526
19526
19526
19526
19526
19526
19526
19526
19526
19526
19526
19526
19526
19526
19526
19526
19526
19526
19526
19526
19526
19526
19526
19526
19526
19526
19526
19526
19526
19526
19526
19526
19526
19526
19320
19320
19320
19320
19320
19320
19320
19320
19320
19320
19320
19320
19320
19320
19320
19320
19320
19320
19320
19320
19320
19320
19320
19320
19320
19320
19320
19320
19320
19320
19320
19320
18781
18781
18781
18781
18781
18781
18781
18781
18781
18781
18781
18781
18781
18781
18781
18781
18781
18781
18781
18781
18781
18781
18781
18781
18781
18781
18781
18781
18781
18781
18781
18781
18781
18781
18781
18781
18781
18781
18781
18781
18781
18781
18781
18781
18781
18781
18781
18781
18781
18781
18781
18781
18781
18781
18781
18781
18781
18781
18781
18781
18781
18781
18781
18781
18781
18781
18781
18781
18781
18781
18781
18781
18781
18781
18781
18781
18781
18781
18781
18629
18629
18629
18629
18629
18629
18629
18629
18629
18629
18629
18463
18463
18463
18463
18463
18463
18463
18463
18463
18463
18463
18463
18463
18463
18463
18463
18463
18463
18463
18463
18463
18463
18463
18463
18463
18463
18463
18317
18317
18317
18317
18317
18317
18317
18317
18317
18317
18317
18317
18317
18317
18317
18317
18317
18317
18317
18134
18134
18134
18134
18134
18134
18134
18134
18134
18134
18134
18134
18134
18134
18134
18134
18134
18134
18134
18134
18134
18134
18134
18134
18134
18134
18134
18134
18134
18134
18134
18134
18134
18134
18134
18134
18134
18134
18134
18134
18134
18134
18134
18134
18134
18134
18134
18134
18134
18134
18134
18134
18134
18134
18134
18134
18134
18134
18134
18134
18134
18134
18134
18134
18134
18134
18134
18134
18134
18134
18134
18134
18134
18134
18134
18134
18134
18134
18134
18134
18134
18134
18134
18134
18134
18134
18134
18134
18001
18001
18001
18001
18001
18001
18001
18001
18001
18001
18001
18001
18001
18001
18001
18001
18001
18001
18001
17965
17715
17715
17715
17715
17449
17449
17449
17449
17449
17449
17449
17449
17449
17449
17449
17449
17449
17449
17313
17313
17313
17313
17313
17313
17313
17313
17313
17313
17313
17313
17313
17313
17163
17163
16633
16633
16633
16633
16633
16633
16633
16633
16633
16633
16633
16633
16633
16633
16633
16633
16633
16633
16633
16633
16633
16633
16633
16633
16633
16633
16633
16633
16633
16633
16592
16592
16592
16592
16592
16592
16592
16592
16592
16592
16592
16592
16592
16592
16592
16592
16592
16592
16592
16592
16592
16592
16592
16592
16592
16592
16592
16592
16592
16592
16592
16592
16334
16334
16334
16334
16334
16334
16334
16334
16334
16334
16334
16334
16334
16334
16334
16334
16334
16334
16334
16334
16334
16334
16334
16334
16334
16334
16334
16334
16334
16334
16334
16334
16334
16334
16334
16334
16334
16334
16334
16334
16334
16334
16334
16334
16334
16334
16334
16334
16334
16334
16334
16334
16334
16334
15623
15623
15623
15623
15543
15543
15543
15543
15543
15543
15543
15543
15543
15543
15543
15543
15543
15543
15543
15543
15543
15543
15543
15543
15543
15543
15543
15543
15543
15543
15543
15543
15543
15543
15543
15543
15543
15543
15543
15543
15543
15543
15543
15543
15199
15199
15199
15199
15199
15199
15199
15199
15199
15199
15199
15199
15199
15199
15199
15199
15199
15199
15199
15199
15199
15199
15199
15199
15199
15199
15199
15199
15199
15199
15199
15199
15199
15199
15199
15199
15199
15199
15199
15199
15199
15199
15199
15199
15199
15199
15199
15199
15199
15199
15199
15199
15199
15199
15199
15199
15199
15199
15199
15199
15199
15199
15199
15199
15199
15199
15199
15199
15199
15199
15199
15199
15199
15199
15199
15199
15199
15199
15199
15199
15199
15199
15199
15199
15199
15199
15199
15199
15199
15199
15199
15199
15199
15199
15199
15199
15199
15199
15199
15199
15199
15199
15199
15199
15199
15199
15199
15199
15199
15199
15199
15199
15199
15199
15199
15199
15199
15199
15199
15199
15199
15199
15101
15101
15101
15101
15101
15101
15101
15101
15101
15101
15101
15101
15101
15101
15101
15101
15101
15101
15101
15101
15101
15101
15101
15101
15101
15101
15101
15101
15101
15101
15101
15101
15101
15101
15101
15101
15101
15101
15101
15101
15101
15101
15101
15101
15101
15101
15101
15101
15101
15101
15101
15101
15101
15101
15101
15101
15101
15101
15101
15101
15101
15101
15101
15101
15101
15101
15101
15101
15101
15101
15101
15101
15101
15101
15101
15101
15101
15101
15101
14548
14548
14548
14548
14548
14548
14548
14548
14548
14548
14548
14548
14548
14548
14548
14548
14548
14548
14548
14548
14548
14548
14548
14548
14548
14548
14548
14548
14548
14548
14548
14548
14548
14548
14548
14548
14548
14548
14548
14548
14548
14548
14548
14548
14548
14548
14548
14548
14548
14548
14548
14548
14548
14548
14548
14548
14548
14548
14548
14548
14548
14548
14548
14548
14548
14548
14548
14548
14548
14548
14548
14548
14548
14548
14548
14548
14548
14548
14548
14548
14548
14548
14548
14548
14548
14548
14548
14548
14548
14548
14548
14548
14548
14548
14548
14548
14548
14548
14548
14548
14548
14548
14548
14548
14548
14548
14548
14548
14548
14548
14548
14548
14548
14548
14548
14548
14548
14548
14548
14548
14548
14548
14548
14548
14548
14548
14548
14548
14548
14548
14548
14548
14548
14548
14548
14548
14548
14548
14548
14548
14548
14548
14548
14548
14548
14492
14492
14492
14492
14492
14492
14492
14492
14492
14492
14492
14492
14492
14492
14492
14492
14492
14492
14492
14492
14492
14492
14492
14492
14492
14492
14492
14492
14492
14492
14492
14492
14492
14492
14492
14492
14492
14492
14492
14492
14492
14492
14492
14492
14492
14492
14492
14492
14492
14492
14492
14492
14492
14492
14492
14492
14492
14492
14492
14492
14492
14492
14492
14492
14492
14492
14492
14492
14492
14492
14492
14492
14492
14492
14492
14492
14492
14492
14492
14492
14492
14492
14492
14492
14492
14492
14492
14492
14492
14492
14492
14492
14492
14492
14492
14492
14492
14492
14492
14492
14492
14492
14492
14492
14492
14492
14492
14492
14492
14492
14492
14492
14492
14492
14492
14492
14492
14492
14492
14492
14492
14492
14492
14492
14492
14492
14492
14492
14492
14492
14492
14492
14492
14335
14335
14335
14335
14335
14105
14105
14105
14105
14105
14105
14105
14105
14105
14105
14105
14105
14105
14105
14105
14105
14105
14105
14105
14105
14105
14105
14105
14105
14105
14105
14105
14105
14105
14105
14105
14105
14105
14105
14105
14105
14105
14105
14105
14105
14105
14105
14105
14105
14105
14105
14105
14105
14105
14105
14105
14105
14105
14105
14105
14105
14105
14105
14105
14105
14105
14105
14105
14105
14105
14105
14105
14105
14105
14105
14105
14105
14105
14105
14105
14105
14105
14105
14105
14105
14105
14105
14105
14105
14105
14105
14105
14105
14105
14105
14105
14105
14105
14105
14105
14105
14105
14105
14105
14105
14105
13992
13992
13992
13992
13992
13992
13992
13992
13992
13992
13992
13992
13992
13992
13992
13992
13992
13992
13992
13992
13992
13992
13992
13992
13992
13992
13992
13992
13992
13992
13992
13992
13992
13992
13798
13798
13798
13798
13798
13798
13798
13798
13798
13714
13714
13714
13714
13714
13714
13714
13714
13714
13714
13714
13714
13714
13714
13714
13714
13714
13714
13714
13714
13714
13714
13714
13714
13714
13714
13714
13714
13714
13714
13714
13714
13714
13714
13714
13714
13714
13714
13714
13714
13714
13714
13714
13714
13714
13714
13714
13714
13714
13714
13714
13714
13714
13714
13714
13714
13714
13714
13714
13714
13714
13714
13714
13714
13714
13714
13714
13714
13714
13714
13714
13714
13714
13714
13714
13714
13714
13714
13714
13714
13714
13714
13714
13659
13659
13615
13615
13615
13615
13615
13615
13615
13615
13615
13615
13615
13615
13615
13615
13615
13615
13615
13615
13615
13615
13615
13615
13615
13615
13615
13615
13615
13615
13615
13615
13615
13615
13615
13615
13615
13615
13186
13186
13186
13186
13186
13186
13186
13186
13186
13186
13186
13186
13186
13186
13186
13186
13186
13186
13186
13186
13186
13186
13186
13186
13186
13186
13186
13186
13186
13186
13186
13186
13186
13186
13186
13186
13186
13186
13186
13186
13186
13186
13186
13186
13186
13186
13186
13186
13186
13186
13186
13186
13186
13186
13186
13186
13186
13186
13186
13186
13186
13186
13186
13186
13186
13186
13186
13186
13186
13186
13186
13186
13186
13186
13186
13186
13186
13186
13186
13186
13186
13186
13186
13186
13186
13186
13186
13186
13186
13186
13186
13186
13186
13186
13186
13186
13186
13186
13186
13186
13186
13186
13186
13186
13186
13186
13186
13186
13186
13186
13186
13186
13186
13186
13186
13186
13186
13186
13186
13186
13186
13186
13186
13186
13186
13186
13186
13186
13186
13186
13186
13186
13186
13186
13186
13186
13186
13186
13186
13186
13186
13186
13186
13186
13186
13186
13186
13186
13186
13186
13186
13186
13186
13186
13186
13186
13186
13186
13186
13186
13186
13186
13186
13186
13186
13186
13186
13186
13186
13186
13186
13186
13186
13186
13186
13186
13017
13017
13017
13017
13017
13017
13017
13017
13017
13017
13017
13017
13017
13017
13017
12921
12921
12921
12921
12921
12921
12921
12921
12921
12921
12921
12921
12921
12921
12921
12921
12921
12921
12921
12921
12921
12921
12921
12921
12921
12921
12921
12921
12921
12869
12869
12869
12869
12869
12869
12869
12869
12869
12869
12869
12869
12869
12869
12869
12869
12869
12869
12869
12869
12869
12869
12869
12869
12869
12869
12869
12869
12869
12869
12869
12869
12686
12686
12686
12686
12686
12686
12686
12686
12686
12686
12686
12686
12686
12686
12686
12686
12686
12686
12686
12686
12686
12686
12686
12686
12686
12686
12686
12686
12686
12686
12686
12686
12686
12686
12686
12686
12686
12686
12686
12686
12686
12686
12686
12686
12686
12686
12686
12686
12686
12633
12633
12633
12633
12633
12633
12633
12633
12633
12633
12633
12633
12633
12633
12517
12517
12517
12517
12517
12517
12517
12517
12517
12517
12517
12517
12517
12517
12517
12517
12517
12517
12517
12517
12517
12517
12517
12517
12517
12517
12517
12517
12517
12517
12390
12390
12390
12390
12390
12390
12390
12390
12390
12390
12390
12390
12390
12390
12390
12390
12390
12390
12271
12113
12113
12113
12113
12113
12038
12038
12038
12038
12038
12038
12038
12038
12038
12038
12038
12038
12038
12038
12038
12038
12038
12038
12038
12038
12038
12038
12038
12038
12038
12038
12038
12038
12038
12038
12038
12038
12038
12038
12038
12038
12038
12038
11903
11903
11903
11903
11903
11903
11903
11903
11903
11903
11903
11903
11903
11903
11903
11903
11903
11903
11903
11903
11903
11903
11903
11903
11903
11903
11903
11903
11903
11903
11903
11903
11903
11903
11903
11903
11903
11903
11903
11903
11903
11903
11903
11903
11903
11795
11795
11795
11795
11795
11795
11795
11795
11795
11795
11795
11795
11795
11795
11795
11795
11795
11795
11795
11795
11795
11795
11795
11795
11795
11795
11777
11655
11655
11655
11655
11364
11364
11364
11364
11364
11364
11364
11364
11364
11268
11268
11268
11268
11268
11268
11268
11268
11268
11268
11268
11268
11268
11186
11186
11186
11186
11186
11186
11186
11186
11186
11186
11186
11186
11186
11186
11186
11186
11186
11186
11186
11125
11125
11125
11125
11125
11125
11125
11125
11125
11125
11125
11125
11125
11125
11125
11125
11125
11125
11125
11125
11125
11125
11125
11125
11125
11125
11125
11125
11125
11125
11125
11125
11125
11125
11125
11125
11125
11125
11125
11125
11125
11125
11125
11125
11125
11125
11125
11125
11125
11125
11125
11125
11125
11125
11125
11125
11125
11125
11125
10926
10926
10926
10926
10926
10926
10926
10926
10926
10926
10926
10926
10926
10926
10926
10926
10926
10926
10926
10926
10926
10926
10926
10926
10926
10926
10926
10926
10926
10926
10926
10926
10926
10926
10926
10926
10926
10926
10926
10926
10926
10926
10926
10926
10926
10926
10926
10926
10926
10926
10926
10926
10926
10926
10926
10926
10926
10926
10926
10926
10926
10926
10926
10926
10926
10926
10926
10926
10926
10926
10926
10926
10926
10926
10926
10926
10926
10910
10910
10910
10910
10910
10910
10910
10910
10910
10910
10910
10910
10910
10910
10910
10910
10910
10910
10910
10910
10910
10910
10910
10910
10910
10910
10910
10910
10910
10910
10910
10910
10910
10910
10910
10910
10910
10910
10910
10910
10844
10844
10844
10844
10844
10844
10844
10844
10844
10844
10844
10844
10554
10554
10554
10554
10554
10554
10554
10554
10554
10554
10554
10554
10554
10554
10554
10554
10554
10554
10554
10554
10554
10554
10554
10554
10554
10554
10554
10554
10554
10554
10554
10554
10554
10554
10554
10554
10554
10554
10554
10554
10554
10554
10554
10554
10554
10554
10554
10554
10554
10535
10535
10308
10308
10308
10308
10308
10308
10308
10308
10308
10308
10308
10308
10308
10308
10308
10308
10308
10308
10308
10308
10308
10308
10308
10308
10308
10308
10308
10308
10308
10308
10308
10308
10308
10308
10308
10308
10308
10308
10308
10308
10308
10308
10308
10308
10308
10308
10308
10308
10308
10308
10308
10308
10308
10308
10308
10308
10308
10308
10308
10308
10308
10308
10308
10308
10308
10308
10308
10308
10308
10308
10308
10308
10308
10308
10308
10308
10308
10308
10308
10308
10308
10308
10308
10308
10308
10308
10308
10308
10308
10308
10308
10308
10308
10308
10308
10308
10308
10308
10308
10308
10308
10308
10308
10308
10308
10308
10308
10308
10308
10308
10308
10308
10308
10308
10308
10308
10308
10308
10308
10308
10308
10143
10143
10143
10143
10143
10143
10143
10143
10143
10143
10143
10143
9993
9993
9993
9993
9993
9993
9993
9876
9876
9876
9876
9822
9822
9822
9822
9822
9822
9822
9822
9822
9822
9822
9822
9822
9822
9822
9822
9822
9822
9822
9691
9691
9691
9691
9691
9691
9691
9691
9691
9691
9691
9691
9691
9691
9691
9691
9691
9691
9691
9691
9691
9691
9691
9691
9691
9691
9691
9691
9691
9691
9691
9691
9691
9691
9691
9691
9691
9691
9691
9691
9691
9691
9691
9691
9691
9691
9691
9691
9691
9691
9691
9691
9629
9629
9629
9629
9629
9629
9629
9629
9629
9629
9629
9629
9629
9629
9629
9629
9629
9629
9629
9629
9629
9629
9629
9629
9629
9629
9629
9629
9362
9362
9362
9362
9362
9362
9362
9362
9362
9362
9362
9362
9362
9362
9362
9362
9362
9362
9362
9362
9362
9362
9362
9362
9362
9362
9362
9362
9362
9362
9346
9346
9346
9346
9346
9346
9346
9346
9346
9346
9346
9346
9346
9346
9346
9346
9346
9346
9346
9346
9346
9346
9346
9346
9346
9346
9346
9346
9346
9346
9346
9346
9346
9346
9346
9346
9346
9346
9346
9346
9346
9346
9346
9346
9346
9346
9346
9346
9346
9346
9346
9346
9346
9346
9346
9346
9346
9346
9346
9346
9346
9346
9346
9346
9346
9346
9346
9346
9346
9346
9346
9346
9346
9346
9346
9346
9346
9346
9346
9346
9346
9346
9346
9346
9346
9346
9346
9346
9346
9346
9346
9346
9346
9346
9346
9346
9346
9346
9346
9346
9346
9346
9346
9346
9346
9346
9346
9346
9346
9346
9346
9346
9346
9346
9346
9346
9346
9346
9346
9346
9346
9346
9346
9346
9346
9346
9346
9346
9346
9346
9346
9346
9346
9346
9346
9346
9346
9346
9346
9346
9346
9346
9346
9346
9346
9346
9346
9346
9346
9346
9346
9346
9346
9346
9346
9346
9346
9346
9346
9346
9346
9346
9346
9346
9346
9346
9346
9346
9346
9346
9346
9346
9334
9334
9334
9334
9334
9334
9334
9334
9334
9334
9334
9334
9334
9334
9334
9334
9334
9220
9220
9220
9220
9220
9220
9220
9220
9220
9220
9220
9220
9220
9220
9220
9220
9220
9220
9220
9220
9220
9198
9198
9198
9198
9198
9198
9198
9198
9198
9198
9198
9198
9198
9198
9198
9198
9198
9198
9198
9198
9198
9198
9198
9198
9198
9198
9198
9198
9198
9198
9198
9198
9198
9198
9198
9198
9198
9198
9198
9198
9198
9198
9198
9198
9198
9198
9198
9198
9198
9198
9198
9198
9198
9198
9198
9198
9198
9198
9198
9198
9198
9198
9198
9198
9198
9198
9198
9198
9198
9198
9198
9198
9198
9198
9198
9198
9198
9198
9198
9038
9038
9038
9038
9038
9038
9038
9038
9038
9038
9038
9038
9038
9038
9038
9038
9038
9038
9038
9038
9038
9038
9038
9038
9038
9038
9038
8955
8955
8955
8955
8955
8955
8955
8955
8955
8955
8955
8955
8955
8955
8955
8955
8955
8955
8955
8955
8863
8863
8863
8863
8863
8863
8863
8863
8863
8863
8863
8863
8863
8863
8863
8863
8780
8780
8780
8780
8780
8780
8780
8780
8780
8780
8780
8780
8780
8738
8738
8738
8738
8738
8738
8738
8738
8738
8738
8738
8738
8738
8738
8738
8738
8738
8738
8738
8738
8738
8738
8738
8738
8738
8738
8738
8738
8738
8738
8738
8738
8738
8738
8738
8738
8738
8738
8738
8738
8738
8738
8738
8738
8738
8738
8738
8738
8738
8738
8738
8738
8738
8738
8738
8738
8738
8738
8738
8738
8738
8738
8738
8738
8738
8738
8738
8738
8738
8738
8738
8738
8738
8738
8738
8738
8738
8738
8738
8738
8738
8738
8738
8738
8738
8738
8738
8738
8738
8738
8738
8738
8738
8738
8738
8738
8738
8631
8631
8631
8631
8631
8631
8631
8631
8631
8631
8631
8631
8631
8631
8631
8631
8631
8631
8631
8631
8631
8631
8631
8631
8631
8631
8631
8631
8631
8631
8631
8631
8631
8631
8631
8631
8631
8631
8631
8631
8631
8631
8631
8631
8631
8631
8631
8631
8631
8631
8631
8631
8631
8631
8631
8631
8631
8631
8631
8631
8631
8631
8631
8631
8631
8631
8631
8631
8631
8631
8631
8631
8631
8631
8631
8631
8631
8631
8631
8631
8631
8631
8631
8631
8631
8631
8631
8631
8631
8631
8631
8631
8631
8631
8631
8631
8631
8631
8631
8631
8631
8631
8631
8631
8631
8631
8631
8631
8631
8631
8631
8631
8631
8631
8631
8631
8631
8631
8631
8631
8631
8631
8631
8631
8631
8631
8631
8631
8631
8631
8631
8631
8631
8631
8631
8631
8631
8631
8631
8631
8631
8631
8631
8580
8580
8580
8580
8580
8580
8580
8580
8580
8580
8580
8580
8580
8580
8580
8580
8580
8580
8580
8580
8580
8580
8580
8580
8580
8580
8580
8580
8580
8580
8580
8580
8580
8580
8580
8580
8580
8580
8580
8580
8580
8580
8580
8580
8580
8580
8580
8560
8560
8560
8560
8560
8560
8560
8560
8560
8560
8560
8560
8560
8560
8560
8560
8560
8560
8560
8560
8560
8560
8234
8234
8234
8234
8234
8234
8234
8234
8234
8234
8234
8234
8234
8234
8234
8234
8234
8234
8234
8234
8234
8234
8234
8234
8234
8234
8234
8234
8234
8205
8205
8205
8205
8205
8205
8205
8205
8205
8116
8116
8116
8116
8116
8116
8116
8116
8116
8116
8116
8116
8116
8116
8116
8116
8116
8116
8026
8026
8026
8026
8026
8026
8026
8026
8026
8026
8026
8026
8026
8026
8026
8026
8026
8026
8026
8026
8026
8026
8026
8026
8026
8026
8026
8026
8026
8026
8026
8026
8026
8026
8026
7931
7931
7931
7931
7931
7931
7931
7931
7931
7931
7931
7931
7931
7931
7931
7931
7931
7931
7931
7931
7931
7931
7931
7931
7931
7931
7931
7931
7931
7931
7931
7931
7931
7931
7931
7931
7931
7931
7931
7931
7931
7931
7931
7931
7931
7931
7931
7931
7931
7931
7931
7931
7931
7931
7931
7931
7931
7931
7931
7931
7931
7931
7931
7931
7931
7931
7931
7931
7931
7931
7931
7931
7931
7931
7931
7931
7931
7931
7931
7931
7931
7931
7931
7931
7931
7931
7931
7931
7931
7931
7931
7931
7931
7931
7931
7931
7931
7931
7931
7931
7931
7931
7931
7931
7931
7931
7931
7931
7931
7931
7931
7931
7931
7931
7931
7931
7931
7931
7931
7931
7931
7931
7931
7931
7931
7931
7931
7931
7931
7931
7931
7931
7915
7915
7915
7915
7915
7915
7915
7915
7915
7915
7915
7915
7915
7915
7915
7915
7915
7915
7915
7915
7915
7915
7915
7915
7915
7915
7915
7915
7915
7915
7915
7915
7915
7915
7915
7915
7915
7915
7915
7915
7915
7915
7915
7915
7915
7915
7915
7915
7915
7915
7915
7915
7915
7915
7915
7915
7915
7915
7915
7915
7915
7915
7915
7915
7915
7824
7824
7824
7824
7824
7824
7824
7824
7824
7824
7824
7824
7824
7824
7824
7824
7824
7824
7824
7824
7824
7824
7824
7824
7824
7824
7824
7824
7824
7824
7824
7824
7824
7824
7824
7824
7824
7824
7824
7824
7824
7824
7824
7824
7824
7824
7824
7824
7824
7824
7824
7824
7824
7824
7824
7824
7824
7824
7824
7824
7824
7824
7824
7824
7824
7824
7824
7824
7824
7824
7824
7824
7824
7824
7824
7824
7824
7824
7824
7824
7824
7824
7824
7824
7824
7824
7824
7824
7824
7824
7824
7824
7824
7824
7824
7824
7824
7824
7824
7824
7824
7824
7824
7824
7824
7824
7824
7824
7824
7824
7824
7824
7824
7824
7824
7824
7824
7824
7824
7824
7824
7824
7824
7824
7824
7824
7824
7824
7824
7824
7824
7824
7824
7824
7824
7824
7824
7824
7824
7824
7824
7824
7824
7824
7824
7824
7824
7824
7774
7774
7774
7774
7774
7774
7774
7774
7774
7774
7774
7774
7774
7774
7774
7774
7774
7774
7774
7774
7774
7774
7774
7774
7774
7774
7774
7774
7774
7774
7774
7774
7774
7774
7774
7774
7774
7774
7774
7774
7774
7774
7774
7774
7774
7774
7774
7774
7774
7774
7774
7774
7774
7774
7774
7774
7774
7774
7774
7774
7774
7774
7650
7650
7650
7650
7650
7650
7650
7650
7650
7650
7650
7650
7650
7650
7650
7650
7650
7650
7650
7650
7650
7650
7650
7650
7650
7650
7650
7650
7650
7650
7650
7650
7650
7650
7650
7650
7650
7544
7544
7544
7544
7544
7544
7544
