-1
-1
-1
-1
-1
-1
-1
-1
-1
-1
-1
-1
-1
-1
-1
-1
-1
-1
-1
-1
-1
-1
-1
-1
-1
-1
-1
-1
-1
-1
-1
-1
-1
-1
-1
-1
-1
-1
-1
-1
-1
-1
-1
-1
-1
-1
-1
-1
-1
-1
-1
-1
-1
-1
-1
-1
-1
-1
-1
-1
-1
-1
-1
-1
-1
-1
-1
-1
-1
-1
-1
-1
-1
-1
-1
-1
-1
-1
-1
-1
-1
-1
-1
-1
-1
-1
-1
-1
150576
144488
141404
141404
139331
136285
136285
136285
131518
131518
131377
131377
131377
131377
131377
131377
131208
131208
131208
131208
131208
131208
127991
127510
127510
127465
127465
127465
127465
127465
127465
127465
127465
127465
127465
125630
124332
120166
119617
119617
117660
117660
117660
115937
115937
115614
115614
115614
115614
115614
115614
115614
115288
115288
115288
115288
111520
107650
105560
104275
104275
104275
101203
98862
98063
98063
98063
98063
98063
97557
95339
91813
91813
91813
91813
91813
91813
90510
90510
90510
90510
90510
90510
90510
89450
89450
88353
88353
88353
88353
86945
86945
84728
81683
81683
81683
79601
78833
78833
78833
77564
75689
75689
75689
75689
75689
74635
74635
74635
74635
74635
74635
74635
74089
73041
72539
72539
72539
72539
72508
72508
72508
72508
72508
72508
72508
70865
69524
69524
69178
69178
69178
69178
69178
69178
69178
69178
69178
69178
69178
69178
69178
69178
69178
69178
69178
69178
69178
69178
68657
65139
65139
65139
65139
65139
64336
64336
64336
64336
63958
63958
63958
63958
63958
63958
63958
63958
63958
63958
63958
63090
63090
63090
63090
63090
63090
63090
63090
63090
63090
63090
63090
63090
63090
63090
63090
63090
63090
63090
63090
63090
62554
62554
62554
61407
61407
61407
60383
60383
60383
60383
60383
60383
59800
59800
59745
59745
59745
59745
59745
59745
59745
59745
59745
59745
59745
59745
59447
59447
59447
59447
59447
59447
57097
57097
57097
57097
57097
57097
57097
57097
56328
56328
56328
56328
55911
55911
55911
55911
55911
55911
51028
49833
49833
49833
48646
48085
47047
47047
47047
47047
47047
47047
47047
47047
47047
46622
45165
44921
44921
44921
44921
44921
44921
44921
44921
43680
43680
43680
43680
43680
43638
43638
42838
42635
42635
42635
42635
42635
42635
42635
42393
42393
42393
42393
42393
42393
42232
42232
42232
42232
42232
42232
42232
42232
42232
42232
42232
42232
42232
42232
42232
42232
42232
42232
42232
42232
42232
42232
42232
42232
42232
42232
42232
41400
41400
41400
41400
41400
41400
41400
41400
41400
41400
41400
40282
40282
40282
40282
40282
39541
39541
39541
39541
39541
39398
39398
39398
39398
39398
39398
39398
39398
39398
39398
39398
39398
39398
39398
39398
39398
39398
39315
39315
39315
39315
39315
37842
37842
37842
37842
37842
37842
37842
37685
37685
37685
37685
37685
37685
37685
37685
37685
37039
37039
37039
37039
37039
37039
37039
37039
37039
37039
37039
37039
35825
35825
35825
35825
35825
35825
35825
35825
35825
35100
35100
35100
35100
35100
35100
35100
35100
35100
35100
34240
34240
34240
34240
34240
34240
33931
33931
33931
33931
33931
33931
33931
33931
33931
33931
33931
33931
33931
33575
33575
33575
33575
33575
33575
33575
33575
32724
31349
31349
31349
31349
31349
31349
31349
31349
30967
30967
30967
30885
30420
30420
30420
30420
30420
30420
30420
30420
30420
30420
30420
30420
30072
29550
29550
28619
28403
28403
28403
28403
28403
28403
28403
28403
28403
28403
28403
28403
27950
27950
27950
27950
27950
27950
27950
27950
27950
27950
27950
27950
27950
27950
27950
27950
27950
27444
27444
27444
27444
27444
27444
27444
27444
27444
27444
27444
27444
27444
27444
27444
27444
27444
27444
27444
27444
27444
27444
27444
27444
27444
27444
27444
27444
27444
27444
27444
27444
27444
27444
27444
27444
27444
26515
26515
26515
26515
26515
26515
26515
26515
26515
26515
26515
26515
26515
26515
26515
26515
26515
26515
26445
26445
26445
26445
25413
25413
25413
24876
24876
24876
24876
24876
24505
24505
24505
24505
24505
24046
23473
23473
23473
23473
23473
23473
23473
23473
23473
23473
23473
23473
23473
23473
23473
22843
22843
22843
22843
22843
22843
22843
22843
22843
22843
22843
22843
22843
22843
22843
22843
22843
22843
22843
22843
22843
22843
22843
22843
22229
22229
22229
22229
22229
22229
22229
22229
22229
22229
22229
22229
22229
22229
22229
22229
21935
21580
21580
21580
21580
21580
21580
21580
21580
21580
21002
21002
21002
21002
21002
20730
20730
20730
20730
20730
20730
20730
20730
20730
20730
20730
20292
20292
20292
20292
20292
20292
20292
20292
19929
19929
19929
19860
19860
18624
18624
18624
18236
18236
18236
18236
18236
18236
18236
18236
18236
18236
18236
17898
17898
17898
17898
17898
17898
17898
17656
17656
17656
17656
17656
17656
17656
17656
17656
17656
17656
17545
17545
17545
17545
17545
17529
17529
17529
17529
17529
17529
17529
17529
17529
17529
17529
17212
17212
17212
17212
17212
17212
17212
17212
17212
17212
17212
17212
17212
17212
17212
17212
17212
17212
17212
17137
17137
17137
17137
17137
17137
17137
17137
17137
17137
17137
17137
16869
16869
16869
16869
16869
16869
16869
16869
16869
16869
16834
16834
16834
16834
16834
16834
16834
16834
16834
16834
16834
16834
16834
16834
16834
16834
16834
16834
16834
16834
16834
16834
16834
16447
16047
16047
16047
16047
16047
16047
16047
16047
16047
16047
16047
16047
16047
16047
15962
15962
15962
15962
15962
15962
15962
15962
15962
15962
15962
15962
15814
15814
15814
15814
15814
15814
15814
15814
15814
15814
15814
15814
15814
15814
15814
15814
15814
15560
15560
15560
15560
15560
15560
15560
15560
15560
15560
15560
15560
15560
15560
15560
15560
15560
15560
15560
15560
15560
15560
15560
15560
15560
15560
15560
15560
15560
15560
15560
15560
15560
15560
15560
15560
15560
15560
15419
15419
15419
15419
15419
15419
15419
15419
15419
15419
15419
15419
15419
15419
15419
15419
15419
15419
15419
15419
15419
15010
15010
15010
15010
15010
15010
15010
15010
15010
15010
15010
15010
15010
15010
15010
15010
15010
15010
15010
15010
15010
15010
15010
15010
15010
15010
15010
15010
15010
15010
15010
15010
15010
15010
15010
15010
15010
15010
15010
15010
15010
15010
15010
15010
15010
15010
15010
15010
15010
15010
15010
14893
14893
14893
14893
14893
14430
14430
14430
14430
14430
14430
14430
14430
14430
14430
14430
13887
13887
13887
13887
13887
13226
13226
13226
13226
13226
13226
13226
13226
13056
13056
13056
13056
13056
13056
13056
13056
13056
12918
12918
12918
12918
12918
12918
12918
12918
12873
12873
12873
12873
12873
12567
12274
12274
12274
12274
12274
12274
12274
12274
12274
11991
11991
11991
11991
11991
11991
11991
11991
11991
11991
11991
11991
11991
11836
10698
10698
10698
10698
10698
10698
10698
10698
10698
10698
10698
10698
10698
10698
10698
10698
10698
10698
10698
10698
10698
10698
10698
10698
10698
10698
10698
10698
10698
10698
10698
10698
10698
10320
10320
10320
10320
10320
10320
10320
10320
10320
10141
10141
10141
10141
10141
10141
10141
10141
9811
9811
9811
9811
9811
9811
9811
9811
9811
9537
9537
9537
9537
9537
9537
9537
9448
9448
9448
9448
9448
9448
9448
9448
9448
9448
9448
9448
9448
9448
9448
9448
9448
9448
9448
8646
8646
8646
8646
8646
8646
8646
8646
8646
8646
8646
8646
8646
8646
8646
8646
8646
8646
8646
8646
8646
8646
8646
8646
8646
8646
8646
8646
8646
8646
8646
8646
8646
8646
8646
8646
8646
8646
8646
8646
8646
8646
8646
8646
8646
8646
8646
8646
8646
8646
8646
8646
8646
8646
8646
8646
8646
8646
8646
8607
8607
8607
8607
8607
8607
8607
8607
8607
8607
8607
8607
8607
8607
8607
8607
8607
8607
8607
8607
8607
8607
8607
8607
8607
8607
8607
8607
8607
8607
8607
8607
8607
8607
8607
8607
8607
8607
8607
8607
8607
8607
8607
8607
8607
8607
8607
8607
8607
8607
8607
8607
8607
8607
8607
8607
8607
8607
8607
8273
8273
8273
8273
8273
8273
8273
8273
8273
8273
8273
8273
8273
8273
8273
8273
8273
8273
8273
8273
8273
8273
8273
8273
8273
8273
8273
8273
8273
8273
8273
8273
8273
8273
8273
8273
8273
8273
8273
8273
8273
8273
8273
8273
8273
8273
8273
8273
8273
8273
8273
8273
8273
8273
8273
8273
8273
8273
8273
8273
8273
8273
8273
8273
8273
8273
8273
8273
8273
8273
8273
8273
8273
8273
8273
8273
8273
8273
8273
8273
8273
8273
8273
8273
8273
8273
8273
8273
8273
8273
8273
8273
8273
8273
8273
8273
8273
8273
8273
8273
8273
8273
8273
8273
8273
8273
8273
8273
8273
8273
8273
8273
8273
8273
8273
8273
8273
8273
8273
8273
8273
8273
8273
8273
8273
8273
8273
8273
8273
8273
8247
8247
8247
8247
8247
8247
7968
7968
7968
7968
7968
7968
7968
7968
7968
7968
7968
7968
7968
7968
7968
7968
7968
7968
7968
7968
7968
7968
7968
7968
7968
7968
7968
7968
7968
7968
7968
7968
7968
7968
7968
7968
7968
7968
7968
7968
7968
7968
7968
7968
7968
7968
7968
7968
7968
7968
7968
7968
7968
7968
7968
7968
7968
7968
7968
7968
7968
7738
7738
7738
7738
7738
7738
7738
7738
7738
7738
7738
7738
7738
7676
7676
7676
7676
7676
7676
7676
7676
7676
7676
7676
7676
7451
7451
7451
7451
7451
7451
7451
7451
7451
7451
7451
7451
7451
7451
7451
7451
7451
7451
7451
7451
7451
7451
7451
7451
7451
7451
7451
7451
7451
7451
7451
7451
7451
7451
7451
7451
7451
7451
7451
7451
7451
7451
7451
7451
7451
7299
7299
7299
7254
7254
7254
7254
7254
7254
7254
7254
7254
7254
7254
7254
7254
7254
7254
7254
7254
7254
7254
7254
7254
7254
7254
7254
7254
7254
7254
7254
7254
7254
7254
7254
7254
7082
7082
7082
7082
7082
7082
7082
7082
7082
7082
7082
7082
7082
7082
7082
7019
7019
7019
7019
7019
7019
7019
7019
7019
7019
7019
7019
7019
7019
7019
7019
6963
6963
6963
6963
6963
6963
6963
6963
6963
6963
6963
6963
6963
6963
6963
6963
6963
6963
6963
6963
6963
6963
6945
6945
6945
6945
6945
6945
6945
6945
6848
6848
6848
6848
6848
6848
6848
6848
6848
6848
6848
6848
6848
6848
6848
6848
6848
6848
6848
6848
6848
6848
6848
6848
6848
6848
6848
6734
6734
6734
6734
6734
6734
6734
6734
6734
6734
6734
6734
6734
6734
6734
6734
6734
6734
6734
6734
6734
6734
6734
6734
6734
6734
6734
6734
6734
6734
6734
6734
6734
6734
6734
6734
6734
6734
6734
6734
6734
6734
6734
6734
6734
6734
6734
6734
6734
6734
6734
6734
6734
6734
6734
6734
6734
6734
6734
6734
6734
6734
6734
6734
6734
6734
6734
6734
6734
6734
6734
6734
6734
6734
6734
6734
6734
6734
6734
6734
6734
6734
6734
6734
6734
6734
6734
6734
6734
6734
6734
6734
6734
6734
6734
6734
6734
6734
6734
6734
6734
6734
6734
6734
6734
6734
6734
6734
6734
6674
6674
6674
6674
6674
6674
6674
6674
6674
6674
6674
6674
6674
6674
6674
6674
6674
6674
6674
6674
6674
6674
6674
6674
6674
6674
6459
6430
6430
6430
6430
6430
6430
6430
6430
6430
6430
6430
6430
6430
6430
6430
6430
6430
6430
6430
6430
6430
6430
6430
6430
6430
6430
6430
6430
6430
6430
6430
6430
6430
6430
6430
6430
6430
6430
6430
6430
6430
6430
6430
6430
6430
6430
6430
6430
6430
6430
6430
6430
6430
6430
6327
6327
6327
6327
6327
6327
6312
6312
6312
6312
6312
6312
6312
6312
6312
6312
6312
6312
6312
6312
6312
6312
6312
6312
6312
6312
6312
6312
6312
6312
6312
6312
6312
6312
6312
6312
6312
6312
6312
6312
6312
6312
6312
6312
6312
6312
6312
6312
6312
6312
6312
6312
6312
6312
6312
6312
6312
6312
6312
6308
6308
6308
6308
6308
6308
6095
6095
6095
6095
6095
6095
6095
6095
6095
6095
6095
6095
6095
6095
6095
6095
6095
6095
6095
6095
5888
5888
5888
5888
5888
5888
5888
5888
5888
5888
5888
5888
5888
5888
5888
5888
5888
5888
5888
5888
5888
5888
5888
5888
5888
5888
5888
5888
5888
5888
5888
5888
5888
5888
5888
5888
5888
5888
5888
5888
5888
5888
5888
5860
5860
5860
5860
5860
5860
5860
5860
5860
5860
5860
5860
5860
5860
5860
5860
5860
5860
5860
5860
5860
5860
5860
5860
5860
5860
5860
5700
5700
5700
5700
5700
5700
5700
5700
5700
5700
5700
5700
5700
5700
5700
5700
5700
5700
5700
5700
5700
5700
5700
5700
5700
5700
5700
5700
5700
5700
5700
5700
5700
5700
5700
5700
5700
5700
5700
5700
5700
5700
5700
5700
5700
5700
5700
5700
5700
5700
5700
5700
5700
5700
5700
5700
5700
5700
5700
5700
5700
5700
5700
5700
5700
5700
5700
5700
5700
5700
5700
5700
5700
5700
5700
5700
5700
5700
5700
5700
5700
5700
5700
5700
5700
5700
5700
5700
5700
5700
5700
5700
5700
5700
5700
5700
5700
5700
5700
5700
5700
5700
5700
5700
5700
5700
5700
5700
5700
5700
5700
5700
5700
5700
5700
5700
5700
5700
5700
5700
5700
5700
5700
5700
5700
5700
5700
5700
5700
5700
5700
5700
5700
5700
5700
5700
5700
5618
5618
5618
5618
5618
5618
5618
5187
5187
5187
5187
5187
5187
5187
5187
5187
5187
5187
5187
5187
5187
5187
5187
5187
5187
5187
5187
5187
5187
5187
5187
5187
5187
5187
5187
5187
5187
5187
5034
5034
5034
5034
5034
5034
5034
5034
5034
5034
5034
5034
5034
5034
5034
5034
5034
5034
5034
5034
5034
5034
5034
5034
5034
5034
5034
5034
5034
5034
5034
5034
5034
5034
5034
5034
5034
5034
5034
5034
5034
5034
5034
5034
5034
5034
5034
5034
5034
5034
5034
5034
5034
5034
5034
5034
5034
5034
5034
5034
5034
5034
5034
5034
5034
5034
5034
5034
5034
5034
5034
5034
4942
4942
4942
4942
4942
4942
4942
4942
4942
4942
4942
4942
4942
4942
4942
4942
4942
4942
4942
4942
4942
4942
4942
4942
4942
4942
4942
4942
4942
4863
4863
4863
4863
4863
4863
4863
4863
4863
4863
4863
4863
4863
4863
4863
4863
4863
4863
4863
4863
4863
4863
4863
4863
4863
4863
4863
4863
4863
4863
4863
4863
4863
4863
4863
4863
4863
4863
4863
4863
4863
4863
4863
4863
4863
4863
4863
4863
4863
4863
4863
4863
4863
4863
4863
4863
4863
4863
4863
4863
4863
4863
4863
4863
4863
4863
4863
4863
4863
4863
4863
4863
4863
4863
4863
4863
4863
4863
4863
4863
4863
4863
4863
4863
4863
4863
4863
4863
4863
4863
4863
4863
4863
4863
4863
4863
4863
4847
4847
4847
4847
4847
4847
4847
4847
4847
4847
4847
4847
4847
4847
4847
4847
4847
4847
4847
4847
4847
4847
4847
4847
4847
4847
4847
4847
4847
4847
4847
4847
4847
4847
4847
4847
4847
4847
4847
4847
4847
4847
4847
4847
4847
4847
4847
4847
4847
4847
4847
4847
4847
4847
4847
4847
4847
4847
4847
4847
4847
4847
4847
4847
4847
4847
4847
4847
4847
4847
4847
4847
4847
4847
4847
4847
4847
4847
4847
4847
4847
4847
4847
4847
4847
4847
4847
4847
4847
4847
4847
4847
4847
4847
4847
4847
4847
4847
4847
4847
4847
4847
4847
4847
4847
4847
4847
4847
4847
4847
4847
4847
4847
4847
4847
4847
4847
4847
4847
4847
4847
4847
4847
4847
4847
4847
4847
4847
4847
4847
4847
4847
4847
4847
4847
4847
4847
4847
4847
4847
4847
4847
4847
4847
4847
4847
4847
4847
4847
4847
4847
4847
4847
4847
4847
4847
4847
4847
4847
4847
4847
4847
4847
4847
4847
4847
4847
4847
4847
4847
4847
4847
4847
4847
4847
4847
4847
4847
4847
4847
4847
4847
4847
4847
4847
4847
4847
4847
4847
4847
4847
4847
4847
4847
4847
4847
4847
4847
4847
4847
4847
4847
4847
4847
4847
4847
4847
4847
4847
4847
4847
4847
4847
4847
4847
4847
4847
4847
4847
4847
4847
4847
4847
4847
4847
4847
4847
4847
4847
4847
4847
4847
4847
4847
4847
4847
4847
4847
4847
4847
4847
4847
4847
4847
4847
4847
4847
4847
4847
4847
4847
4847
4847
4847
4847
4847
4847
4847
4847
4847
4847
4847
4847
4847
4847
4847
4847
4847
4847
4847
4847
4847
4847
4847
4847
4847
4847
4847
4847
4847
4847
4847
4847
4847
4847
4847
4847
4847
4847
4847
4847
4847
4847
4847
4847
4847
4847
4847
4847
4847
4847
4847
4847
4847
4847
4847
4847
4847
4847
4847
4847
4847
4847
4847
4847
4847
4847
4847
4847
4847
4847
4847
4847
4670
4670
4670
4670
4670
4670
4670
4670
4670
4670
4670
4670
4670
4670
4670
4670
4670
4670
4670
4670
4670
4670
4670
4670
4670
4670
4670
4670
4670
4670
4670
4670
4670
4670
4670
4670
4670
4670
4670
4670
4670
4670
4670
4670
4670
4670
4670
4670
4670
4670
4670
4670
4670
4670
4670
4670
4670
4670
4670
4670
4670
4670
4670
4670
4670
4670
4670
4670
4670
4670
4670
4670
4670
4670
4670
4670
4670
4670
4670
4670
4670
4670
4670
4670
4670
4670
4670
4670
4670
4670
4670
4670
4670
4499
4499
4499
4499
4499
4499
4499
4499
4499
4499
4499
4499
4499
4499
4499
4499
4499
4499
4499
4499
4499
4499
4499
4499
4499
4499
4499
4499
4499
4499
4499
4499
4499
4499
4499
4499
4499
4499
4499
4499
4499
4499
4499
4499
4499
4499
4499
4499
4499
4499
4499
4499
4499
4499
4499
4499
4499
4499
4460
4460
4460
4460
4460
4460
4460
4460
4460
4460
4460
4460
4460
4460
4460
4460
4460
4460
4460
4460
4460
4460
4460
4460
4365
4365
4365
4365
4365
4365
4365
4365
4365
4365
4365
4365
4365
4365
4365
4365
4365
4365
4365
4365
4365
4365
4365
4365
4365
4365
4365
4365
4365
4365
4365
4365
4365
4365
4365
4365
4365
4365
4365
4365
4365
4365
4365
4365
4365
4365
4365
4365
4365
4365
4365
4365
4365
4365
4365
4365
4365
4365
4365
4365
4365
4365
4365
4365
4365
4365
4365
4365
4365
4365
4365
4365
4365
4365
4365
4365
4365
4365
4365
4365
4365
4365
4365
4292
4292
4292
4292
4292
4292
4292
4292
4292
4292
4264
4264
4264
4264
4264
4264
4264
4264
4264
4264
4264
4264
4264
4264
4264
4264
4264
4264
4264
4264
4264
4264
4264
4264
4243
4243
4243
4243
4243
4243
4243
4243
4243
4243
4243
4243
4243
4243
4243
4243
4243
4243
4243
4243
4243
4243
4243
4243
4243
4243
4243
4243
4243
4243
4243
4243
4243
4243
4243
4243
4243
4243
4243
4243
4243
4243
4243
4243
4243
4243
4243
4243
4243
4243
4243
4243
4243
4243
4243
4243
4243
4243
4243
4243
4243
4243
4243
4243
4243
4243
4243
4243
4243
4243
4243
4111
4111
4111
4111
4111
4111
4111
4111
4111
4111
3927
3927
3927
3927
3927
3927
3927
3927
3927
3927
3927
3927
3927
3927
3927
3927
3927
3927
3927
3927
3927
3927
3927
3927
3927
3927
3927
3927
3927
3927
3927
3927
3927
3927
3927
3927
3927
3927
3927
3927
3927
3927
3927
3927
3927
3927
3927
3927
3927
3927
3927
3927
3927
3854
3854
3854
3854
3854
3854
3854
3854
3854
3854
3854
3854
3854
3854
3854
3854
3854
3854
3854
3854
3854
3854
3854
3854
3854
3854
3854
3854
3854
3854
3854
3854
3854
3854
3854
3854
3854
3854
3854
3854
3854
3854
3854
3854
3854
3854
3854
3854
3854
3854
3854
3854
3854
3854
3854
3854
3806
3806
3806
3806
3806
3806
3806
3806
3806
3806
3806
3806
3806
3806
3806
3806
3806
3806
3806
3806
3806
3806
3806
3806
3806
3806
3806
3806
3806
3770
3770
3770
3770
3770
3770
3770
3770
3770
3770
3770
3770
3770
3770
3770
3770
3770
3770
3770
3770
3770
3770
3770
3770
3770
3770
3770
3770
3770
3770
3770
3770
3770
3770
3770
3770
3770
3770
3770
3770
3770
3770
3770
3770
3770
3770
3770
3770
3770
3770
3770
3770
3770
3770
3770
3770
3770
3770
3770
3770
3770
3770
3770
3770
3770
3770
3770
3770
3770
3770
3770
3770
3770
3770
3770
3770
3770
3770
3770
3770
3770
3770
3770
3728
3728
3728
3728
3728
3728
3728
3728
3728
3728
3728
3728
3728
3728
3728
3728
3728
3728
3728
3728
3728
3728
3728
3728
3728
3728
3728
3728
3728
3728
3728
3728
3728
3728
3728
3728
3728
3728
3728
3728
3728
3728
3728
3728
3728
3728
3594
3594
3594
3594
3594
3594
3594
3594
3594
3594
3594
3594
3594
3594
3594
3594
3594
3594
3594
3594
3594
3594
3594
3594
3594
3594
3594
3594
3594
3594
3594
3594
3594
3594
3594
3594
3594
3594
3594
3594
3594
3594
3594
3594
3594
3594
3594
3594
3594
3594
3594
3594
3594
3594
3594
3594
3594
3594
3594
3594
3594
3594
3594
3594
3594
3594
3576
3576
3576
3576
3576
3576
3576
3576
3576
3576
3576
3576
3576
3576
3576
3576
3576
3576
3576
3576
3576
3576
3576
3576
3576
3576
3576
3576
3576
3576
3576
3576
3576
3576
3576
3576
3576
3576
3576
3576
3576
3576
3576
3576
3576
3535
3535
3535
3535
3535
3535
3535
3535
3535
3535
3464
3464
3464
3464
3464
3464
3464
3464
3464
3464
3464
3464
3464
3464
3464
3320
3320
3320
3320
3320
3320
3320
3320
3320
3320
3320
3320
3320
3320
3320
3320
3320
3320
3320
3320
3320
3320
3320
3309
3309
3309
3309
3309
3309
3309
3309
3309
3309
3309
3309
3309
3309
3309
3309
3309
3309
3309
3309
3309
3309
3309
3309
3309
3309
3309
3309
3309
3309
3309
3309
3309
3309
3309
3309
3309
3309
3309
3309
3309
3309
3309
3231
3231
3231
3231
3231
3231
3231
3231
3231
3231
3231
3231
3231
3231
3231
3231
3231
3231
3231
3231
3231
3231
3231
3231
3231
3231
3231
3231
3231
3172
3172
3172
3172
3172
3172
3172
3172
3172
3172
3172
3172
3172
3172
3172
3172
3172
3172
3172
3172
3172
3172
3172
3172
3172
3172
3172
3172
3172
3172
3172
3172
3172
3172
3172
3172
3172
3172
3172
3172
3172
3172
3172
3172
3172
3172
3172
3172
3172
3172
3172
3172
3172
3172
3172
3172
3172
3172
3172
3172
3172
3172
3172
3172
3172
3172
3172
3172
3172
3172
3172
3172
3172
3172
3172
3172
3172
3172
3172
3172
3172
3172
3172
3172
3172
3172
3172
3172
3172
3172
3172
3172
3172
3172
3172
3172
3172
3172
3172
3172
3172
3172
3172
3172
3172
3172
3172
3172
3172
3172
3172
3172
3172
3172
3172
3172
3172
3172
3172
3172
3172
3172
3172
3172
3119
3119
3119
3119
3119
3119
3119
3119
3119
3119
3119
3119
3119
3119
3119
3119
3119
3119
3119
3119
3119
3119
3119
3119
3119
3119
3119
3119
3119
3119
3119
3119
3119
3119
3119
3119
3119
3119
3119
3119
3119
3119
3119
3119
3119
3119
3119
3119
3119
3119
3119
3119
3119
3119
3119
3119
3119
3119
3119
3119
3119
3119
3119
3119
3119
3119
3119
3119
3119
3119
3119
3119
3119
3119
3119
3119
3119
3119
3119
3119
3119
3119
3119
3119
3119
3119
3119
3119
3119
3119
3119
3119
3119
3119
3119
3119
3119
3119
3119
3119
3119
3119
3119
3119
3119
3119
3119
3119
3119
3119
3119
3119
3119
3119
3119
3119
3119
3119
3119
3119
3119
3119
3119
3119
3119
3119
3119
3119
3119
3119
3119
3119
3119
3119
3119
3119
3119
3119
3119
3119
3119
3119
3119
3089
3089
3089
3089
3087
3087
3087
3087
3087
3087
3087
3087
3087
3087
3087
3087
3087
3087
3087
3087
3087
3087
3087
3087
3087
3087
3087
3087
3087
3087
3087
3087
3087
3037
3037
3037
3037
3037
3037
3037
3037
3037
3037
3037
3037
3037
3037
3037
3037
3037
3037
3037
3037
3037
3037
3037
3037
3037
3037
3037
3037
3037
3037
3037
3037
3037
3037
3037
3037
3037
3037
3037
3037
3037
3037
3037
3037
3037
3037
3037
3037
3037
3037
3037
3037
3037
3037
3037
3037
3037
3037
3037
3037
3037
3037
3037
3037
3037
3037
3037
3037
3037
3037
3037
3037
3037
3037
3037
3037
3037
3037
3037
3037
3037
3037
3037
3037
3037
3037
3037
3037
3037
3037
3037
3037
3037
3037
3037
3037
3037
3037
3037
3037
3037
3037
3037
3037
3037
3037
3037
3037
3037
