-1
-1
-1
-1
-1
-1
-1
-1
-1
-1
-1
-1
-1
-1
-1
-1
-1
-1
-1
-1
-1
-1
-1
-1
-1
-1
-1
-1
-1
-1
-1
-1
-1
-1
-1
-1
-1
-1
-1
-1
-1
-1
-1
-1
-1
-1
-1
-1
-1
-1
-1
-1
-1
-1
-1
-1
-1
-1
-1
-1
-1
136272
136272
135778
135778
134466
134466
130229
127775
127775
127775
120634
117876
117876
113529
113529
110261
110261
105812
105812
103737
102415
102040
102040
101857
101857
101857
99161
99161
98128
94684
94684
93621
91638
91638
91638
91328
91328
90243
90243
90243
90243
90243
90243
88731
88731
88731
88731
88731
88354
88354
87873
87873
87873
87873
87873
87873
87873
87873
87873
87873
87873
87873
85668
85668
83970
81899
81899
81260
81260
81260
81260
81260
81147
81147
81147
81147
81147
81147
81147
81147
81147
81147
81147
78732
77867
77867
76382
76382
76382
74840
70812
67849
67849
67849
67161
65912
65912
65083
64721
64721
62251
62251
62251
62251
59744
59744
59605
59605
59605
59605
59605
59558
59558
59558
59558
59558
59558
59558
59558
57617
56565
56565
56565
56303
51564
51564
51564
49020
47531
47531
47531
47531
47531
45509
45509
45030
45030
45030
45030
45030
45030
45030
45030
45030
45030
45030
44880
44880
44880
44880
44880
44880
44880
43344
43198
43198
43198
43198
43198
43198
43198
43198
43198
43198
43198
43198
43198
43198
43198
43198
43198
43198
43198
43198
43198
43198
42173
40892
40892
40892
40892
40892
40892
40892
40892
40892
40892
40892
40892
40862
40862
40862
40862
40862
40862
40862
40862
40305
40305
40305
40305
40305
40305
40305
39989
39989
39989
39741
39741
39741
39741
39741
39730
39730
39730
39730
39730
39730
39730
39730
39730
38898
38898
38898
38560
38560
38560
38560
38560
38560
38137
38137
38137
38137
38137
38137
38137
38137
38137
38137
38137
38057
38057
37565
37565
37565
37565
37565
37565
37565
37565
37565
37565
37565
37565
37565
37565
37565
36920
36920
36920
36920
36920
36920
36920
36920
36920
36920
36920
35084
35084
35084
33757
32947
32947
32947
32947
32947
32947
32947
32947
32947
32947
32947
31852
30470
30470
30470
30470
30470
29977
29977
29977
28886
28886
28886
28886
28886
28886
28886
28736
27965
27965
27965
27965
27604
27604
27604
27604
27604
27604
27604
27604
27604
27604
27604
27604
27604
27604
27604
27604
27604
27604
27604
27604
27604
27604
27604
27604
27604
27604
27604
27604
27604
27604
27604
27604
27604
27604
27604
27604
26570
26570
26570
26570
26570
26570
26570
26570
26570
26570
26570
25802
25802
25802
25802
25802
25454
25454
25454
25454
25454
25380
25380
25380
25380
25380
25030
25030
25030
25030
25030
25030
25030
25030
25030
25030
25030
25030
24796
24796
24796
24796
24796
23926
23926
23926
23926
23926
23926
23926
23926
23926
23926
23926
23926
23926
23926
23926
23926
23598
23598
23598
23598
23598
23598
23598
23598
23598
23598
23598
23598
23061
23061
23061
23061
23061
23061
23061
23061
23061
23061
23061
23061
23061
23061
23061
23061
23061
23061
23061
22767
22767
22767
22767
22767
22767
22458
22458
22458
22458
22458
22458
22458
22458
22458
22458
22458
22458
22458
22432
22432
22432
22432
22432
22432
22432
22432
21732
21726
21726
21726
21726
21726
21726
21726
21726
21342
21342
21342
21320
21011
21011
21011
21011
21011
21011
21011
21011
21011
21011
21011
21011
20974
20881
20881
19997
19074
19074
19074
19074
19074
19074
19074
19074
19074
19074
19074
19074
18949
18949
18949
18949
18949
18949
18949
18949
18949
18649
18385
18385
18385
18385
18385
18385
18385
18311
18311
18311
18311
18311
18311
18311
18311
18311
18311
18311
18311
18311
18311
18311
18311
18311
18311
18311
18311
18311
18311
18311
18291
18291
18291
18291
18291
18291
18291
18291
18291
18291
18291
18291
18291
18291
17761
17761
17761
17761
17761
17761
17761
17761
17761
17761
17761
17761
17761
17761
17761
17761
17761
17761
17761
17761
17761
17761
17761
17761
17761
16714
16714
16714
16714
16714
16621
16621
16621
16621
16621
16621
15160
15160
15160
15160
15160
15160
15160
15160
15160
15160
15160
15160
15160
15160
15160
14484
14484
14484
14484
14484
14484
14484
14484
13489
13489
13489
13489
13489
13489
13489
13489
13489
13489
13489
13489
13489
13489
13489
13489
13470
13470
13470
13470
13470
13470
13470
13470
13470
13470
13470
13470
13470
13470
13470
13470
12855
12855
12855
12855
12855
12855
12855
12855
12855
12855
12618
12618
12618
12618
12618
12618
12618
12618
12618
12618
12618
12618
12618
12618
12618
12618
12486
12486
12486
12486
12486
12486
12486
12486
12168
12168
12168
12085
12085
12085
12085
12085
12085
12085
12085
12085
12085
12085
12085
12085
12085
12085
12085
11479
11479
11479
11479
11479
11479
11479
11479
11479
11479
11479
11479
11479
11479
11479
11479
11479
11479
10809
10809
10809
10809
10809
10809
10809
10809
10809
10809
10809
10809
10809
10809
10809
10809
10809
10809
10809
10809
10809
10809
10809
10809
10809
10809
10809
10809
10809
10809
10809
10809
10809
10809
10809
10809
10809
10734
10734
10734
10734
10734
10734
10734
10734
10405
10405
10405
10405
10405
10405
10405
10405
10405
9689
9689
9689
9689
9689
9689
9689
9689
9689
9689
9689
9689
9689
9689
9689
9689
9689
9689
9689
9689
9689
9689
9689
9689
9689
9689
9689
9689
9689
9689
9689
9689
9689
9689
9689
9689
9689
9689
9689
9689
9689
9689
9689
9689
9689
9689
9689
9689
9689
9689
9689
9689
9689
9689
9689
9689
9689
9689
9689
9689
9689
9689
9689
9689
9689
9689
9689
9689
9689
9601
9601
9601
9601
9601
9601
9601
9601
9601
9601
9601
9601
9601
9601
9601
9601
9601
9601
9601
9601
9601
9601
9601
9601
9601
9601
9601
9601
9601
9601
9601
9601
9601
9601
9601
9601
9601
9601
9601
9601
9601
9601
9601
9518
9518
9518
9518
9518
9518
9518
9518
9372
9372
9372
9372
9372
9372
9353
9353
9353
9353
9353
9353
9353
9353
9353
9353
9353
9353
9353
9353
9353
9353
9353
9353
9353
9353
9353
9353
9353
9353
9232
9232
9232
9232
9232
9232
9232
9232
9232
9232
9232
9232
9232
9232
9193
9193
9193
9193
9193
9193
9193
9193
9193
9193
9193
9193
9193
9193
9193
9193
9193
9193
9193
9193
9193
9193
9193
9193
9193
9193
9193
9193
9193
9193
8968
8968
8968
8968
8968
8968
8968
8614
8614
8614
8614
8614
8614
8614
8614
8614
8614
8614
8614
8614
8605
8605
8605
8605
8605
8605
8605
8605
8605
8605
8605
8605
8605
8605
8605
8605
8605
8605
8605
8605
8605
8605
8605
8605
8605
8605
8605
8605
8605
8605
8605
8605
8605
8285
8285
8285
8285
8285
8285
8285
8285
8285
8285
8285
8285
8285
8285
8285
8285
8285
8285
8285
8285
8285
8285
8285
8285
8285
8285
8285
8285
8285
8285
8173
8173
8173
8173
8173
8173
8173
8173
8173
8173
8173
8173
8173
8173
8173
8173
8173
8173
8173
8173
8173
8173
8173
8173
8173
8173
8173
8173
8173
8173
8173
8173
8173
8173
8173
8173
8173
8173
8173
8173
8173
8173
8173
8173
8173
8173
8173
8173
8173
8173
8173
8173
8173
8173
8173
8173
8173
8173
8173
8173
8173
8173
8173
8173
8173
8173
8173
8173
8173
8173
8173
8173
8173
8173
8173
8173
8173
8173
8173
8173
8173
8173
8173
8173
8173
8173
8173
8173
8173
8173
8173
8173
8173
8173
8173
8173
8173
8173
8173
8173
8173
8173
8173
8173
8173
8173
8173
8173
8173
8173
8173
8173
8173
8173
8173
8173
8173
8173
8173
8173
8173
8173
8173
8173
8173
8173
8173
8173
8173
8172
8172
8172
8172
8172
8172
8172
8172
8172
8172
8172
8172
8172
8172
8172
8172
8172
8172
8172
8172
8172
8172
8172
8172
8172
7830
7830
7830
7830
7830
7830
7830
7830
7830
7830
7830
7830
7830
7830
7830
7830
7830
7830
7830
7830
7830
7830
7830
7830
7830
7830
7830
7830
7830
7830
7830
7830
7830
7830
7830
7830
7830
7830
7830
7830
7830
7830
7830
7830
7830
7830
7830
7830
7830
7830
7830
7830
7830
7830
7830
7830
7830
7830
7830
7830
7830
7830
7830
7830
7830
7830
7830
7830
7830
7830
7830
7830
7830
7830
7830
7830
7830
7830
7830
7830
7830
7830
7830
7830
7700
7700
7700
7700
7700
7700
7700
7700
7700
7700
7700
7700
7368
7368
7368
7368
7368
7368
7368
7368
7368
7368
7368
7368
7368
7368
7368
7368
7368
7368
7368
7368
7368
7368
7368
7368
7368
7368
7368
7368
7368
7368
7368
7368
7368
7368
7368
7368
7368
7368
7368
7368
7368
7368
7368
7368
7368
7173
7173
7173
7173
7173
7173
7173
7173
7173
7173
7173
7173
7173
7173
7173
7173
7173
7173
7173
7173
7173
7173
7173
7173
7173
7173
7173
7173
7173
7173
7173
7173
7173
7173
7173
7173
7173
7173
7173
7173
6720
6666
6666
6666
6615
6615
6615
6615
6615
6615
6615
6615
6615
6615
6615
6615
6615
6615
6615
6615
6615
6615
6615
6615
6615
6615
6615
6615
6615
6615
6615
6615
6615
6615
6615
6615
6615
6615
6615
6615
6615
6615
6615
6615
6615
6615
6553
6553
6553
6553
6518
6518
6518
6518
6518
6518
6518
6518
6344
6344
6344
6344
6344
6344
6344
6344
6344
6344
6344
6344
6344
6344
6344
6344
6344
6344
6344
6344
6344
6344
6344
6344
6344
6344
6344
6344
6344
6344
6344
6344
6344
6344
6344
6057
6057
6057
6057
6057
6057
6057
6057
6057
6057
6057
6057
6057
6057
6057
6057
6057
6057
5873
5873
5873
5873
5873
5873
5873
5873
5873
5873
5873
5873
5873
5873
5873
5873
5873
5873
5873
5873
5873
5873
5873
5873
5873
5873
5873
5873
5873
5873
5873
5873
5873
5873
5873
5873
5873
5873
5873
5873
5873
5873
5873
5873
5873
5873
5873
5873
5873
5873
5628
5628
5628
5628
5628
5628
5628
5628
5628
5628
5628
5628
5628
5628
5628
5628
5628
5628
5628
5628
5628
5628
5628
5628
5628
5628
5628
5628
5628
5628
5628
5628
5628
5628
5628
5628
5628
5628
5628
5628
5628
5628
5628
5628
5628
5628
5628
5628
5628
5628
5628
5628
5628
5628
5628
5628
5628
5628
5628
5628
5628
5628
5628
5628
5628
5628
5628
5628
5628
5628
5628
5628
5628
5628
5628
5628
5628
5628
5628
5628
5628
5628
5628
5628
5628
5628
5628
5628
5628
5628
5628
5628
5628
5628
5628
5628
5628
5628
5628
5628
5628
5628
5628
5628
5628
5628
5628
5628
5628
5628
5628
5628
5628
5628
5628
5628
5628
5628
5628
5628
5628
5628
5588
5588
5588
5588
5588
5588
5588
5588
5588
5588
5588
5588
5588
5588
5588
5588
5588
5588
5588
5588
5588
5588
5588
5588
5588
5588
5588
5588
5588
5588
5588
5588
5588
5588
5588
5588
5588
5588
5588
5588
5588
5588
5588
5588
5588
5588
5588
5588
5588
5588
5588
5588
5588
5588
5588
5588
5588
5588
5588
5588
5588
5588
5588
5588
5588
5588
5588
5588
5588
5588
5588
5588
5588
5588
5588
5588
5467
5467
5467
5467
5467
5467
5467
5467
5467
5467
5467
5467
5467
5467
5467
5467
5467
5467
5467
5467
5467
5467
5467
5467
5467
5467
5467
5467
5467
5467
5467
5467
5467
5467
5467
5467
5467
5467
5467
5467
5467
5467
5467
5467
5467
5467
5467
5467
5467
5467
5467
5467
5467
5467
5467
5467
5467
5467
5467
5467
5467
5467
5467
5467
5467
5467
5467
5467
5467
5256
5256
5256
5256
5256
5256
5256
5256
5256
5256
5256
5256
5256
5256
5256
5256
5256
5256
5256
5256
5256
5256
5256
5256
5256
5256
5256
5256
5256
5256
5256
5256
5256
5256
5256
5256
5256
5256
5256
5256
5256
5256
5256
5256
5256
5256
5256
5256
5256
5256
5256
5256
5256
5256
5256
5256
5256
5256
5256
5256
5256
5256
5256
5256
5256
5256
5256
5256
5256
5256
5256
5256
5256
5256
5256
5256
5256
5256
5256
5256
5256
5256
5256
5256
5256
5256
5256
5256
5256
5256
5256
5256
5256
5256
5256
5256
5256
5256
5256
5256
5256
5256
5256
5256
5256
5256
5256
5256
5256
5256
5256
5256
5256
5256
5256
5256
5256
5256
5256
5256
5256
5256
5256
5256
5256
5256
5256
5256
5256
5256
5256
5256
5256
5256
5256
5256
5256
5256
5256
5256
5256
5256
5256
5256
5256
5256
5256
5256
5256
5256
5256
5256
5256
5256
5256
5256
5256
5256
5256
5256
5256
5256
5256
5256
5256
5161
5161
5161
5161
5161
5161
5161
5161
5161
5161
5161
5161
5161
5161
5161
5161
5161
5161
5161
5161
5161
5161
5161
5161
5161
5161
5161
5161
5161
5161
5161
5161
5161
5161
5161
5161
5161
5161
5161
5161
5161
5161
5161
5161
5161
5161
5161
5161
5161
5161
5161
5161
5161
5161
5161
5161
5161
5161
5161
5161
5161
5161
5161
5161
5161
5161
5161
5161
5161
5161
5161
5161
5161
5161
5161
5161
5161
5161
5161
5161
5161
5161
5148
5148
5148
5148
5148
5148
5148
5148
5148
5148
5148
5148
5148
5148
5148
5148
5148
5148
5148
5148
5096
5096
5096
5096
5096
5096
5096
5096
5096
5096
5096
5096
5096
5096
5096
5096
5096
5096
5058
5058
5058
5058
5058
5058
5058
5058
5058
5058
5058
5058
5058
5058
5058
5058
5058
5058
5058
5058
5058
5058
5058
5058
5058
5058
5058
5058
5058
5058
5058
5058
5058
5058
5058
5058
5058
5058
5058
5058
5058
5058
5058
5058
5058
5058
5058
5058
5058
5058
5058
5058
5058
5058
5058
5058
5058
5058
5013
5013
5013
5013
5013
5013
5013
5013
5013
5013
5013
5013
5013
5013
5013
5013
5013
5013
5013
5013
5013
5013
5013
5013
5013
5013
5013
4893
4893
4683
4683
4683
4683
4683
4683
4683
4683
4683
4683
4683
4683
4683
4683
4683
4683
4683
4683
4683
4683
4683
4683
4683
4683
4683
4683
4683
4683
4683
4683
4683
4683
4683
4683
4683
4683
4683
4683
4683
4683
4683
4683
4683
4683
4683
4683
4683
4683
4683
4683
4683
4683
4683
4683
4683
4683
4683
4683
4683
4683
4683
4683
4683
4683
4683
4683
4683
4683
4683
4683
4683
4683
4683
4683
4683
4683
4683
4683
4683
4683
4683
4683
4683
4683
4683
4683
4683
4683
4683
4683
4683
4683
4683
4683
4683
4683
4683
4683
4683
4683
4683
4683
4683
4683
4683
4683
4683
4683
4683
4683
4683
4683
4683
4683
4683
4683
4683
4683
4683
4683
4683
4683
4683
4683
4683
4683
4683
4683
4683
4683
4683
4683
4683
4683
4683
4683
4683
4683
4683
4683
4683
4683
4683
4683
4683
4683
4683
4683
4683
4683
4683
4683
4683
4683
4683
4683
4683
4683
4683
4683
4683
4683
4683
4683
4683
4683
4683
4683
4683
4683
4683
4683
4683
4683
4683
4683
4683
4683
4683
4683
4683
4683
4683
4683
4683
4683
4683
4683
4683
4683
4683
4683
4683
4683
4683
4683
4683
4683
4683
4683
4683
4683
4683
4683
4683
4683
4683
4683
4683
4683
4683
4683
4683
4683
4683
4683
4683
4683
4683
4683
4683
4683
4683
4683
4683
4683
4683
4683
4683
4683
4683
4683
4683
4683
4683
4683
4683
4683
4683
4683
4683
4683
4683
4683
4683
4683
4683
4683
4683
4683
4683
4683
4683
4683
4683
4683
4683
4683
4683
4683
4683
4683
4683
4683
4683
4683
4683
4683
4683
4683
4683
4683
4683
4683
4683
4683
4683
4683
4683
4683
4683
4683
4683
4683
4683
4683
4683
4683
4683
4683
4683
4683
4683
4683
4683
4683
4683
4683
4683
4683
4683
4683
4683
4683
4683
4683
4683
4683
4683
4683
4683
4683
4683
4683
4683
4683
4683
4683
4683
4683
4683
4683
4683
4683
4683
4683
4683
4683
4683
4683
4683
4683
4683
4683
4683
4683
4683
4683
4683
4683
4683
4683
4683
4683
4683
4683
4683
4683
4683
4683
4683
4683
4683
4683
4683
4683
4683
4683
4683
4683
4683
4683
4683
4683
4683
4683
4683
4683
4683
4683
4683
4683
4683
4683
4683
4683
4683
4683
4683
4683
4683
4683
4683
4683
4683
4683
4683
4683
4639
4639
4639
4639
4639
4639
4639
4639
4639
4639
4639
4639
4639
4639
4639
4639
4639
4639
4639
4639
4639
4639
4639
4639
4538
4538
4538
4538
4538
4538
4538
4538
4538
4538
4538
4538
4538
4538
4538
4538
4538
4538
4538
4538
4538
4538
4538
4538
4538
4538
4538
4538
4538
4538
4538
4538
4538
4538
4538
4538
4538
4538
4538
4538
4538
4538
4538
4538
4538
4538
4538
4538
4538
4538
4538
4538
4538
4538
4538
4538
4538
4538
4534
4534
4534
4534
4534
4534
4534
4534
4534
4534
4534
4534
4534
4534
4534
4534
4534
4534
4534
4534
4534
4534
4534
4534
4454
4454
4454
4454
4454
4454
4454
4454
4454
4454
4454
4454
4454
4454
4454
4454
4454
4346
4346
4346
4346
4346
4346
4346
4346
4346
4346
4346
4346
4346
4346
4346
4346
4346
4346
4346
4346
4346
4346
4346
4346
4346
4346
4346
4346
4346
4346
4346
4346
4346
4346
4346
4346
4346
4346
4346
4346
4346
4346
4346
4346
4346
4346
4346
4346
4346
4346
4346
4346
4346
4346
4346
4346
4346
4346
4346
4346
4346
4346
4346
4346
4346
4346
4346
4346
4346
4346
4346
4346
4346
4346
4346
4346
4346
4346
4346
4346
4346
4346
4346
4346
4346
4346
4346
4346
4346
4346
4346
4346
4346
4346
4346
4346
4346
4346
4346
4346
4280
4280
4280
4280
4280
4280
4280
4280
4280
4280
4280
4280
4280
4280
4280
4280
4280
4280
4280
4280
4280
4280
4280
4280
4280
4280
4280
4280
4280
4280
4280
4280
4280
4280
4280
4280
4280
4280
4280
4280
4280
4280
4280
4280
4280
4280
4280
4280
4280
4280
4248
4248
4248
4248
4248
4248
4248
4248
4248
4248
4248
4248
4248
4248
4248
4248
4248
4248
4248
4248
4248
4248
4248
4248
4248
4248
4248
4248
4248
4248
4248
4248
4248
4248
4248
4248
4248
4082
4082
4082
4082
4082
4082
4082
4082
4082
4082
4082
4082
4082
4082
4082
4082
4082
4082
4082
4082
4082
4082
4082
4082
4082
3970
3970
3970
3970
3970
3970
3970
3970
3970
3970
3970
3970
3738
3738
3738
3738
3738
3738
3738
3738
3738
3738
3738
3738
3738
3563
3563
3563
3563
3563
3563
3425
3425
3425
3425
